0
1
2
3
4
4
5
6
7
8
9
6
10
11
12
13
14
15
16
0
17
18
18
19
20
21
22
8
0
23
24
25
26
26
8
14
14
27
28
1
15
22
29
30
31
32
33
18
33
34
35
36
37
38
21
5
39
9
40
14
41
42
43
44
22
45
5
32
32
46
47
48
49
15
50
27
46
21
51
8
5
52
53
52
16
12
3
54
55
27
51
9
56
57
58
26
12
59
24
60
61
62
63
41
10
21
2
64
65
66
22
67
68
20
69
69
9
70
43
71
14
42
72
70
14
22
51
72
22
60
73
70
74
70
35
65
8
75
73
14
76
24
56
0
77
27
41
50
47
78
79
51
3
80
81
82
14
32
15
57
75
63
83
84
22
15
85
71
85
7
52
4
86
87
55
36
27
26
19
63
12
70
88
14
89
71
48
12
90
4
35
1
48
91
18
29
92
6
41
21
90
51
93
60
37
94
95
96
4
97
78
22
98
99
62
100
72
101
102
22
27
103
104
100
60
105
60
21
21
73
18
106
18
42
65
107
102
108
109
35
0
16
78
14
43
14
20
110
85
111
1
75
10
112
75
66
9
47
54
20
7
70
95
9
78
55
42
58
105
14
28
58
113
59
23
114
115
87
42
14
16
52
1
4
32
116
1
4
117
118
119
120
55
4
121
36
10
66
57
42
122
123
124
1
63
99
22
64
125
59
119
47
126
127
55
18
92
100
101
3
128
128
60
129
59
130
131
73
58
48
97
122
5
122
120
4
15
48
12
5
85
22
63
73
9
132
99
120
122
133
14
48
134
133
122
3
78
96
58
135
41
3
0
36
136
137
50
58
138
139
42
44
140
107
120
141
59
50
142
105
143
75
41
1
144
42
23
57
66
100
145
146
147
7
12
7
148
73
21
47
51
149
107
9
102
4
150
56
3
151
152
153
4
14
29
100
47
20
18
65
4
78
19
65
154
155
156
157
90
119
12
0
22
158
159
160
36
58
56
70
4
161
22
14
119
22
26
162
163
105
26
26
60
90
107
8
99
6
29
36
53
0
78
163
164
19
14
3
18
165
4
22
1
133
102
50
60
5
0
37
6
147
14
36
93
64
21
166
26
51
95
14
167
64
88
168
51
133
169
21
163
102
21
170
95
171
99
2
172
57
23
19
100
72
14
14
6
163
60
173
133
36
89
18
65
0
42
80
62
77
75
70
24
21
6
99
174
175
176
90
42
3
14
118
14
77
73
21
35
77
35
5
14
27
99
160
51
177
36
87
27
159
178
23
33
14
95
0
6
120
80
60
8
52
72
0
179
180
71
107
181
0
6
51
14
78
27
182
51
20
109
72
8
47
80
90
37
66
2
183
90
84
14
57
90
90
27
50
60
107
35
41
147
55
99
8
69
22
184
185
52
5
186
187
105
95
37
105
8
62
37
5
119
120
188
29
55
189
14
8
43
90
21
63
95
95
3
7
26
158
117
133
71
19
8
95
41
36
62
14
102
190
18
90
1
29
120
120
18
122
95
15
4
27
9
122
153
119
6
6
92
24
85
65
48
14
54
107
191
25
192
24
71
55
59
65
111
193
194
55
36
36
195
21
21
133
44
52
24
92
71
23
196
60
85
4
26
43
2
71
72
21
36
21
57
17
43
77
73
60
78
41
77
197
51
42
26
90
153
133
10
5
43
42
198
199
21
103
42
117
21
41
54
105
5
70
19
200
189
201
107
73
1
41
52
6
202
51
16
103
83
102
23
75
29
21
6
36
203
35
37
42
42
204
205
4
51
153
206
153
207
105
99
112
17
208
69
36
51
71
12
78
4
119
15
8
48
2
78
17
41
60
80
41
84
52
42
85
37
209
210
113
42
211
5
85
102
26
14
48
57
6
8
8
29
71
212
213
119
214
147
115
215
35
122
146
121
1
14
22
14
26
102
216
6
26
75
27
0
3
217
171
75
18
92
21
58
88
66
7
95
73
102
6
66
22
4
18
71
78
27
85
102
37
107
59
9
218
65
73
58
63
15
8
51
80
85
219
71
3
133
41
95
220
221
14
222
36
92
223
222
97
78
66
9
65
47
41
224
13
14
55
50
105
60
19
84
52
42
7
225
226
9
227
14
120
1
95
33
9
22
66
102
37
15
21
73
41
120
118
228
3
58
23
6
24
3
229
50
230
102
231
4
23
232
233
60
59
120
100
4
6
72
72
97
199
75
105
29
4
70
136
153
234
235
73
153
33
33
236
120
148
223
237
238
15
239
80
240
32
103
59
57
73
153
35
18
24
24
29
164
84
41
59
241
27
87
47
42
26
41
21
95
242
22
72
70
100
102
1
243
15
244
40
26
80
178
62
24
3
15
245
99
99
163
48
164
42
59
41
246
85
42
95
80
16
202
85
29
19
43
172
42
42
80
41
42
47
14
8
51
36
35
64
14
247
248
14
15
16
249
250
72
60
37
43
47
83
29
251
252
24
153
78
35
51
253
59
10
27
254
255
122
3
47
119
256
80
24
143
257
42
73
224
78
47
122
107
14
115
55
143
75
20
85
258
47
5
23
258
80
133
56
5
259
1
29
14
50
80
50
29
2
16
27
27
71
12
51
14
22
58
99
119
102
59
95
115
260
23
159
43
261
50
229
102
262
16
56
84
263
199
26
19
122
264
265
119
266
120
52
208
6
85
119
51
267
48
48
113
268
122
2
41
120
178
10
60
22
1
164
52
59
269
14
48
133
32
15
71
58
60
153
50
58
57
64
72
60
270
21
271
41
72
26
23
14
26
272
3
122
14
167
120
90
230
4
60
21
21
78
36
23
60
69
75
273
72
2
48
274
275
35
276
23
29
84
43
47
47
102
56
138
3
14
80
92
12
60
23
20
95
277
75
188
72
35
95
107
278
5
102
279
18
73
133
107
75
90
232
66
47
3
90
51
133
75
57
9
81
8
3
3
41
47
60
4
15
20
42
84
133
103
105
75
22
4
280
78
105
68
4
173
85
156
107
59
65
71
41
4
35
19
164
119
47
142
14
18
48
95
47
21
63
87
73
52
1
14
48
281
21
282
41
3
27
283
2
153
73
284
105
282
59
15
274
170
107
265
35
54
90
35
122
92
122
55
6
153
285
119
119
71
73
203
286
4
6
90
287
20
2
217
4
27
23
288
72
41
14
188
122
10
289
42
290
4
32
244
26
55
73
52
291
32
16
1
292
13
293
80
3
65
107
22
294
29
26
107
107
228
75
14
14
128
56
73
295
41
296
26
2
153
44
75
115
3
8
84
58
26
297
298
6
26
90
250
6
20
19
258
299
133
300
301
91
20
302
0
6
48
103
65
115
105
22
58
1
19
110
32
22
22
133
303
41
100
239
27
84
143
304
20
58
52
65
100
164
119
305
306
47
70
15
133
72
119
103
24
36
32
90
32
107
307
7
55
102
71
84
62
20
3
72
14
71
133
308
71
86
70
14
308
309
310
57
0
107
14
6
171
118
201
80
50
135
73
262
80
102
226
55
107
52
8
64
84
302
14
107
75
58
72
15
257
19
60
37
15
14
163
75
62
107
74
113
97
23
73
60
52
26
10
42
42
71
32
99
42
15
61
47
311
132
102
15
312
16
107
313
314
315
316
153
72
14
4
317
41
8
23
29
36
58
5
27
92
24
23
60
36
3
26
95
8
102
66
22
54
10
23
315
145
57
71
318
102
27
15
10
29
42
2
41
164
60
14
119
58
42
2
22
20
6
64
64
29
26
229
42
118
6
107
235
58
273
55
319
55
60
75
59
86
320
54
41
85
60
8
321
26
322
133
5
8
21
23
229
72
122
24
323
14
272
100
14
105
116
118
90
14
35
72
51
22
102
14
16
324
12
95
51
3
8
319
182
14
35
6
256
36
254
71
36
84
325
16
27
102
32
41
133
7
22
32
41
60
253
57
6
80
22
35
17
14
326
75
16
120
58
327
55
56
50
57
149
103
37
58
210
107
62
24
37
23
292
85
16
328
52
323
329
36
98
293
80
41
87
285
201
43
113
213
120
52
164
107
59
330
293
197
77
16
43
50
26
63
41
88
3
42
71
113
32
99
42
113
8
107
95
331
50
6
16
332
133
333
334
335
27
71
336
304
0
332
85
41
12
29
65
75
274
44
12
44
71
37
19
102
100
1
4
113
80
29
256
122
13
56
14
3
327
100
122
63
60
18
100
47
4
41
36
37
14
337
16
32
14
133
71
137
153
338
339
120
100
68
14
15
47
71
57
12
340
27
163
73
60
71
17
27
72
57
341
35
70
78
44
41
322
38
342
51
23
206
35
23
43
51
60
73
52
59
102
18
100
50
21
343
6
15
291
58
122
122
95
107
43
0
85
107
43
84
344
115
103
20
102
102
256
19
133
41
163
0
29
63
85
72
35
166
29
14
75
17
133
345
342
60
24
71
59
52
8
5
71
163
75
14
77
346
6
254
347
29
32
208
95
14
223
14
21
14
1
16
163
78
60
35
343
71
5
120
120
161
56
202
348
3
52
84
307
32
6
147
99
99
95
14
78
14
29
66
122
59
107
16
164
120
115
4
66
55
85
29
85
14
145
55
8
50
66
26
7
22
266
19
8
56
14
38
303
15
25
5
349
350
62
7
57
351
352
119
42
153
47
35
52
2
12
14
55
104
35
14
12
14
23
1
64
153
95
153
151
47
41
3
32
317
66
102
274
73
353
41
354
14
75
36
355
95
60
23
199
356
357
4
163
242
47
19
58
270
113
306
47
127
5
47
57
358
52
349
70
359
10
102
42
24
0
42
360
6
118
25
19
120
197
320
108
264
14
99
120
6
163
12
129
279
163
122
118
72
26
91
90
42
59
5
361
19
362
42
60
75
51
72
119
19
24
4
359
363
3
78
35
72
193
95
42
29
6
41
364
42
352
35
131
0
60
4
29
60
343
58
9
113
186
164
365
175
219
95
51
163
0
51
75
71
72
26
24
72
366
41
42
367
42
153
99
100
1
368
108
369
108
370
14
90
19
3
90
55
85
78
14
27
55
63
52
78
43
63
1
371
59
55
65
26
122
19
65
48
159
0
100
100
47
372
63
20
144
65
118
2
373
6
30
347
72
72
148
26
14
120
305
26
24
208
60
58
164
22
95
219
20
3
374
36
66
100
18
293
120
134
5
14
27
9
0
32
16
23
32
51
244
19
107
63
153
91
22
90
57
63
2
102
26
21
21
5
163
115
8
37
100
29
115
80
42
52
85
375
21
376
164
24
4
14
21
377
19
32
71
9
153
35
111
99
4
102
264
202
7
99
52
3
8
23
102
21
2
35
378
22
29
0
42
252
57
66
24
20
60
291
337
78
26
12
99
60
21
21
66
68
379
35
224
224
133
36
41
24
380
10
25
36
55
322
21
9
14
16
104
36
66
9
63
51
36
47
14
72
71
73
111
100
70
4
18
16
153
120
381
51
119
22
80
122
6
302
99
36
36
65
95
119
122
171
382
120
48
190
16
1
266
75
1
171
72
99
72
102
29
14
55
12
43
23
90
48
15
133
322
65
9
41
7
16
35
16
264
66
20
64
164
102
27
10
44
22
71
383
41
107
19
99
62
21
14
73
0
43
26
21
29
78
8
189
47
22
121
90
384
21
166
47
74
91
21
35
51
133
385
21
60
51
1
164
66
113
60
90
58
100
285
2
22
73
21
154
22
41
73
52
386
78
194
77
56
23
80
72
4
8
51
1
164
374
5
59
51
66
35
139
9
66
32
309
107
95
99
55
258
26
39
65
107
26
22
17
69
95
41
51
122
261
60
0
20
105
244
48
1
51
100
54
107
51
119
133
5
75
14
16
303
58
354
22
90
10
119
16
14
291
387
56
387
6
26
177
66
57
24
73
14
80
73
16
72
48
8
388
55
118
15
274
35
8
6
192
389
118
77
75
284
60
24
102
120
15
12
19
52
35
26
23
291
122
268
41
37
22
133
71
105
119
341
80
92
378
23
18
8
102
13
17
122
4
85
99
27
66
139
42
18
42
242
60
66
12
14
72
22
385
84
245
41
47
110
365
65
72
83
85
80
308
9
44
329
14
108
390
2
92
41
391
80
155
63
392
99
393
16
321
95
8
10
78
85
80
21
51
12
394
119
8
64
190
43
24
22
42
164
254
395
5
102
107
85
119
24
24
99
147
201
23
107
106
71
51
120
51
143
381
77
14
42
42
29
119
113
107
153
14
99
66
107
52
306
52
35
306
99
19
14
50
119
58
58
113
85
14
80
8
0
9
14
102
105
18
102
48
2
107
396
279
107
24
41
59
41
119
7
394
55
70
224
52
26
64
85
244
107
72
306
102
36
6
1
27
164
90
12
85
215
163
29
249
397
291
42
170
47
42
14
361
166
211
107
73
41
102
3
64
26
41
363
119
65
234
110
80
135
398
122
51
48
83
99
51
51
263
4
99
164
73
335
210
119
5
21
14
131
399
22
95
3
24
71
377
14
118
63
85
255
41
283
18
119
272
246
26
14
107
75
23
95
42
65
15
2
15
59
23
75
41
204
171
73
14
400
26
22
123
14
72
65
21
29
26
2
7
16
14
107
15
14
15
114
74
7
75
17
72
27
5
401
55
19
378
119
22
200
95
5
107
338
51
402
221
60
146
248
9
386
42
403
44
119
153
18
23
66
64
27
3
43
22
73
90
80
107
72
90
120
60
241
6
55
58
90
72
20
18
404
405
180
66
35
221
8
14
26
22
250
120
18
18
146
115
78
85
120
70
72
195
254
27
60
133
14
75
14
119
23
19
41
42
60
42
0
100
22
42
374
102
36
47
29
72
133
42
73
20
14
3
52
287
217
22
14
119
80
281
23
41
6
4
293
406
37
130
407
80
14
27
72
23
119
75
408
8
55
359
37
329
59
164
120
384
377
58
119
8
144
85
272
58
14
5
89
4
84
26
133
257
23
73
409
22
1
80
58
78
383
85
15
14
163
23
115
73
89
85
73
290
9
51
163
23
52
410
5
23
31
354
102
41
1
269
25
120
18
3
70
102
8
24
43
3
238
102
7
133
95
18
59
12
6
139
66
107
85
164
107
210
47
153
14
41
19
21
4
120
85
19
43
26
14
5
107
102
56
14
107
41
381
147
120
1
4
21
35
344
6
14
4
70
41
137
51
58
90
411
26
250
412
16
289
32
100
43
65
48
27
343
57
159
147
71
122
245
328
15
107
42
59
15
42
369
85
343
15
47
23
6
113
53
99
413
14
300
133
0
14
43
55
51
73
37
58
58
102
85
98
95
3
130
8
18
12
104
102
71
24
28
247
35
41
308
250
250
103
122
153
84
383
43
119
55
3
41
32
100
44
414
32
86
92
274
26
60
27
100
235
100
66
14
26
59
85
20
22
71
63
100
356
0
90
3
59
3
17
2
26
22
337
42
77
294
0
106
18
42
415
118
16
202
42
71
21
42
56
6
416
59
3
85
92
43
52
20
72
23
9
32
95
48
6
408
8
26
54
99
59
268
170
22
393
113
358
8
36
27
90
8
22
349
15
19
43
55
44
107
29
71
44
23
393
34
321
14
44
35
32
43
37
10
59
374
85
133
6
183
119
369
43
93
404
266
417
22
306
256
41
71
25
15
6
21
5
66
23
418
57
10
43
23
59
35
6
57
41
58
164
68
58
119
65
350
113
1
68
32
55
42
27
102
133
262
52
73
41
130
151
113
118
10
419
371
21
17
163
154
51
118
119
85
4
54
22
202
420
164
72
107
41
153
136
95
2
58
119
421
421
122
267
422
122
63
85
376
2
66
20
2
411
257
58
15
2
55
85
5
63
7
59
6
35
122
19
423
64
23
8
64
27
9
119
374
90
97
305
80
2
163
85
58
42
170
66
32
164
100
75
80
84
10
5
22
44
120
6
316
60
80
119
424
95
14
7
57
293
95
119
73
71
60
102
322
90
8
17
72
6
72
43
42
58
100
78
1
74
425
105
426
26
153
29
7
75
138
22
65
36
73
66
37
99
55
269
10
369
179
42
119
60
51
32
57
74
113
73
99
55
57
21
2
35
57
55
66
427
73
99
0
50
14
50
51
329
29
264
10
9
216
99
75
69
125
99
23
118
396
22
428
275
102
42
80
95
110
99
23
429
7
73
119
72
3
52
44
20
23
107
49
152
35
148
120
23
384
172
29
36
17
24
260
4
147
18
143
60
126
95
15
66
51
22
95
334
12
72
129
27
119
85
6
1
397
430
1
421
5
277
15
95
18
14
120
51
41
5
21
6
58
150
22
427
122
133
352
313
385
258
42
36
390
383
20
27
162
119
95
42
133
99
6
20
26
31
42
56
0
26
147
297
48
43
20
60
29
264
7
51
105
0
115
153
107
16
14
61
336
102
102
5
2
25
26
71
119
6
257
112
122
73
147
66
15
73
59
0
113
66
431
60
12
57
35
21
69
133
20
192
0
287
60
133
12
133
339
47
6
16
119
37
41
99
119
60
133
58
432
159
56
120
95
29
21
85
35
32
65
239
14
21
21
163
29
105
47
119
41
227
24
29
2
15
66
23
75
2
4
60
8
80
35
433
47
60
66
7
9
163
90
56
66
207
9
52
35
100
63
19
106
70
373
389
44
12
382
14
12
58
54
120
2
95
55
434
75
5
377
399
80
24
63
70
48
36
231
35
48
220
165
358
100
9
295
18
20
73
324
133
225
33
330
41
55
5
164
91
377
63
72
113
59
93
59
21
52
1
365
435
41
191
51
99
95
36
51
318
17
43
23
198
63
148
72
19
275
80
48
29
103
280
392
72
62
18
203
41
84
43
58
22
82
3
71
319
379
102
426
95
63
3
380
65
21
59
168
32
268
32
55
58
85
90
66
26
256
18
71
41
60
107
196
28
5
6
314
3
132
5
55
48
41
90
70
15
51
19
42
56
258
8
52
65
99
105
56
55
310
3
428
21
107
27
52
52
51
64
160
4
321
29
122
104
167
60
36
15
15
14
59
3
14
14
59
73
28
85
19
26
348
27
52
212
75
1
95
417
133
80
77
32
5
133
165
37
50
75
70
66
420
35
47
26
6
405
56
14
51
15
15
48
21
52
306
95
24
436
24
90
399
414
4
2
210
15
5
16
224
95
26
14
174
19
312
19
422
229
276
419
14
437
66
95
299
26
14
45
29
2
85
51
77
374
21
12
57
9
14
107
21
170
163
208
423
423
24
5
41
14
66
12
57
395
344
26
14
105
55
95
104
16
6
284
75
133
32
102
27
105
66
331
262
63
52
95
107
20
133
3
69
163
18
8
1
142
80
37
6
8
161
41
4
24
80
75
345
12
70
23
177
311
8
77
102
102
97
29
122
4
310
54
147
120
84
52
95
224
52
95
113
105
85
7
100
99
376
24
41
6
52
60
76
100
26
0
41
91
65
72
18
32
271
55
58
21
59
432
416
58
27
26
55
70
84
26
14
0
363
105
43
201
3
41
120
362
35
153
22
22
2
37
19
59
75
48
66
20
77
148
193
76
183
69
2
48
75
92
169
85
51
51
72
435
65
72
59
77
100
77
35
403
164
41
29
253
387
104
429
70
85
1
14
62
21
199
5
191
36
0
291
80
102
92
14
55
14
1
77
368
29
72
113
151
102
5
27
55
59
37
4
15
187
328
82
22
44
107
110
360
6
8
14
34
16
100
233
71
65
41
415
24
8
21
95
51
107
208
52
107
344
321
26
6
218
27
164
367
66
21
260
326
14
107
119
22
103
347
35
36
21
235
85
376
4
43
259
118
16
41
14
5
36
243
73
122
65
319
122
16
65
14
15
21
19
107
85
5
20
71
399
1
351
32
20
346
6
92
65
77
48
27
26
55
73
133
204
20
94
79
122
24
120
95
5
60
1
113
60
14
72
3
14
360
41
60
122
186
26
3
100
120
120
159
95
72
14
0
23
65
206
8
83
58
105
18
27
90
2
51
65
119
115
26
59
63
51
1
9
240
100
64
64
288
0
14
436
85
19
48
29
71
75
41
3
15
60
35
2
99
264
14
66
107
120
0
18
51
72
63
6
99
139
267
0
70
95
105
50
73
14
119
63
26
29
59
23
27
37
60
85
80
147
14
58
53
2
4
51
14
95
15
314
5
113
70
201
295
26
50
145
424
14
6
84
22
50
99
6
42
133
1
7
66
64
43
80
107
163
10
21
14
55
55
26
22
164
425
5
291
353
43
52
17
6
85
8
295
21
47
22
22
36
85
41
41
74
54
88
8
122
118
12
5
2
150
85
47
133
65
15
75
59
412
50
16
16
10
47
26
92
164
24
35
16
19
102
107
438
14
90
35
0
119
9
95
2
16
29
43
105
15
161
82
2
437
6
163
133
85
66
293
57
24
23
135
4
91
10
7
398
183
12
1
115
75
32
265
21
130
130
113
7
90
57
366
26
52
439
404
11
41
14
195
0
29
4
26
293
59
372
41
26
59
73
75
8
105
14
15
52
10
8
70
6
26
31
50
42
153
70
164
90
99
66
59
15
124
41
2
103
145
52
85
70
27
120
164
153
410
45
431
51
8
41
388
438
64
3
4
1
66
388
64
72
19
122
286
16
26
6
411
24
66
90
54
113
51
90
32
8
181
95
63
64
74
41
52
163
48
35
149
59
120
118
22
41
4
15
85
22
105
122
440
75
60
14
439
6
29
26
306
182
51
209
35
32
440
6
14
43
63
201
6
313
4
42
140
32
122
60
54
50
164
408
71
47
308
52
441
5
21
66
1
6
237
357
59
0
236
6
120
47
361
41
416
60
3
22
47
5
41
95
37
66
176
23
44
14
278
12
9
80
80
80
117
21
90
3
5
72
256
75
22
22
72
22
99
102
21
6
22
23
214
1
66
308
84
17
122
50
47
119
21
114
281
26
65
364
21
3
26
84
55
77
70
85
282
14
77
201
77
9
293
355
164
47
55
205
100
2
14
37
12
120
103
50
77
311
251
0
119
14
102
0
47
60
371
14
308
442
119
442
15
99
71
20
151
38
85
391
118
62
89
35
56
5
413
56
164
26
131
44
4
64
170
119
24
47
15
434
41
400
102
60
3
374
6
405
52
59
52
163
297
375
15
296
70
223
23
133
21
12
171
65
153
72
66
26
10
433
66
374
37
333
70
55
107
157
73
63
26
52
55
28
4
18
37
9
62
4
41
102
119
355
63
42
406
65
119
18
102
1
85
94
2
298
47
4
60
4
8
4
185
90
164
50
172
73
9
107
4
24
1
113
58
423
19
84
2
51
72
95
113
72
1
129
44
36
92
4
1
21
92
58
36
74
171
105
71
3
14
26
64
36
37
3
14
237
244
69
60
2
65
27
163
133
27
266
78
324
57
0
332
331
0
19
65
0
37
235
12
430
133
147
163
60
84
238
381
119
23
119
14
80
105
23
65
85
100
47
15
27
269
42
2
340
32
14
120
71
181
105
402
35
122
51
69
6
80
15
402
14
73
149
72
232
80
153
184
122
269
71
58
441
32
71
19
107
80
381
15
47
133
32
370
63
17
29
14
65
22
120
21
365
164
119
21
325
19
70
269
42
415
19
418
122
18
141
14
33
4
6
26
63
27
85
107
443
16
15
4
85
5
244
100
6
293
0
58
110
41
5
105
48
401
85
113
407
35
5
32
58
48
6
67
59
120
41
59
392
13
390
29
51
60
14
15
26
41
12
59
52
153
58
443
309
52
72
73
102
120
60
42
164
99
2
99
73
24
163
8
44
92
59
409
91
90
423
100
78
295
60
17
301
65
99
274
264
21
17
58
433
9
73
36
57
63
72
6
169
47
51
92
30
