0
0
0
1
2
0
3
0
4
0
0
0
0
0
0
0
0
0
0
5
0
0
0
6
0
0
0
0
0
0
0
0
0
7
8
0
9
0
0
0
0
0
7
0
0
0
0
10
0
11
0
0
11
0
0
0
0
9
12
0
0
4
0
0
0
0
0
0
0
0
13
13
0
0
0
0
0
0
2
0
0
12
0
0
0
0
0
0
0
3
14
4
0
0
0
3
0
13
0
0
0
0
0
0
0
0
0
15
9
0
4
0
5
0
0
0
0
0
0
0
0
0
0
0
6
0
0
9
0
0
0
0
0
0
0
9
16
0
5
9
0
0
0
0
0
14
0
3
0
0
0
0
2
0
3
6
0
6
0
9
0
0
0
0
0
0
8
0
0
0
0
17
0
8
5
0
0
0
0
14
0
2
13
0
9
0
0
0
0
0
0
0
11
4
0
2
0
9
8
0
0
4
8
0
0
11
0
0
0
0
0
0
0
0
0
0
0
0
2
3
0
0
0
0
0
0
0
0
1
0
13
0
0
18
0
0
0
0
0
0
0
11
0
0
19
4
0
0
0
0
0
9
0
13
0
11
18
0
0
4
0
0
0
0
4
0
0
0
0
12
0
0
0
2
0
2
0
0
0
0
0
9
19
1
9
0
12
0
0
5
0
0
0
5
0
0
0
0
0
0
0
10
0
0
0
0
2
13
0
9
0
0
0
0
0
0
0
0
0
3
9
0
0
0
10
0
0
3
2
0
0
0
0
0
0
0
0
0
0
0
0
0
0
0
0
0
0
0
20
20
21
8
20
20
20
20
22
20
23
20
20
20
20
24
8
20
20
20
20
20
20
20
20
20
20
20
20
25
20
20
20
20
20
25
21
20
26
25
20
20
20
20
20
8
20
20
20
20
20
8
20
26
20
20
20
20
20
20
20
20
20
22
20
20
27
20
20
20
20
20
20
20
27
20
20
20
20
21
28
20
20
20
20
20
20
20
20
20
20
20
20
8
20
20
20
20
20
29
20
20
20
20
20
20
8
20
20
20
20
20
20
20
20
20
21
20
20
20
20
20
20
20
22
20
20
20
8
20
20
20
20
20
20
15
20
20
20
20
20
20
20
20
20
20
20
20
20
20
22
20
20
8
20
20
20
20
20
20
20
20
20
20
20
20
20
20
20
20
20
20
20
20
20
20
20
20
20
20
20
20
20
20
26
22
20
20
20
20
20
20
20
20
20
20
20
20
20
20
20
8
30
20
21
20
20
20
20
20
20
20
20
20
20
20
8
20
20
20
20
20
20
20
20
27
27
27
31
31
31
27
24
32
31
31
27
33
34
34
27
27
27
20
27
20
28
31
27
27
27
31
31
27
35
27
20
27
15
36
37
27
20
27
27
38
20
31
27
27
27
27
27
27
27
27
39
27
27
31
31
15
27
27
31
27
34
31
27
15
40
27
31
15
32
31
27
34
34
31
27
8
31
34
20
27
27
27
24
27
31
31
27
31
31
27
27
31
27
28
41
20
31
20
27
20
42
31
20
27
27
27
27
31
27
20
27
27
43
43
43
43
43
43
44
43
43
43
43
43
45
43
43
43
43
43
43
43
43
43
46
43
43
43
43
43
43
43
43
47
43
43
43
43
43
43
43
43
43
43
43
48
43
43
43
43
43
46
43
43
43
43
43
43
43
43
43
43
43
43
43
49
43
43
43
46
43
43
43
49
43
43
43
43
43
43
43
43
43
43
43
46
43
43
43
43
43
49
45
43
43
43
43
43
43
43
43
43
43
43
43
43
43
43
43
43
43
43
43
43
47
43
43
50
43
43
48
43
43
43
43
43
43
46
43
43
43
43
43
43
43
43
43
43
43
43
43
51
43
43
43
43
43
43
43
43
43
43
43
43
43
43
43
43
43
43
43
43
43
43
43
43
43
43
47
43
43
47
51
52
53
45
54
48
52
48
51
52
53
45
52
46
53
53
45
45
45
55
48
45
48
53
43
53
48
56
51
45
48
45
48
48
46
57
58
51
53
53
15
15
15
59
15
60
15
60
17
15
15
15
15
61
62
15
62
15
15
15
15
15
15
15
15
15
15
15
15
15
15
15
15
15
15
15
15
15
15
15
15
15
60
15
15
15
15
15
15
15
15
15
15
15
15
15
15
15
15
61
63
15
60
15
15
15
15
60
15
15
15
15
64
15
15
15
15
15
15
15
15
15
15
63
15
15
15
15
15
15
15
63
15
15
65
15
60
15
15
15
15
15
15
15
15
15
66
15
15
15
15
15
15
15
15
15
15
15
15
15
63
15
15
15
15
15
27
15
59
15
15
67
15
15
61
68
15
15
15
15
15
15
15
15
15
15
15
61
15
61
69
15
15
15
68
15
15
63
15
68
15
63
15
15
15
15
63
15
15
70
15
15
15
15
15
71
15
15
15
15
15
71
15
15
15
15
15
15
15
72
15
15
15
15
15
67
15
15
15
15
15
60
15
15
15
15
15
15
15
66
15
15
15
15
64
61
15
15
15
15
15
15
60
15
15
15
15
15
15
15
15
15
15
15
15
15
15
59
15
15
15
60
63
15
15
15
15
15
15
15
15
15
15
15
15
15
15
15
15
15
15
15
15
15
15
15
15
15
15
15
15
15
15
15
15
15
15
15
15
15
15
63
15
15
15
15
15
15
15
15
60
15
15
15
15
15
15
15
69
15
15
61
15
15
71
15
71
15
15
15
15
15
66
15
15
15
15
15
73
15
60
15
63
15
15
15
15
15
17
15
15
15
15
15
15
15
60
27
15
15
15
15
15
15
15
15
15
15
15
15
15
15
15
15
15
15
61
71
61
15
15
15
15
15
15
15
15
15
15
15
68
15
71
15
64
15
15
15
15
15
15
15
15
15
15
15
15
15
15
15
15
15
15
15
15
15
15
15
15
15
15
17
15
15
15
15
15
15
15
15
15
15
15
15
15
15
15
15
60
15
15
15
15
60
15
15
15
15
15
15
71
15
15
15
15
15
15
60
15
15
15
15
15
15
15
15
15
15
15
15
15
15
15
15
15
15
15
15
15
15
15
15
15
15
15
15
15
60
15
15
15
15
61
15
15
60
15
15
15
15
15
15
60
15
15
15
15
15
61
15
15
17
15
15
15
15
15
15
15
15
15
15
15
15
15
15
15
63
15
68
15
15
15
15
15
15
15
15
15
15
15
15
15
15
15
15
62
15
60
15
15
15
15
15
15
68
15
15
68
15
15
15
15
15
15
68
59
15
15
15
15
15
15
15
65
15
60
15
15
15
15
15
15
15
15
15
15
15
15
16
15
15
60
15
15
59
15
15
15
15
15
68
15
15
15
15
15
15
15
15
17
15
15
15
15
15
69
60
15
15
15
15
15
63
15
15
15
15
15
65
15
15
15
15
15
15
15
15
15
15
15
15
15
15
15
15
15
15
15
15
15
15
15
15
15
15
15
60
65
15
15
15
15
15
64
15
15
15
68
15
63
15
60
15
15
15
63
15
15
15
15
15
15
15
15
15
63
15
68
15
15
15
60
15
15
15
15
15
15
15
15
16
15
15
15
15
15
15
15
68
69
15
15
15
59
15
15
15
15
15
15
15
73
15
15
60
15
15
15
15
15
63
15
15
15
15
15
15
15
15
15
15
15
15
15
15
15
15
15
15
15
67
15
60
15
15
15
15
15
15
15
15
15
15
15
15
65
15
15
15
15
15
60
15
15
15
15
15
15
15
65
62
15
15
15
15
15
15
63
15
68
15
15
15
15
15
15
15
15
15
15
15
15
15
15
15
15
15
65
15
15
15
15
15
15
15
15
15
15
15
15
15
15
15
15
15
15
15
15
15
15
15
15
15
15
64
15
15
15
15
15
15
16
15
15
15
73
15
15
15
65
15
15
15
15
15
15
60
15
15
15
15
15
70
15
15
15
15
15
15
15
60
15
15
15
15
15
15
15
74
15
15
15
15
15
15
15
15
15
15
15
15
15
15
15
15
15
15
15
15
62
20
15
68
15
15
15
15
60
15
15
60
61
15
15
15
68
15
15
15
15
73
60
15
15
15
60
15
15
15
15
15
62
15
15
15
15
15
15
15
15
15
15
15
15
15
68
15
15
15
15
15
15
15
15
15
15
15
15
15
15
60
15
15
15
15
15
15
15
15
15
15
15
15
15
15
15
15
73
15
15
15
15
15
68
15
15
15
15
15
15
15
15
15
15
15
15
15
15
15
15
15
15
15
60
15
15
15
15
15
15
15
15
63
67
15
60
15
15
60
63
15
15
15
15
15
15
15
15
68
15
15
15
15
15
15
16
16
16
16
16
16
16
16
16
16
16
16
75
16
16
16
16
16
16
16
16
16
16
16
16
16
16
16
16
16
16
16
16
16
16
16
16
16
16
16
16
16
16
16
76
16
16
16
16
76
16
16
16
16
16
20
16
16
16
16
16
16
77
16
16
16
16
16
16
16
75
16
16
16
16
16
75
16
16
16
75
16
16
16
78
16
16
16
16
16
16
16
16
16
16
16
16
16
16
16
16
16
16
16
16
78
16
16
16
16
16
16
16
16
16
16
16
16
16
16
16
16
79
16
16
16
16
16
16
79
16
16
16
16
16
16
16
16
16
16
16
16
16
16
16
16
16
16
16
16
16
16
16
16
16
16
16
16
16
16
16
16
16
16
75
16
16
80
16
16
16
16
16
16
16
16
16
16
16
16
16
16
76
16
16
16
16
16
16
16
16
16
16
16
79
16
16
16
16
16
16
16
16
16
16
16
16
16
16
16
16
16
16
16
16
16
16
16
16
16
16
16
16
16
16
16
16
16
16
16
16
16
16
16
16
16
16
16
16
16
16
16
16
16
16
16
16
16
16
16
16
16
16
16
16
76
79
16
75
16
16
16
16
16
16
16
78
16
16
16
16
16
16
16
16
16
16
16
16
16
16
16
16
81
16
16
16
16
16
16
16
16
79
16
16
75
16
16
16
16
16
16
16
16
16
16
16
16
16
16
16
16
16
16
16
16
16
16
16
16
16
16
16
16
16
16
16
16
16
16
16
16
16
76
16
16
16
16
16
16
16
16
16
75
16
16
16
75
16
16
16
16
16
16
16
16
16
82
16
16
16
16
16
16
16
16
16
16
16
76
16
16
16
16
16
16
16
16
16
16
16
16
16
16
16
16
16
16
16
76
16
16
16
16
16
16
16
16
16
16
16
16
16
16
78
16
16
16
75
78
16
16
16
16
16
16
16
16
16
16
16
16
16
16
16
16
16
16
16
16
16
16
16
16
16
16
16
75
16
16
16
16
16
16
16
16
16
16
16
16
16
16
16
16
16
16
16
16
16
16
16
16
16
16
16
16
16
16
16
16
16
16
16
16
16
16
16
16
16
16
16
16
16
16
16
16
16
16
16
75
16
16
16
16
16
16
16
16
16
16
16
16
16
16
16
16
16
16
16
79
16
16
16
16
75
16
16
16
16
16
16
16
16
16
16
79
16
16
16
16
16
83
75
16
16
16
16
16
16
16
16
77
16
16
16
84
16
16
16
16
16
16
16
16
75
16
16
16
85
16
16
16
16
16
16
16
16
16
16
76
16
83
16
16
75
76
16
16
75
16
16
16
16
16
16
16
16
16
16
16
16
16
16
77
16
16
16
16
16
16
16
75
16
75
16
16
16
16
16
16
16
16
16
16
16
83
16
16
16
16
16
16
16
76
16
16
16
16
16
16
16
16
16
16
16
16
16
16
16
16
16
16
16
16
16
16
16
16
16
16
16
16
16
78
16
16
16
86
76
16
16
16
16
16
16
16
16
16
16
78
16
16
16
16
16
16
16
16
16
16
16
16
16
83
87
16
16
16
16
16
16
16
16
16
16
16
16
16
16
16
16
16
16
16
16
16
16
16
16
16
75
16
16
16
16
16
16
16
16
16
16
16
79
16
16
16
16
16
16
16
16
16
16
16
16
16
16
16
75
77
16
16
16
16
16
16
16
16
16
65
65
65
65
65
65
65
65
65
88
89
65
65
65
65
65
65
65
65
65
65
65
65
65
65
65
65
65
65
65
90
65
91
65
65
65
65
65
88
65
65
65
88
17
65
65
65
65
65
65
65
65
65
65
65
65
65
65
65
65
89
65
65
65
65
65
65
65
65
65
65
92
65
65
65
65
65
65
65
17
65
65
65
65
65
65
65
65
65
65
65
89
65
65
65
65
65
65
65
65
65
65
65
65
65
93
88
65
65
65
65
65
65
94
65
95
65
65
65
65
65
65
65
65
65
65
65
96
65
65
95
90
65
65
65
65
65
65
95
65
65
65
65
65
91
65
65
65
65
65
65
65
65
65
65
65
94
65
65
65
93
65
65
89
65
65
65
65
65
65
65
65
65
88
65
65
65
17
65
65
65
97
65
65
65
65
65
65
65
65
65
65
65
65
65
65
95
65
65
65
95
65
65
65
65
65
65
65
65
65
65
65
65
65
65
65
65
65
88
65
65
65
65
65
17
91
65
65
88
65
65
65
65
65
65
65
65
65
65
65
65
92
65
65
65
65
65
65
65
65
65
65
65
65
65
65
65
65
65
65
65
65
65
65
65
98
65
65
65
92
65
65
91
65
91
65
65
65
65
65
65
65
65
65
65
65
65
65
91
65
65
65
65
65
65
65
65
65
88
65
65
89
65
65
65
65
65
65
65
65
65
88
65
65
95
65
65
65
65
65
65
88
91
65
65
65
65
65
65
65
65
65
65
65
65
65
91
65
91
65
65
65
17
65
65
65
65
88
65
65
65
91
65
65
65
65
65
65
65
91
65
65
65
65
65
65
65
91
65
65
99
65
65
65
65
65
90
65
65
65
65
65
65
65
65
65
65
65
65
65
65
65
95
65
94
65
65
65
65
65
65
65
91
65
65
91
65
65
65
65
100
91
65
94
65
65
89
65
65
65
65
65
91
65
65
65
65
65
65
65
89
65
65
65
65
65
65
65
65
65
65
65
65
65
95
65
65
65
65
65
65
65
65
65
65
65
65
65
65
65
65
95
65
65
65
91
94
91
65
65
92
65
65
65
65
65
65
65
65
65
95
65
65
65
65
65
94
65
65
65
65
65
65
65
91
65
65
65
65
65
65
65
65
65
65
65
65
65
65
65
65
65
65
65
65
65
65
65
65
92
92
65
101
65
65
65
65
65
65
65
65
65
65
65
65
65
95
65
65
95
65
65
65
65
65
65
65
65
65
65
65
65
65
65
65
95
65
95
65
65
65
65
65
65
65
65
65
65
65
102
65
65
65
65
65
65
65
65
65
65
65
65
65
65
65
65
65
65
65
65
92
65
65
65
65
98
65
65
65
65
65
65
65
65
65
65
65
103
65
65
96
65
65
65
65
65
65
65
65
65
65
65
88
65
65
65
65
65
65
17
65
65
65
65
65
65
65
65
65
65
65
65
65
65
65
65
65
65
88
91
88
65
65
88
65
65
65
88
65
65
65
91
65
65
88
65
65
65
65
65
65
65
65
65
65
91
65
98
65
65
65
65
65
65
65
65
65
65
65
65
65
65
65
95
65
65
65
65
65
65
65
65
65
65
65
65
65
91
65
65
65
92
65
65
65
98
65
65
65
65
65
88
65
65
65
65
65
65
65
65
65
65
65
65
65
65
65
65
65
65
98
98
65
65
65
65
103
65
65
65
65
65
93
65
65
65
65
65
65
65
65
65
88
65
98
65
98
65
98
65
65
65
65
65
65
65
72
72
104
72
72
72
72
72
105
72
72
72
72
72
72
72
72
72
72
72
72
72
72
72
72
72
72
72
106
72
72
72
72
72
72
72
105
72
72
106
72
107
108
72
108
72
72
72
72
72
72
72
109
72
72
72
72
72
72
72
72
72
72
107
72
110
72
72
72
72
72
107
72
72
72
72
104
72
72
108
72
72
106
72
72
72
108
72
72
72
72
72
72
72
72
72
72
72
72
72
107
105
72
72
105
72
72
72
72
72
111
111
72
72
72
72
72
72
72
72
72
72
72
72
72
108
72
72
72
72
105
72
72
72
106
72
72
72
72
72
72
72
106
72
108
72
72
72
72
72
107
72
72
72
72
72
72
108
105
72
72
72
72
72
72
72
72
72
72
72
107
72
72
72
72
106
108
109
107
104
72
72
72
72
52
72
72
72
72
72
72
105
72
72
72
107
72
72
72
72
72
104
108
72
107
72
72
72
72
72
104
72
108
72
72
109
72
72
107
72
105
72
72
72
111
72
72
107
109
72
72
72
110
72
72
72
72
72
106
109
72
72
72
72
72
72
72
72
72
72
72
72
72
72
72
72
72
72
108
107
72
72
104
110
106
72
72
72
72
72
72
106
72
72
72
72
72
72
72
104
72
72
72
72
72
72
72
72
105
72
72
72
72
72
72
72
72
72
72
72
111
72
105
72
72
72
105
72
72
112
107
72
72
72
72
72
72
72
72
72
106
72
106
72
72
72
72
72
72
107
72
72
72
72
72
72
72
106
72
107
72
72
72
72
72
72
107
72
72
72
72
72
72
72
107
72
72
72
72
72
72
72
104
72
113
72
72
72
72
72
72
72
107
72
72
72
110
72
72
72
72
72
105
72
72
72
72
72
109
72
72
72
72
72
72
72
72
72
72
106
106
72
72
72
72
72
72
104
72
112
72
104
72
72
72
72
72
106
72
72
105
72
72
72
72
72
72
110
72
72
72
105
72
72
105
72
72
105
72
72
72
72
106
72
72
72
108
72
113
72
107
72
72
72
72
105
106
72
72
72
111
108
106
72
107
72
72
72
72
72
72
111
72
106
110
105
72
72
72
72
105
106
108
107
113
72
72
72
72
72
72
72
72
72
72
104
107
72
72
72
72
72
72
72
72
72
72
72
72
72
72
72
72
72
72
104
72
72
72
72
106
72
72
107
72
72
72
107
106
72
107
72
72
72
72
72
72
72
106
72
72
72
72
114
114
114
114
115
114
114
116
114
114
117
114
114
114
114
114
114
114
114
114
114
118
114
114
114
114
114
117
119
114
120
114
116
114
114
121
117
114
114
114
114
114
122
114
123
117
114
114
114
118
114
114
114
114
114
124
114
114
114
