0
0
1
2
3
2
0
2
2
2
0
4
4
5
6
7
8
9
4
4
10
11
12
12
12
12
12
13
14
15
12
16
17
18
19
18
2
18
20
21
18
22
18
23
24
25
24
26
24
27
28
29
24
30
31
32
33
34
35
32
36
37
38
39
40
41
8
42
8
8
8
43
8
44
8
45
46
47
48
49
50
51
52
53
46
54
55
56
56
57
56
58
59
56
60
56
61
56
62
62
63
27
64
65
66
67
68
69
70
71
71
72
73
20
74
75
71
76
77
78
2
2
2
2
2
79
2
2
2
2
80
81
82
83
84
19
85
86
87
80
88
89
89
2
2
2
2
2
2
2
89
54
90
54
54
54
91
92
93
94
95
54
96
97
98
35
96
2
99
100
96
96
2
101
2
2
2
2
102
2
103
104
104
104
105
104
104
104
82
104
106
107
6
6
80
2
108
109
110
111
109
112
113
111
109
109
114
109
115
116
115
117
118
115
115
119
115
115
120
121
120
122
30
123
124
122
99
106
125
69
126
127
125
125
125
128
129
129
130
129
40
52
129
58
131
132
2
133
134
2
74
135
2
136
136
137
138
139
136
136
140
141
142
125
2
2
2
143
144
125
145
146
145
145
145
138
145
145
145
147
148
149
150
151
152
69
147
147
153
154
155
154
35
111
156
127
157
158
159
160
161
162
139
87
161
153
161
163
164
87
165
165
165
165
165
165
165
165
165
165
165
166
167
166
166
52
168
169
166
170
171
172
172
172
144
173
174
172
175
176
130
87
128
130
177
178
130
130
179
180
163
181
2
2
182
183
184
181
181
185
186
186
186
9
15
187
2
2
2
2
188
2
127
189
188
188
190
2
2
191
192
193
194
193
193
193
195
196
193
197
2
198
199
144
2
2
200
201
155
202
202
202
202
202
202
202
202
202
202
202
143
61
203
56
143
204
205
143
206
207
208
2
209
2
2
2
2
2
210
210
211
212
210
213
2
131
214
215
216
217
218
217
219
160
217
217
217
220
221
2
222
222
223
223
224
225
139
222
226
227
10
226
167
228
229
226
230
231
110
22
44
22
232
233
234
235
236
237
238
239
90
2
238
151
240
198
241
212
238
124
124
124
242
243
244
245
246
124
243
51
32
51
247
36
2
2
248
90
140
6
140
140
140
249
140
140
250
250
250
250
250
247
250
250
250
250
33
251
252
253
252
254
255
256
237
257
252
258
259
258
258
109
258
258
260
258
258
261
262
262
245
210
85
1
263
262
262
86
264
2
265
265
266
267
265
265
265
268
166
265
269
254
138
254
270
271
272
273
247
16
161
215
274
275
276
72
239
153
277
277
277
277
277
277
277
277
277
277
277
278
243
278
278
279
280
281
28
282
282
282
169
255
283
284
282
282
282
285
285
285
286
287
285
288
285
285
289
285
290
174
290
7
7
291
292
293
294
295
294
294
294
294
294
294
171
171
2
3
163
141
296
297
298
3
299
3
166
166
25
108
166
300
166
166
301
2
2
302
204
204
204
197
149
257
303
204
204
304
305
306
306
306
307
306
308
306
309
306
306
310
311
224
310
312
1
313
1
314
315
221
276
248
248
68
248
316
248
216
248
109
109
219
307
109
317
318
2
2
2
90
2
254
90
90
90
90
90
90
319
319
319
320
321
319
308
319
322
323
322
21
21
259
324
322
322
322
293
325
326
327
328
293
64
2
2
64
329
330
329
229
252
329
331
332
333
333
333
284
333
334
333
179
333
333
333
67
67
335
335
336
335
337
335
335
257
338
339
340
341
342
340
340
340
340
340
343
344
10
345
204
209
346
44
10
7
347
348
7
349
6
218
350
7
351
28
352
353
313
146
256
2
154
59
354
198
355
355
355
356
355
357
196
355
355
318
355
358
270
153
359
360
48
361
144
358
290
278
10
221
338
278
307
362
278
363
364
2
364
43
197
365
197
197
366
367
197
302
273
368
369
358
102
100
213
295
295
295
295
32
32
206
356
370
32
144
86
170
323
170
371
170
372
373
374
177
170
375
375
375
375
375
375
376
375
154
375
162
19
377
107
378
22
162
379
242
134
260
134
248
329
134
174
380
222
381
341
82
222
321
173
173
266
173
173
173
173
173
173
382
382
382
114
239
266
237
382
1
95
197
352
383
197
13
13
13
384
385
17
276
386
13
148
387
81
388
389
148
148
371
390
391
371
371
371
371
184
392
273
119
78
184
393
394
395
396
396
396
396
397
396
396
396
95
95
314
314
353
398
399
400
400
321
401
179
402
232
400
400
400
257
403
257
257
289
257
257
177
404
405
372
80
268
275
406
334
62
300
407
408
2
340
319
275
409
410
409
409
362
182
370
411
253
141
49
412
253
253
413
358
414
415
337
416
358
417
418
419
420
190
2
141
15
421
417
38
420
422
74
423
311
424
321
425
133
133
426
426
280
426
426
426
382
427
426
428
429
411
430
428
389
14
87
87
87
118
87
87
431
337
337
271
337
337
338
337
198
337
399
231
231
231
231
231
2
99
203
231
432
433
432
432
432
266
432
398
398
40
398
398
362
241
398
252
159
98
2
309
434
429
435
119
436
309
150
99
368
368
368
368
437
19
350
438
189
322
271
322
158
439
322
410
2
10
440
10
438
10
415
298
415
415
227
441
442
443
441
441
288
441
441
441
444
444
444
444
444
444
444
444
445
444
426
38
315
38
369
38
352
446
381
148
148
148
91
431
89
148
347
447
245
245
448
449
245
245
245
245
450
35
451
35
35
110
452
110
110
110
110
101
453
46
154
240
139
454
2
192
361
361
164
455
361
361
456
361
2
2
275
275
275
173
420
451
5
334
420
272
420
85
2
162
162
162
162
162
162
162
457
457
457
457
457
457
404
19
458
389
458
459
460
335
151
458
458
458
458
271
461
210
49
271
271
462
271
311
311
311
79
311
311
234
302
139
463
139
464
355
465
350
465
147
466
465
216
467
465
465
370
457
2
78
187
431
86
354
468
469
91
470
255
255
185
159
194
185
471
140
307
377
450
261
366
16
359
472
410
442
307
302
302
302
302
473
43
474
473
24
24
24
289
475
476
477
477
179
32
438
478
477
365
244
244
244
244
175
336
34
270
244
278
445
381
446
335
69
479
278
341
2
112
480
112
112
2
2
112
441
112
481
348
481
74
482
82
116
82
82
82
82
82
82
3
483
267
462
186
3
2
3
484
293
484
484
461
485
486
487
76
174
174
320
72
174
2
372
372
372
208
484
187
94
442
271
488
488
247
247
428
247
247
247
247
247
489
268
489
489
411
126
441
279
279
246
246
246
246
490
246
246
246
246
246
246
2
93
32
480
2
345
345
345
366
345
345
449
2
215
491
232
232
232
492
361
110
2
493
493
356
153
356
356
494
356
356
495
356
407
407
407
214
407
251
224
36
407
407
14
403
75
75
496
496
275
496
496
496
386
224
321
42
300
415
415
227
497
346
415
269
146
225
415
457
498
415
425
415
469
499
206
309
2
469
279
500
469
469
501
266
266
266
266
266
198
198
198
213
175
198
198
189
189
189
398
120
502
259
189
245
245
278
278
449
287
145
409
472
2
223
472
91
503
351
4
472
316
316
226
226
504
226
209
2
505
2
226
381
381
218
381
21
125
46
50
125
506
167
507
507
507
183
68
507
507
507
507
15
508
15
15
509
15
65
366
196
196
196
500
471
196
196
196
280
280
280
70
280
280
280
158
158
33
510
313
198
511
492
27
261
233
194
261
261
261
512
513
188
440
188
43
438
233
43
36
36
514
67
514
514
514
514
514
514
514
515
515
313
313
516
423
106
313
384
272
272
517
513
272
272
518
519
17
520
106
212
2
43
2
521
43
334
439
483
451
451
286
92
522
286
94
286
144
117
0
0
523
307
307
307
86
316
234
486
2
357
84
159
159
521
524
159
159
159
385
385
385
385
525
385
260
469
407
459
186
176
176
176
5
399
176
176
402
176
170
79
495
359
526
365
365
365
365
365
213
45
365
527
451
387
387
387
17
387
472
387
2
502
89
502
502
152
502
502
433
384
146
146
146
409
146
300
448
528
300
216
243
520
438
410
187
392
520
219
151
2
219
349
349
68
186
529
349
500
227
500
213
500
500
272
272
484
93
81
51
11
323
323
350
415
269
30
323
306
530
268
392
531
199
89
408
89
89
89
89
89
271
233
364
144
364
532
364
364
238
284
381
329
298
218
381
381
43
297
171
154
43
43
210
237
237
237
341
429
533
237
2
2
534
5
500
355
535
185
344
406
48
364
185
461
109
445
536
384
3
297
537
0
57
2
10
298
352
13
503
70
63
235
11
276
11
11
206
251
538
127
443
21
21
21
494
419
66
23
216
148
2
32
539
540
36
36
36
477
366
5
36
435
541
115
2
436
321
40
52
8
41
8
221
8
457
38
38
38
38
38
45
45
45
51
45
119
44
542
530
397
543
242
57
39
39
39
149
222
424
544
186
51
338
545
546
221
169
51
547
460
37
483
485
37
37
381
53
381
528
244
18
427
270
111
548
41
57
57
57
57
50
549
59
63
2
67
2
474
185
252
293
66
282
550
64
71
71
71
2
268
71
348
346
114
351
551
70
89
242
107
73
73
182
2
528
544
462
552
411
144
208
72
95
377
468
553
554
537
6
85
481
72
450
550
542
555
25
449
79
79
5
261
396
1
14
127
556
557
32
492
2
83
424
265
341
321
390
558
557
273
174
81
527
225
2
19
19
19
526
19
93
93
310
93
93
95
95
95
95
186
376
91
405
100
100
138
108
100
95
35
411
366
137
102
102
121
405
514
103
55
233
80
466
80
80
80
80
80
108
117
108
559
172
149
98
560
110
466
252
133
181
317
1
561
562
52
112
548
483
284
325
117
117
25
20
20
563
249
99
99
99
99
99
127
122
122
122
154
130
130
564
130
482
52
520
565
566
52
58
58
58
567
235
131
568
408
393
567
22
174
397
88
135
519
135
135
135
522
402
388
212
397
36
2
526
69
569
392
50
125
2
541
242
568
175
143
143
570
571
143
539
121
151
555
152
152
261
225
152
2
572
153
521
463
145
76
160
160
2
20
274
222
153
512
153
320
573
2
574
163
163
255
575
187
378
576
52
370
445
169
577
372
504
168
556
158
168
578
168
168
579
441
547
383
441
87
2
379
545
179
328
501
180
180
180
580
463
130
377
130
91
528
130
291
342
305
183
186
2
2
328
581
127
127
215
127
127
184
378
184
530
184
558
291
163
65
580
582
583
185
409
425
19
44
2
193
193
386
193
40
185
581
194
243
194
194
357
175
584
301
423
196
178
482
296
30
421
323
585
195
264
107
27
107
543
107
526
586
107
191
587
562
555
470
181
155
369
453
199
511
357
199
199
199
445
6
6
303
450
56
271
588
10
589
327
588
552
209
209
501
2
174
2
2
273
376
54
418
324
475
578
54
567
211
261
334
79
308
212
212
384
317
212
212
65
116
368
116
358
213
205
590
591
205
205
221
370
225
225
216
493
406
216
230
230
413
230
276
191
324
239
239
239
239
239
370
16
581
321
564
587
378
124
206
118
206
93
145
318
246
251
4
113
536
244
531
235
592
235
235
235
304
235
546
6
350
164
90
584
240
39
295
240
593
256
18
33
2
256
128
594
260
578
260
260
260
27
260
260
260
261
583
449
317
210
557
254
254
254
254
386
273
273
273
316
537
316
16
16
16
109
274
274
309
215
595
452
161
161
367
150
255
481
371
2
2
284
518
136
286
596
28
241
28
383
404
169
438
595
171
171
3
354
3
597
49
508
299
298
298
298
324
108
132
527
225
302
354
267
598
267
389
307
309
304
599
34
600
564
270
414
25
492
307
314
441
541
314
556
312
312
601
2
181
312
312
312
221
152
221
547
249
276
216
276
276
276
521
58
248
248
351
316
2
60
422
462
308
308
308
68
76
36
68
107
552
68
519
351
216
216
318
115
318
325
126
414
340
321
121
396
320
94
574
555
424
323
350
323
376
542
21
211
325
537
325
2
377
267
309
328
328
328
328
592
602
221
265
324
542
191
308
308
574
252
493
539
284
284
84
284
237
284
300
44
2
334
334
334
334
270
120
506
483
552
298
229
229
2
90
339
562
223
339
425
59
259
386
469
603
346
346
427
346
2
93
350
350
350
2
154
113
154
154
347
347
366
366
366
473
454
367
314
595
173
362
2
491
362
369
369
369
213
484
457
213
213
528
557
302
528
490
472
30
544
463
2
356
356
86
370
323
604
338
53
414
376
149
376
376
259
436
377
485
592
605
2
113
327
383
249
606
263
253
607
378
378
378
418
291
46
176
558
2
304
380
380
380
380
380
380
380
380
380
384
2
362
182
2
474
383
383
383
383
20
101
352
201
352
352
352
352
385
97
384
450
273
207
384
596
439
388
388
572
388
388
518
81
566
268
589
148
148
283
485
454
209
2
23
371
371
273
285
179
501
529
53
5
389
2
389
200
511
119
119
119
119
170
119
172
393
2
134
472
524
397
287
87
195
489
199
396
608
142
182
399
491
331
398
394
402
87
310
48
443
289
232
332
70
289
394
289
310
257
475
257
403
461
350
44
403
403
301
180
4
372
209
321
404
279
321
224
578
300
241
229
408
408
553
408
486
340
566
340
97
248
340
371
407
407
407
565
370
370
128
373
267
348
411
411
156
609
25
411
610
418
418
611
423
612
373
424
74
74
382
382
518
567
489
382
106
411
2
417
504
571
417
392
417
417
142
417
89
596
433
433
433
109
460
318
544
434
434
334
434
188
613
60
435
435
66
429
560
26
231
327
397
614
211
208
503
157
2
121
394
613
394
394
517
470
490
271
271
263
164
276
2
553
2
2
257
18
60
298
298
298
543
443
50
558
445
556
110
438
331
2
144
615
446
152
446
27
66
572
89
534
616
347
347
347
598
347
347
2
145
449
537
59
270
577
9
453
430
299
453
240
240
303
558
240
409
617
299
454
403
431
404
431
422
431
431
148
456
456
456
354
410
14
29
40
272
186
420
365
85
5
593
404
404
404
305
427
404
561
460
416
460
460
460
116
425
151
406
64
618
461
373
434
491
49
513
49
49
40
40
462
464
464
587
389
389
389
452
389
159
457
618
457
301
113
370
370
233
370
370
470
470
378
470
470
142
194
2
442
561
491
368
137
350
350
581
611
472
442
504
565
364
425
1
544
548
602
229
359
359
86
298
86
474
474
227
178
289
32
508
32
224
42
265
533
438
386
438
203
478
443
262
157
297
255
449
332
270
234
156
418
244
480
350
214
480
258
2
476
593
476
476
476
348
348
139
463
360
536
479
479
297
215
575
360
74
2
476
142
482
482
93
482
349
481
619
481
346
481
481
267
33
157
186
288
116
304
2
116
116
592
341
616
497
485
423
571
485
485
573
112
72
484
478
413
484
341
550
174
223
192
194
40
94
94
589
565
94
268
268
56
42
243
495
490
490
433
490
480
379
567
480
70
480
101
449
449
455
580
588
65
42
42
42
120
620
477
381
603
611
425
425
13
499
558
200
499
621
457
2
98
151
352
123
175
175
477
2
555
532
398
206
206
552
493
576
91
91
91
91
66
503
622
287
315
456
501
427
50
50
508
528
508
582
179
15
15
317
471
471
126
300
500
429
500
72
141
401
158
87
510
510
510
281
289
223
527
478
158
606
516
233
482
73
438
412
301
559
2
391
115
67
13
453
78
67
67
67
67
623
475
187
1
67
53
67
67
67
67
332
516
516
516
516
517
517
517
540
517
36
36
518
355
518
518
518
17
430
561
17
2
241
520
326
519
519
551
106
476
226
24
316
317
451
451
451
469
117
521
521
429
130
571
521
521
2
287
565
537
390
289
523
297
357
357
357
44
303
53
287
314
599
385
385
600
525
460
469
124
469
249
407
74
407
459
174
459
164
186
186
170
176
414
597
397
565
176
2
359
529
2
543
575
472
17
17
17
293
2
433
624
433
384
219
279
2
219
219
581
219
106
577
554
1
2
186
594
186
432
478
349
609
349
349
504
363
529
567
529
122
578
152
111
233
105
268
268
268
2
530
414
614
530
530
51
51
392
392
60
392
392
536
30
30
408
23
401
600
89
69
310
41
93
105
271
271
142
532
362
287
144
144
144
177
237
122
256
625
218
338
575
171
147
171
171
533
533
162
211
533
341
341
341
626
429
416
7
229
555
355
535
535
535
535
535
535
535
535
535
535
535
535
535
535
535
557
535
535
535
409
535
226
450
535
535
535
535
535
535
535
384
416
575
185
2
575
34
78
600
185
332
111
242
310
337
596
206
206
627
538
538
623
538
538
2
335
562
21
408
230
544
208
502
499
227
66
314
66
489
477
545
477
477
330
63
550
325
339
606
366
628
255
327
404
435
405
541
482
283
44
115
608
115
545
77
2
45
45
542
11
542
542
542
397
397
543
543
543
295
332
373
530
530
530
530
119
456
406
2
222
222
73
222
222
215
547
367
485
483
546
381
37
119
578
244
244
629
242
150
227
595
228
538
424
37
37
111
526
111
404
562
56
611
50
50
126
293
267
41
181
238
238
128
238
238
614
630
447
525
611
63
351
63
528
124
544
506
544
107
13
553
2
107
351
529
462
462
593
144
72
72
72
482
72
512
25
25
25
391
28
556
556
556
424
2
92
424
631
265
265
537
265
278
236
127
127
557
133
557
557
178
498
174
81
584
558
628
558
443
575
526
526
526
526
526
16
405
405
405
405
542
55
208
484
136
233
552
304
234
466
117
339
149
98
98
200
632
562
562
562
562
559
559
559
506
633
559
301
249
120
133
2
133
133
425
58
58
345
198
293
138
224
177
513
564
564
564
403
564
567
249
387
265
541
53
447
175
175
320
570
634
570
570
593
595
572
2
225
225
2
20
20
574
576
576
576
576
113
576
372
5
48
372
279
513
158
158
621
369
635
556
556
441
441
441
504
34
2
441
441
2
441
41
520
545
545
631
327
180
135
120
555
401
580
504
580
44
463
317
533
58
156
581
581
2
560
448
305
566
610
215
606
215
189
215
70
378
2
378
636
378
475
558
513
184
61
184
255
65
65
65
185
374
2
72
243
178
361
512
151
412
584
381
581
70
581
585
585
585
585
585
264
264
264
421
421
421
421
118
290
562
367
562
331
556
470
300
356
453
9
357
519
357
297
84
445
313
303
34
303
303
536
419
600
251
564
588
588
327
323
418
418
633
153
412
79
577
414
563
331
317
317
317
28
120
493
579
223
431
191
228
16
16
2
2
2
564
587
236
331
587
66
320
389
276
447
534
304
235
495
527
558
128
594
600
594
594
128
627
27
201
177
635
578
409
167
256
287
256
594
631
33
33
492
173
199
316
402
281
501
147
29
481
481
150
442
474
312
109
596
505
619
404
367
324
2
108
391
92
132
2
236
74
595
228
595
599
34
600
600
94
270
31
348
314
358
492
134
492
178
624
210
354
199
295
606
494
607
56
171
181
456
2
547
27
167
74
4
547
547
195
2
493
274
527
527
604
58
269
130
68
337
107
387
107
2
552
631
606
76
564
574
631
297
396
158
274
116
567
354
376
323
592
75
592
203
284
221
2
539
539
2
539
84
537
158
180
242
334
344
529
44
44
229
568
98
2
2
223
59
2
229
611
578
425
603
419
603
102
423
298
386
113
452
31
350
366
473
473
500
528
531
182
558
183
158
86
249
305
21
607
291
46
572
2
2
351
336
251
138
286
182
228
474
474
393
20
201
524
201
201
463
352
131
584
219
572
572
40
33
363
498
501
5
552
85
627
566
566
320
566
594
566
577
2
566
419
345
200
2
636
597
53
627
614
439
33
142
172
293
610
472
562
195
582
195
195
195
142
379
142
142
630
105
182
491
491
491
394
394
442
450
48
48
524
524
584
524
287
287
2
563
402
632
160
310
484
484
100
397
382
382
397
578
578
578
553
582
183
229
611
195
20
504
243
243
208
342
97
615
566
455
216
374
410
623
340
373
373
7
557
417
583
542
185
596
105
608
121
392
613
613
615
133
60
60
60
2
188
26
130
503
503
495
503
470
2
490
490
121
88
2
164
164
157
448
18
18
263
422
379
263
110
2
487
553
251
615
615
615
124
218
572
203
598
440
440
440
637
440
440
459
573
309
546
59
430
430
430
430
430
92
299
299
496
299
263
150
299
299
606
299
617
617
617
617
617
611
617
617
617
617
617
2
457
403
422
79
486
486
123
46
245
593
593
404
365
64
64
416
462
462
151
151
587
587
587
618
463
618
618
618
618
618
638
452
452
362
141
113
609
378
142
561
561
540
561
561
59
459
364
425
425
359
346
544
489
367
548
289
289
474
32
508
393
224
224
639
224
629
276
262
262
262
297
297
297
157
401
360
255
255
332
332
332
156
156
156
436
350
117
318
258
504
603
248
536
599
139
196
149
360
526
360
363
482
356
2
476
134
554
388
613
33
259
116
288
288
288
640
616
418
616
22
40
434
423
423
550
156
550
550
550
565
283
439
454
473
501
42
301
495
433
433
455
243
70
228
120
480
603
536
603
611
621
391
13
172
447
200
381
151
549
632
388
413
538
477
532
532
532
493
493
493
493
533
2
576
622
622
480
315
315
315
315
66
66
528
528
528
582
582
29
179
344
473
137
581
147
72
72
439
500
273
608
401
14
527
527
149
525
483
498
158
87
87
375
635
73
629
73
482
2
85
606
75
2
138
623
187
94
355
94
53
326
326
326
296
519
519
395
500
504
226
24
24
316
316
316
410
207
429
523
485
198
599
599
599
599
40
124
169
174
459
219
414
414
414
529
553
608
529
621
122
453
293
461
187
293
624
624
298
635
338
161
219
577
432
432
497
594
594
609
183
363
1
522
421
478
597
233
233
111
111
88
105
105
122
122
343
325
516
201
516
516
97
536
446
417
23
23
23
23
487
310
317
177
237
74
625
625
625
625
625
625
488
488
302
243
211
211
416
331
406
7
2
150
608
557
557
409
584
534
236
546
628
623
623
623
544
177
513
155
445
227
236
354
319
325
325
208
2
339
614
602
628
628
101
101
422
44
77
77
77
482
448
11
559
295
367
367
483
121
242
538
538
538
626
119
611
487
83
181
603
351
630
436
13
635
13
499
345
529
529
537
459
395
482
482
512
512
512
335
512
9
28
167
28
28
92
477
178
156
178
628
628
628
628
463
558
85
487
443
443
88
276
208
75
304
466
251
537
506
506
506
234
234
84
61
2
559
559
133
141
201
133
209
138
224
633
633
633
633
403
567
387
387
387
207
75
442
595
595
430
61
2
61
98
113
279
369
369
621
520
631
74
135
428
327
362
405
428
560
560
560
613
283
401
490
156
533
582
533
610
28
2
553
606
606
448
630
169
624
116
272
70
70
602
290
54
331
9
9
9
270
519
621
98
439
123
118
303
303
84
152
225
260
419
384
381
431
319
223
227
215
320
320
236
447
447
41
2
33
492
71
199
199
281
47
167
501
503
501
412
287
12
631
593
62
62
228
343
228
228
374
145
395
83
145
598
94
289
31
134
178
255
255
236
236
236
221
295
354
606
296
171
612
171
2
511
90
27
498
4
547
547
547
607
633
607
219
130
26
459
337
631
631
503
158
632
454
202
297
463
401
328
402
284
534
638
592
551
343
551
551
551
77
84
83
98
223
223
229
330
618
541
419
419
541
419
419
419
624
452
31
31
424
69
29
31
459
281
2
542
531
531
21
572
495
572
108
286
31
286
136
636
393
393
131
131
131
632
598
40
498
498
33
326
511
85
236
494
552
597
597
597
636
2
272
416
272
419
141
627
627
627
627
630
394
442
442
450
641
610
392
342
610
610
405
610
46
563
563
563
531
160
100
100
100
100
582
195
195
506
378
623
7
516
12
374
348
243
85
243
243
185
516
596
583
155
121
117
642
613
221
494
613
363
133
26
26
463
633
130
149
26
370
503
503
639
88
88
452
374
422
422
643
430
379
364
379
218
203
203
345
560
560
560
459
149
92
92
309
342
150
150
150
496
496
644
2
79
61
259
1
191
632
463
635
296
635
141
141
97
362
113
113
17
14
113
609
609
395
540
540
540
59
489
548
641
635
645
639
414
313
639
639
561
157
157
225
508
297
346
346
196
568
436
436
436
68
436
149
124
237
526
626
356
363
363
134
134
134
134
163
348
338
554
402
418
418
138
565
454
147
447
301
301
399
291
391
391
172
172
344
381
553
388
511
538
156
413
413
191
413
439
439
439
582
582
29
428
29
344
203
473
473
473
608
608
614
251
187
2
439
525
525
137
615
483
358
498
375
635
608
363
629
629
75
187
296
296
395
302
14
14
412
218
519
523
300
523
523
523
523
523
410
410
283
485
485
488
488
97
40
391
169
169
22
2
495
553
136
203
529
31
127
461
567
453
573
26
183
183
522
522
2
383
383
315
315
315
88
88
421
421
122
417
487
487
571
74
588
237
488
488
363
390
581
123
581
581
545
161
2
243
39
584
584
60
584
155
155
338
513
615
445
9
575
614
602
602
602
602
422
422
646
448
448
293
319
264
264
314
603
603
603
329
367
170
345
170
459
459
512
545
436
436
463
84
402
209
567
567
253
207
207
207
207
207
75
537
204
428
493
621
362
283
390
283
283
283
490
157
52
553
427
553
549
466
520
98
621
621
118
152
178
360
626
353
288
192
439
439
605
60
281
568
412
412
593
593
374
343
343
465
34
354
612
612
612
612
155
612
204
2
633
219
577
26
26
642
642
642
642
642
642
642
642
642
642
85
401
534
534
534
377
343
272
638
638
305
83
83
83
83
76
83
83
618
541
541
624
624
624
624
69
69
69
29
29
424
279
542
342
572
136
136
136
495
495
281
281
281
281
636
632
114
632
632
598
498
511
511
511
2
141
2
620
416
568
610
342
342
450
405
550
506
506
641
641
641
641
33
641
641
641
641
503
516
348
102
638
516
534
504
249
568
378
12
494
494
448
494
598
348
182
613
97
503
574
643
259
643
364
364
336
203
180
180
635
180
301
1
9
52
2
446
446
633
395
395
403
2
214
353
545
545
545
489
313
157
623
568
554
499
348
211
163
211
138
138
128
399
399
391
120
14
191
428
2
81
488
147
363
259
203
240
156
495
615
253
292
358
358
358
363
410
214
410
302
386
97
97
97
620
22
22
455
630
630
630
630
434
630
9
96
453
453
283
573
573
573
573
487
487
487
571
571
123
123
123
60
60
338
646
646
646
646
647
241
314
446
300
170
123
209
549
644
436
447
498
41
92
2
41
2
52
329
283
61
427
301
588
588
466
251
118
344
118
33
360
403
178
353
192
548
497
465
343
155
155
230
577
605
470
236
34
204
2
204
85
85
85
377
377
272
438
313
631
52
190
479
2
495
390
114
114
620
620
620
620
370
583
568
434
434
181
55
259
1
589
279
509
102
504
471
534
534
494
494
55
563
598
111
111
69
211
406
479
9
342
174
549
214
214
214
353
604
234
471
353
353
499
499
241
499
499
163
163
163
88
390
81
81
190
390
126
406
336
336
336
336
290
497
648
184
420
292
160
292
649
292
650
48
253
253
455
120
455
455
455
628
9
96
96
96
482
571
106
650
123
240
644
651
644
644
299
504
644
92
569
329
329
329
301
301
61
478
61
306
181
497
497
137
344
344
548
2
230
296
408
223
52
479
479
479
390
390
271
395
583
151
181
181
55
55
548
114
120
471
55
563
211
406
400
614
342
549
549
636
604
604
269
604
604
636
241
241
279
353
575
359
190
190
509
190
190
126
589
330
330
187
187
182
466
619
290
184
420
420
420
292
622
292
48
48
48
482
2
652
92
505
92
569
569
569
569
569
569
569
497
497
506
497
548
546
548
650
650
626
650
650
653
240
654
623
406
296
296
53
521
299
626
406
2
281
466
614
614
636
348
2
279
466
619
619
563
619
619
509
509
509
509
501
630
575
531
652
652
652
652
652
652
652
652
652
652
652
652
652
652
652
652
652
652
652
652
652
652
652
652
652
652
652
652
652
652
652
652
505
546
546
296
240
338
53
299
471
521
589
521
330
41
348
611
234
501
531
531
46
223
269
549
505
505
330
330
330
522
589
589
589
635
269
549
549
605
549
46
46
46
522
522
475
605
605
626
403
475
571
269
269
580
46
571
571
571
47
47
630
403
580
39
76
39
39
468
468
468
486
76
