0
0
0
0
0
0
0
0
0
0
0
1
1
2
3
0
4
0
5
1
6
1
7
7
8
7
7
9
10
11
7
12
7
13
13
13
0
13
14
15
13
16
13
17
18
19
18
18
18
11
20
21
18
22
18
23
24
25
26
23
14
27
28
29
30
31
4
32
4
33
4
34
4
35
4
36
37
38
39
40
41
42
43
44
37
4
45
46
46
47
46
48
49
46
50
51
52
46
2
2
2
0
53
54
55
56
57
58
59
60
60
12
61
40
60
38
60
25
42
60
0
0
0
0
0
0
0
0
0
0
62
63
0
64
62
65
2
62
66
62
62
67
0
0
0
0
0
0
0
0
67
4
4
4
4
0
68
31
15
69
70
71
72
73
74
26
72
0
75
76
77
72
0
0
0
0
0
0
78
0
0
79
79
0
80
79
79
79
79
79
27
81
3
3
62
3
3
82
83
69
82
84
85
69
86
82
26
82
87
6
87
47
26
87
87
88
87
87
89
76
90
89
91
92
93
89
75
94
22
58
74
95
22
22
22
91
8
8
0
8
8
8
8
48
96
8
0
0
0
0
0
0
0
76
76
78
76
97
76
76
98
99
100
22
0
0
0
101
42
22
64
64
64
64
64
102
64
64
64
103
17
83
103
104
78
58
103
103
57
105
106
105
69
69
95
95
107
108
109
105
110
17
97
51
110
57
110
23
57
110
75
0
75
75
75
49
75
75
17
75
75
90
108
90
90
111
112
113
90
114
8
49
49
49
42
115
116
49
28
40
6
51
91
6
75
0
6
6
117
39
39
118
0
0
119
120
92
118
118
121
5
5
5
122
123
5
0
0
0
0
105
0
95
124
105
105
125
0
105
126
105
7
73
127
7
7
128
75
8
20
0
0
129
42
0
0
100
130
118
107
131
0
107
107
132
107
92
107
107
0
46
52
133
46
46
134
63
46
4
46
134
0
0
0
0
0
0
0
135
135
136
137
135
138
0
92
139
86
88
105
99
105
16
105
105
105
66
105
140
0
141
141
94
94
141
138
141
141
67
67
134
67
142
134
73
67
3
143
125
16
16
16
21
71
144
110
145
146
89
43
147
0
89
104
148
0
14
98
89
93
93
93
93
133
47
93
149
93
133
42
23
42
150
151
0
0
42
147
98
3
98
98
98
126
26
98
103
103
152
103
153
150
127
119
121
103
24
14
84
33
84
26
2
154
30
84
84
155
156
155
155
82
155
155
54
155
155
155
157
49
34
65
127
0
133
157
157
62
0
0
158
158
158
159
158
158
158
158
90
158
158
26
76
26
0
101
36
32
150
160
110
86
71
125
161
12
43
57
162
162
162
162
162
162
162
162
162
162
162
86
86
86
86
109
163
164
20
70
165
135
113
2
166
167
135
70
70
77
77
77
31
33
77
77
77
77
92
77
50
116
50
132
131
63
96
132
168
169
168
168
63
168
168
168
99
99
0
90
170
164
149
90
169
90
165
90
90
112
19
3
1
90
90
90
130
103
0
0
134
134
134
82
134
151
146
148
134
134
171
95
50
95
172
95
126
116
173
95
95
13
37
116
13
174
0
86
0
0
0
140
161
42
42
117
48
175
42
88
42
82
82
16
82
82
84
135
0
0
0
147
0
176
147
147
88
147
147
4
109
109
165
177
169
109
126
109
156
102
156
15
15
156
178
156
156
156
132
135
132
132
171
132
0
0
0
53
166
152
166
73
84
166
0
121
160
26
90
167
160
160
160
117
160
160
160
56
56
23
23
35
158
58
23
23
151
23
148
179
179
38
17
180
179
144
179
122
9
134
113
134
134
60
16
134
170
160
128
170
2
3
181
168
170
114
3
119
181
86
76
154
0
105
103
182
101
104
68
104
18
104
0
183
104
104
28
104
39
98
57
153
3
39
66
42
16
0
86
134
140
180
86
172
68
86
144
108
0
54
34
82
57
82
82
34
148
82
72
22
124
84
16
78
97
138
169
169
169
168
23
23
4
98
20
23
155
62
114
102
114
18
114
114
85
89
75
114
139
75
139
139
139
184
29
139
129
139
17
65
185
81
186
173
17
178
18
0
54
0
48
0
0
116
187
141
65
141
141
141
120
115
0
115
115
115
115
115
115
0
142
142
142
26
43
142
139
142
0
0
82
119
82
82
9
9
9
137
9
9
161
9
9
17
100
133
36
52
17
17
18
44
66
18
129
18
18
92
50
32
88
104
92
4
40
139
129
129
129
129
22
129
0
129
0
0
124
124
181
186
130
171
26
169
51
117
171
21
171
111
171
151
151
151
151
92
151
151
19
31
6
110
134
85
5
104
160
37
90
10
108
0
180
109
5
153
10
153
153
68
119
20
172
33
33
40
50
33
0
183
16
137
188
58
115
16
120
172
15
67
125
0
30
81
74
120
28
67
115
60
148
37
109
169
37
0
0
60
60
163
79
60
60
142
0
60
189
190
172
115
189
52
10
51
51
51
0
51
66
163
58
58
58
58
58
23
58
58
58
130
143
143
143
143
143
0
75
143
149
11
52
11
144
11
69
11
186
186
30
186
186
68
117
186
84
179
74
0
101
44
190
99
88
65
101
103
75
124
124
124
124
124
124
124
124
124
156
101
156
129
170
156
156
0
134
131
134
111
134
188
13
188
188
188
185
30
41
185
0
69
185
185
185
177
177
177
177
177
177
177
177
161
177
60
28
102
28
84
28
119
28
65
17
17
17
68
163
59
17
160
17
34
34
55
133
34
34
113
10
123
26
26
26
26
11
28
158
11
11
11
100
191
43
105
153
97
91
0
105
98
98
98
152
98
98
15
98
0
0
5
137
161
115
67
67
2
160
67
36
67
0
0
17
14
17
17
17
25
17
29
29
29
29
29
29
113
65
184
184
184
54
184
43
104
184
184
0
184
41
83
65
40
0
101
41
41
37
11
37
164
37
156
192
72
97
97
97
130
8
168
168
168
0
168
168
88
168
168
168
0
29
0
104
104
163
62
182
180
156
182
25
2
2
121
12
192
121
168
98
172
185
123
155
40
177
193
22
72
30
172
72
72
72
72
34
34
179
34
18
18
18
92
18
87
138
138
117
23
111
143
138
57
47
47
47
47
10
47
25
121
45
65
48
65
166
23
58
70
65
157
0
103
178
103
103
0
0
103
185
103
112
128
112
112
144
141
141
21
141
141
9
0
141
90
17
159
0
5
90
0
90
132
132
116
74
132
172
180
134
25
116
116
177
194
116
0
110
110
110
134
116
144
69
30
101
154
154
150
150
59
150
150
150
150
150
11
116
11
11
45
93
185
109
109
149
149
149
149
146
149
149
149
149
149
149
0
15
23
178
0
113
113
113
34
113
113
113
0
86
0
21
21
21
125
98
11
0
195
195
18
57
18
2
143
18
35
193
18
10
10
10
71
10
14
120
14
10
10
10
161
74
74
135
135
72
135
135
135
135
141
145
32
90
188
188
4
168
65
188
0
35
48
188
29
64
188
37
188
101
154
4
101
0
101
109
61
101
156
32
69
69
0
69
0
138
138
0
138
108
138
136
124
124
124
186
93
192
156
124
34
34
86
86
86
171
64
153
22
0
94
22
182
59
91
91
22
175
175
67
195
66
196
134
0
0
0
69
65
65
99
65
15
22
22
41
22
79
77
9
9
167
120
117
9
9
9
9
123
169
123
174
125
123
82
34
183
183
167
61
35
183
183
183
163
163
163
132
163
163
0
129
129
138
40
86
138
186
125
11
155
57
192
155
155
155
124
155
0
131
0
34
111
71
34
61
14
126
56
0
126
126
44
126
126
126
197
197
86
86
176
148
125
86
137
36
36
0
92
36
36
165
87
7
99
140
18
0
34
0
48
1
178
170
17
67
67
31
31
39
31
85
31
142
47
0
0
133
172
87
172
62
175
175
180
0
35
188
179
179
48
22
0
179
179
9
9
9
9
98
9
54
156
10
54
5
40
40
40
40
130
40
40
40
40
84
164
193
153
81
57
38
57
45
57
105
57
57
87
57
100
100
100
7
100
22
100
0
192
0
192
192
78
192
192
52
137
35
35
196
153
78
90
55
7
90
88
133
99
111
10
188
50
99
16
104
0
16
157
112
117
5
191
157
61
4
61
33
61
61
36
36
116
36
133
42
84
102
102
168
188
102
22
102
50
77
116
50
1
12
59
59
59
59
59
59
59
101
71
89
42
89
68
89
89
89
89
65
166
169
65
65
65
34
107
34
105
34
34
65
30
30
30
67
190
188
30
0
0
59
2
104
104
198
121
104
104
39
89
121
0
82
48
128
137
0
107
0
0
47
0
6
6
185
9
140
132
9
9
42
161
137
1
4
14
27
43
121
43
15
15
143
15
55
192
116
17
0
23
151
157
14
107
14
138
34
2
199
99
175
56
0
65
169
30
136
4
31
51
140
38
29
28
28
75
28
28
36
36
36
42
36
88
35
1
77
175
41
18
35
29
29
88
83
141
109
156
5
42
42
94
110
140
68
42
0
27
27
27
172
27
27
65
44
0
7
47
13
43
96
69
45
31
8
125
47
63
41
57
49
2
0
56
0
56
56
84
132
55
165
47
53
60
60
60
0
116
60
128
60
0
114
41
132
59
18
81
113
61
0
0
7
156
155
190
0
42
134
194
0
185
180
191
154
52
3
0
112
12
0
12
1
12
19
113
0
0
2
50
129
19
155
95
97
109
23
125
0
64
109
52
148
66
199
194
169
32
116
63
0
138
0
65
65
65
200
65
15
15
13
15
15
70
70
70
70
5
29
70
183
76
76
76
3
76
0
26
26
78
78
78
78
78
183
126
0
45
82
62
62
62
62
6
62
62
3
47
3
15
49
83
74
177
83
152
84
38
118
84
19
84
118
111
103
45
17
167
135
47
47
19
14
79
159
94
75
75
75
201
0
95
0
89
89
105
0
0
147
0
144
8
8
173
81
48
48
48
48
199
48
96
5
108
97
199
16
116
175
39
0
87
0
180
0
196
171
36
11
175
14
0
200
58
130
50
41
22
0
175
18
130
108
101
101
66
38
101
101
78
104
12
201
78
155
138
78
0
55
57
48
64
64
25
105
105
0
202
71
141
57
194
57
177
96
0
195
23
23
2
32
188
186
111
111
20
161
113
16
110
114
112
97
129
112
167
112
112
112
185
0
21
185
51
0
178
94
117
117
123
39
39
39
107
126
6
185
6
182
6
6
6
166
171
120
5
0
58
171
95
95
43
86
95
95
49
186
92
77
92
194
63
39
137
107
131
155
121
153
37
65
35
0
7
7
122
7
28
44
146
73
133
131
73
35
108
29
130
195
75
88
44
149
176
74
102
74
128
76
81
11
81
81
81
81
81
81
126
0
118
12
25
118
106
84
191
129
186
35
195
129
129
161
3
3
146
123
46
101
194
147
93
129
165
190
0
0
58
0
116
0
0
32
29
4
172
73
88
167
0
199
136
136
160
164
126
137
27
137
84
137
5
137
141
124
6
16
138
63
63
63
63
63
140
20
138
177
88
195
91
88
3
38
183
108
176
43
0
43
43
43
43
43
88
160
146
147
147
79
186
93
4
26
4
36
64
133
149
14
91
85
128
47
1
2
136
110
110
110
134
110
110
3
168
0
147
65
148
29
148
148
200
154
154
24
0
154
91
20
54
167
54
54
54
11
54
54
54
155
155
102
84
65
97
26
26
26
180
67
32
32
32
175
52
164
160
160
160
82
71
71
106
86
148
28
110
110
137
103
2
112
18
0
0
167
165
76
31
167
75
175
20
113
113
113
111
148
99
99
90
166
90
158
40
6
165
169
169
13
178
3
8
87
138
0
182
159
159
159
193
172
101
134
173
25
55
147
98
202
19
125
200
0
185
175
179
97
174
174
174
0
118
174
174
174
140
78
140
123
195
161
88
161
161
161
48
33
48
48
52
184
0
50
6
155
126
126
126
117
25
14
45
81
190
159
87
114
88
88
135
56
135
135
193
14
180
120
78
129
177
69
195
12
109
102
168
102
29
1
15
136
135
135
135
0
185
159
101
171
171
73
191
167
0
140
143
178
1
126
126
126
195
84
195
61
167
167
188
167
30
167
90
16
0
160
160
160
160
98
173
117
73
190
13
73
73
0
147
148
118
94
148
37
49
81
135
156
114
60
60
43
60
0
11
168
168
168
0
136
85
105
105
160
160
40
34
34
34
148
137
127
148
115
68
0
0
68
84
84
84
138
116
29
138
138
7
169
72
72
146
22
22
156
144
0
98
18
62
20
102
33
102
44
0
29
83
29
29
156
65
185
85
117
12
0
85
129
129
94
142
0
0
186
171
186
186
66
63
37
40
194
0
14
187
187
187
187
187
187
187
187
187
70
0
68
119
0
179
82
82
82
82
76
119
119
130
119
119
119
119
9
137
137
123
137
46
137
167
170
36
142
55
36
10
165
133
83
116
93
17
17
166
17
16
0
0
192
0
129
32
77
117
32
191
44
2
52
0
184
161
186
88
88
0
88
114
88
49
4
0
0
22
22
175
24
51
128
11
129
129
71
100
130
130
51
0
186
40
171
51
13
39
121
92
21
121
132
92
92
92
13
151
88
151
151
83
0
35
151
151
130
39
113
110
118
169
113
109
169
137
167
90
14
73
108
96
191
199
180
180
83
180
73
42
180
18
10
10
10
173
20
20
91
85
159
128
45
172
95
50
19
172
96
172
172
182
148
80
85
5
60
60
142
142
142
199
142
142
88
172
0
120
185
38
120
50
120
120
120
120
59
167
52
52
52
82
0
40
156
44
44
160
44
0
152
50
99
99
55
190
94
58
143
129
175
96
136
134
71
157
0
78
40
152
40
40
0
25
146
101
101
133
41
161
0
191
0
0
151
13
160
13
13
13
41
121
41
194
161
97
11
111
0
0
42
163
28
78
28
59
23
17
59
59
176
164
160
160
159
160
48
0
64
62
121
49
123
86
191
191
115
165
0
203
153
153
194
178
153
196
165
32
118
163
113
163
115
163
163
17
137
15
82
182
10
10
21
30
36
5
67
57
0
2
76
192
176
113
171
43
40
182
184
190
184
184
184
104
104
104
104
53
83
83
85
83
0
40
92
40
40
30
30
41
130
130
79
184
184
184
28
184
179
29
136
127
130
85
20
88
71
0
0
85
56
186
25
25
100
192
0
30
182
103
124
168
168
168
146
182
22
30
30
173
54
37
0
156
45
193
193
153
193
62
13
62
179
179
63
73
92
23
169
23
116
23
158
0
111
111
111
143
143
121
157
157
107
2
192
121
121
144
95
6
176
178
168
0
178
155
0
87
200
87
87
87
128
128
97
126
79
128
70
70
107
86
70
122
112
0
87
100
0
144
36
144
112
112
112
112
23
112
112
0
24
157
5
5
141
141
0
141
141
141
148
176
186
172
148
38
172
172
21
103
194
116
102
31
116
166
47
116
94
191
19
30
69
69
93
173
69
116
116
46
32
133
170
146
146
52
146
178
178
199
178
132
178
0
113
113
152
107
165
121
32
119
32
90
108
138
65
114
182
37
37
65
154
194
161
154
151
29
0
74
104
119
158
108
108
138
0
12
68
186
4
4
190
195
111
182
182
182
182
55
71
0
171
102
82
32
52
41
41
169
7
169
131
117
123
123
84
35
35
93
90
61
190
61
194
164
129
129
51
40
40
40
164
0
94
87
98
186
142
176
57
144
61
111
175
0
111
0
115
56
56
65
56
56
56
56
56
56
199
88
56
19
56
56
56
56
56
56
121
176
176
176
176
0
0
0
157
0
0
14
165
104
0
185
165
7
68
182
7
0
46
99
70
129
87
0
83
87
67
18
175
84
67
67
67
101
47
48
48
190
6
153
48
48
0
48
31
52
181
92
133
107
35
35
35
35
146
44
179
179
173
9
9
59
98
184
156
93
156
94
10
60
10
54
116
0
5
5
5
170
40
137
69
175
173
40
0
153
191
0
41
70
22
7
7
7
132
0
52
153
52
137
16
109
0
16
16
16
16
104
16
0
0
0
5
20
5
11
37
157
152
157
157
106
144
49
199
191
89
167
78
69
71
101
116
77
83
0
77
137
77
77
77
173
42
50
50
50
50
50
128
22
22
108
192
184
59
59
58
13
71
55
101
101
101
100
68
68
24
42
42
42
75
200
89
154
140
131
73
153
99
194
34
34
188
151
167
136
188
199
67
179
181
190
190
170
73
12
104
198
198
198
198
198
198
198
198
198
198
198
198
198
198
198
43
198
198
198
153
198
67
123
198
198
198
198
198
198
198
137
190
64
121
0
30
25
104
190
121
121
195
125
13
199
167
4
4
200
27
27
158
27
27
0
43
118
15
108
195
3
134
192
154
4
55
124
55
55
138
94
138
138
145
75
163
135
2
55
34
122
2
34
14
99
183
175
144
166
35
56
170
56
136
36
0
36
36
1
1
1
1
1
175
109
41
41
41
169
121
85
77
77
77
77
88
88
48
0
141
123
61
141
141
141
0
137
172
17
110
32
27
88
167
47
47
120
18
103
4
148
27
27
109
27
27
69
114
69
51
118
46
182
41
41
93
132
159
31
118
89
89
91
89
89
96
201
14
98
182
2
114
2
7
93
156
79
156
81
9
165
0
81
114
52
155
155
76
42
194
194
194
44
194
194
19
19
19
19
20
97
97
97
109
0
3
109
24
52
158
52
0
86
145
95
95
169
38
169
169
73
192
116
63
29
194
122
194
121
70
200
200
200
200
200
160
183
183
183
183
1
45
134
116
0
82
190
134
144
62
47
148
83
74
74
161
13
118
118
118
118
15
15
15
120
201
15
130
94
95
38
0
38
38
37
48
48
115
202
132
76
116
75
92
147
147
147
151
147
199
94
100
158
175
44
108
108
108
0
66
66
66
66
66
148
55
0
0
138
0
202
202
195
111
125
45
111
79
111
110
42
39
110
109
92
95
129
151
84
97
97
97
185
185
185
185
25
0
185
185
0
185
147
99
94
94
24
129
39
180
90
12
184
107
106
107
71
126
84
151
33
95
95
0
0
177
55
171
83
96
43
142
86
101
86
132
186
0
186
57
64
88
194
92
92
92
92
2
137
137
137
121
131
0
188
133
73
182
88
104
50
29
65
146
132
146
74
74
74
74
74
76
0
37
74
74
74
149
26
193
118
137
118
87
97
25
12
18
191
122
35
87
99
107
188
161
86
0
200
146
146
128
180
55
14
147
165
165
129
102
172
172
201
57
156
164
26
137
159
79
84
84
168
20
0
195
112
94
163
43
111
160
80
0
0
0
147
79
145
79
79
55
177
184
161
14
59
134
110
170
79
194
91
20
73
20
20
91
200
11
130
75
50
167
153
142
154
24
154
20
24
24
24
125
115
129
175
171
164
32
180
0
112
112
103
0
179
174
82
167
167
147
113
137
178
0
3
19
8
8
0
145
0
148
179
148
173
25
0
55
109
98
202
128
179
16
125
0
125
73
54
135
182
182
169
182
143
186
81
99
118
75
0
123
11
142
60
1
123
123
128
0
195
71
87
87
33
33
0
6
117
58
81
81
81
0
190
24
142
25
147
195
24
107
129
129
174
141
199
182
29
102
164
61
167
171
167
140
0
61
61
0
61
188
135
40
39
18
160
160
191
30
16
73
139
74
0
0
94
49
0
73
37
189
37
114
15
114
78
148
13
135
85
28
202
168
34
34
0
173
7
1
119
115
0
129
62
0
142
15
186
63
37
55
0
0
114
79
14
76
31
119
179
179
179
49
76
130
130
130
130
0
119
96
29
16
55
55
30
24
144
192
32
2
170
2
200
83
83
177
83
20
83
83
0
83
15
113
161
0
100
158
44
200
44
115
49
100
49
132
96
22
118
128
131
128
128
128
100
84
100
100
201
0
119
51
51
51
40
40
30
123
39
39
22
22
29
22
24
24
0
159
171
13
85
13
0
116
177
175
142
142
175
167
167
167
191
131
51
73
182
128
79
195
133
133
152
202
73
0
83
152
91
89
190
199
180
85
85
170
120
120
91
10
121
145
0
50
78
50
152
152
152
38
183
50
50
0
0
58
6
71
71
71
71
25
0
146
146
78
202
0
41
0
157
157
13
13
133
115
178
133
11
0
190
191
14
163
163
163
93
99
55
143
159
131
131
131
131
131
131
54
21
101
144
49
68
115
6
0
115
31
165
165
135
165
133
103
165
165
165
165
196
196
196
196
196
196
196
196
196
196
196
0
29
118
115
52
180
180
146
37
34
76
76
113
57
53
53
190
41
41
104
104
0
79
79
136
126
136
136
136
136
136
28
28
28
68
164
85
50
186
100
182
182
157
182
182
49
54
54
165
176
153
60
156
11
137
45
92
92
179
23
169
4
116
116
202
116
120
161
157
157
157
107
107
107
157
184
79
2
2
121
121
148
95
95
95
202
168
23
135
155
106
114
42
128
173
97
183
83
79
200
79
144
144
18
0
87
69
154
36
152
24
156
141
5
5
5
176
176
172
176
176
30
44
148
148
47
95
47
47
47
173
166
170
32
28
32
136
130
170
52
52
152
133
132
27
90
178
93
128
114
182
151
19
65
49
14
161
65
104
94
13
36
183
27
138
68
68
68
195
195
195
195
195
0
111
0
0
178
102
102
123
102
55
55
7
7
201
131
131
21
117
27
34
78
146
194
194
194
170
173
32
170
129
38
87
87
83
98
17
192
186
51
51
139
24
61
120
61
144
0
0
142
38
0
45
199
188
69
104
69
44
70
70
70
149
0
129
139
173
195
67
18
18
175
175
175
10
46
190
133
172
202
173
173
173
173
1
93
113
116
54
16
137
137
137
191
191
170
191
151
173
56
132
132
188
132
153
153
13
24
23
110
16
83
11
11
20
20
20
50
120
144
19
188
74
37
71
71
71
69
69
39
101
101
89
89
176
135
176
176
176
176
50
128
28
120
173
192
192
192
190
13
84
75
200
60
140
140
140
140
140
140
154
154
72
133
136
136
190
131
170
170
0
32
170
169
43
153
29
59
145
170
122
199
158
158
3
75
92
106
161
57
38
135
109
135
135
134
0
2
96
193
122
122
100
100
115
35
36
36
36
144
55
49
15
169
137
137
17
78
18
27
27
27
181
88
182
41
64
118
114
114
201
65
9
104
9
154
113
52
52
52
54
139
44
44
194
0
108
158
194
122
20
142
20
20
3
138
73
95
73
122
122
122
122
126
194
127
190
121
121
39
161
134
61
134
134
14
52
120
120
120
144
144
188
52
0
15
15
38
164
130
38
134
76
116
201
201
201
201
151
199
100
100
100
46
61
30
148
148
68
52
0
52
74
85
109
84
84
151
99
24
60
180
59
129
68
183
59
177
177
177
152
166
184
146
95
151
151
151
96
20
0
191
142
142
55
201
113
158
101
81
132
132
193
193
4
87
122
122
122
98
87
151
74
170
146
26
146
146
188
78
138
54
180
183
191
163
163
94
97
86
177
177
145
14
108
14
0
24
125
60
136
129
164
38
142
32
71
32
50
24
7
24
200
37
37
179
75
179
179
89
64
139
64
64
159
109
92
202
0
73
2
2
145
145
145
140
169
182
182
149
99
80
99
0
186
147
11
192
1
123
123
123
186
41
186
16
6
58
54
58
24
24
71
129
13
152
131
107
171
184
171
171
167
59
28
167
41
185
41
41
41
59
188
64
74
94
94
73
145
136
175
15
15
175
15
27
15
153
28
202
202
109
58
21
202
54
164
0
1
1
1
15
55
170
55
3
31
38
31
76
57
49
49
96
96
96
13
69
30
192
192
24
70
186
2
145
143
170
158
158
158
57
0
36
190
36
15
164
200
200
200
0
201
40
30
30
123
46
96
50
159
96
96
183
96
37
159
159
159
0
85
177
79
0
177
131
128
128
79
186
199
170
91
7
89
128
133
0
133
133
121
91
145
91
78
78
47
204
152
140
143
152
144
38
58
58
126
41
6
6
58
20
71
71
202
202
39
28
89
115
115
195
115
178
89
178
99
143
143
95
94
94
177
54
83
31
31
101
159
103
103
103
135
135
106
0
52
52
156
19
126
13
126
161
149
104
164
164
73
68
85
85
7
10
85
0
50
139
157
157
157
49
11
45
46
24
202
202
202
86
202
202
182
157
157
138
169
107
60
60
183
199
0
202
202
202
202
83
93
200
200
181
18
144
144
69
69
69
69
23
128
23
154
171
172
172
76
173
32
194
108
130
130
130
0
19
19
49
49
71
65
191
36
186
27
95
183
183
126
183
170
170
170
131
131
21
59
21
71
143
34
34
34
170
65
171
14
188
0
170
98
98
78
163
17
16
192
139
24
24
144
120
120
38
19
149
149
139
72
38
185
21
99
129
0
90
133
133
128
133
133
10
10
166
172
172
154
154
119
1
136
113
113
16
0
170
191
133
133
191
202
95
132
199
191
21
58
152
120
188
188
0
82
82
102
102
102
39
39
8
74
89
120
190
190
38
60
165
0
154
154
144
44
146
146
146
146
146
110
0
133
29
138
29
183
29
106
106
23
92
163
161
122
70
96
193
193
193
193
115
115
189
55
143
132
178
0
0
179
114
114
114
166
137
114
113
114
54
54
194
94
65
65
126
188
171
134
199
199
199
46
46
46
46
46
61
52
148
59
195
151
68
166
166
166
166
166
146
157
111
191
43
191
183
20
99
74
151
151
26
78
73
122
181
181
5
191
170
170
25
183
164
164
50
50
200
200
89
185
96
168
25
182
80
80
80
80
106
80
148
0
41
16
16
58
58
204
204
204
204
204
204
204
204
204
204
127
184
59
59
59
185
185
36
28
28
171
64
64
64
64
64
64
64
136
175
175
153
153
153
153
58
58
58
21
21
109
109
1
38
55
76
76
76
170
170
181
164
164
164
57
45
26
13
13
159
192
186
186
14
0
164
0
108
190
139
96
159
159
123
183
47
79
79
46
46
46
46
46
46
46
46
46
91
91
128
78
91
91
59
106
94
91
186
7
143
143
143
143
159
128
119
152
119
71
195
195
195
195
89
89
117
143
39
39
24
39
19
19
122
161
0
166
166
41
139
139
151
0
139
181
94
136
94
11
86
157
199
139
154
154
128
136
23
136
0
76
91
130
130
19
91
10
126
59
0
133
93
194
136
19
143
143
95
170
163
33
127
16
16
0
144
10
139
10
72
67
119
119
119
119
16
16
152
201
201
201
201
201
201
122
72
191
191
166
21
21
21
21
190
190
190
38
38
146
146
146
183
183
23
189
189
189
189
189
117
96
179
90
114
146
134
183
106
65
108
192
31
31
0
31
0
111
166
166
52
43
130
165
165
20
14
26
104
26
91
122
151
73
181
191
45
168
168
96
106
106
111
16
25
25
145
25
148
0
148
127
64
127
185
185
36
111
86
24
111
125
70
0
170
44
26
26
108
108
108
0
88
91
139
44
44
118
45
19
19
93
109
125
78
106
35
59
59
143
143
45
159
159
69
69
58
136
48
0
122
159
96
178
139
139
139
181
33
181
181
181
181
154
154
117
154
154
23
23
23
39
44
133
133
125
44
93
48
117
117
117
38
147
127
53
31
67
127
105
127
127
205
203
39
33
33
152
152
152
152
152
122
122
72
72
72
144
38
195
203
146
67
106
106
106
106
165
106
106
31
30
166
166
166
130
130
52
143
52
95
95
0
37
78
104
44
45
0
111
149
97
94
111
70
70
70
44
0
101
139
91
118
118
118
45
45
45
26
90
35
45
159
136
48
171
96
159
178
178
57
33
33
102
33
33
57
117
117
109
181
70
153
125
125
125
125
125
93
93
145
145
188
188
119
171
147
147
31
67
67
67
96
0
96
39
39
39
144
0
206
31
31
31
30
30
30
30
30
30
30
0
37
120
37
45
110
45
203
203
181
203
203
207
203
208
199
57
149
149
44
48
165
181
48
0
181
171
96
96
57
128
0
109
171
147
147
159
147
147
125
125
12
125
32
201
70
1
206
206
206
206
206
206
206
206
206
206
206
206
206
206
206
206
206
206
206
206
206
206
206
206
206
206
206
206
206
206
206
206
31
110
110
149
203
44
44
165
35
48
93
48
145
147
128
24
144
32
1
1
37
94
102
94
31
31
152
145
145
188
93
93
93
24
102
183
94
25
94
37
37
37
188
188
88
25
25
181
151
88
38
102
102
107
37
38
38
38
38
38
201
151
107
29
25
29
29
180
180
180
180
25
