0
1
1
1
2
1
1
1
1
1
1
1
3
1
1
0
1
1
1
1
1
1
1
1
1
4
1
1
0
2
1
1
1
1
1
1
1
1
1
1
1
1
5
1
1
1
5
6
1
1
1
1
5
1
1
1
1
7
1
8
1
1
1
1
1
9
1
1
0
1
4
10
1
1
1
1
2
1
0
1
1
1
1
1
1
1
5
2
1
5
0
4
10
9
1
0
0
1
5
2
0
0
0
9
1
0
0
1
0
0
0
0
0
0
0
0
1
0
0
0
1
1
1
5
5
11
1
1
5
9
1
1
1
1
1
1
1
1
1
1
1
1
1
1
1
1
1
12
6
1
0
1
1
1
1
6
0
1
1
1
6
4
1
1
1
1
1
1
1
1
1
1
13
1
13
13
1
13
13
13
1
14
1
2
13
13
15
13
16
13
1
4
17
1
1
18
19
11
20
21
0
22
1
13
1
1
1
5
1
1
4
1
1
4
1
11
1
1
1
1
4
4
4
1
1
4
23
4
1
4
1
4
4
1
1
4
1
1
2
1
4
1
1
24
4
1
16
3
1
1
1
1
1
1
1
1
1
1
1
1
1
1
1
1
1
11
1
1
1
1
1
1
1
1
0
2
2
2
1
2
1
2
1
1
1
1
1
25
1
5
1
15
1
1
1
1
1
1
7
1
15
1
15
1
15
1
1
1
1
1
1
2
1
26
1
5
1
9
1
1
1
1
1
1
5
1
4
27
28
17
1
1
1
1
5
1
1
1
1
4
1
1
1
2
0
2
2
2
2
2
1
1
1
1
1
1
1
1
1
1
1
1
1
1
1
3
1
1
1
1
1
1
1
1
1
29
1
1
1
1
1
1
1
1
11
1
1
1
1
1
1
1
1
1
1
1
1
1
1
1
1
9
2
5
1
1
0
0
1
1
9
1
1
1
1
1
1
1
4
30
31
4
1
32
33
4
4
14
0
4
14
9
2
4
4
2
2
1
2
2
17
1
2
0
0
0
0
0
1
1
2
2
2
2
2
34
1
4
1
1
2
5
0
0
10
10
10
10
4
0
0
31
31
31
35
31
31
31
2
2
2
2
2
36
5
2
1
4
4
5
3
5
37
1
1
5
5
1
5
5
5
1
38
17
1
1
1
7
1
1
1
1
1
1
1
27
27
27
27
27
27
27
27
1
1
1
1
1
9
27
28
1
27
1
1
1
1
1
1
1
1
1
1
1
1
1
1
1
1
1
1
1
1
1
1
9
1
1
1
1
1
1
1
1
1
1
1
1
1
34
1
1
39
1
1
1
1
40
1
1
1
1
1
1
20
1
1
1
1
1
16
1
1
1
1
1
1
1
1
1
1
1
20
1
20
20
1
1
34
34
34
1
1
1
1
1
1
1
20
20
1
11
1
1
1
1
1
1
1
1
38
1
1
1
1
1
13
1
26
1
1
3
1
1
1
1
1
1
1
1
1
1
1
1
1
1
1
1
1
1
1
1
1
1
1
1
1
1
1
1
1
1
1
1
1
1
9
1
1
1
1
1
1
1
1
1
1
1
1
1
1
1
1
1
25
1
25
1
1
1
1
1
9
1
7
1
17
11
1
1
1
1
1
1
1
11
14
1
11
1
11
11
1
1
1
1
1
1
1
1
1
1
1
1
1
34
1
1
1
1
1
1
1
1
1
1
1
17
1
1
1
34
1
1
1
1
1
20
26
1
1
1
1
8
11
1
1
1
1
1
9
1
1
1
1
1
1
1
1
41
1
1
38
1
1
1
1
1
1
1
1
1
1
1
1
1
1
1
1
1
1
1
1
1
1
1
1
1
1
1
1
11
1
11
1
1
1
1
1
17
17
1
9
1
40
1
11
1
1
1
1
1
42
1
9
1
1
1
1
1
7
20
1
1
1
1
1
43
1
1
1
1
1
1
1
34
34
1
1
1
1
1
9
1
1
1
20
1
1
1
1
1
1
9
1
1
1
1
1
1
1
1
1
20
1
1
1
1
12
1
1
1
1
1
43
1
1
43
43
1
1
1
1
1
1
3
1
1
1
1
1
1
1
1
1
11
1
1
1
17
1
1
1
44
9
1
1
1
39
1
29
10
1
1
1
1
1
31
1
1
1
1
1
9
1
1
1
20
1
1
1
1
1
1
20
1
1
1
1
9
1
1
1
1
1
1
1
1
1
1
1
1
1
1
45
9
1
1
9
1
46
1
1
1
1
1
1
9
15
5
16
47
15
1
1
1
15
7
48
39
1
7
20
4
15
15
15
15
1
9
15
49
15
15
1
50
15
15
51
15
15
15
17
52
15
1
5
1
1
1
20
13
1
1
1
1
1
1
9
1
1
1
11
1
1
1
1
1
1
20
1
1
11
53
1
1
1
1
1
1
1
9
1
1
1
1
1
1
1
1
20
20
20
20
20
20
20
20
20
48
20
20
43
1
1
54
20
20
20
20
20
20
1
1
1
16
1
1
1
1
1
1
1
1
1
1
1
55
1
1
1
1
56
1
43
1
1
1
1
1
1
1
43
43
43
43
43
43
43
1
43
43
1
1
1
1
43
43
57
1
1
1
1
3
1
1
1
1
58
1
1
1
1
1
1
1
1
43
1
1
1
1
1
1
1
1
1
55
55
55
55
55
55
1
1
55
48
1
1
1
1
1
1
1
24
1
1
1
1
1
1
17
1
1
1
1
1
1
1
1
1
1
9
1
1
1
1
24
59
1
1
1
57
1
1
1
1
2
1
2
34
2
1
14
1
17
1
1
34
1
16
1
34
45
45
1
1
1
16
16
1
16
1
1
16
16
1
1
60
3
1
16
11
9
15
1
1
14
14
1
1
9
1
1
1
1
1
1
1
1
1
1
9
1
1
1
1
1
1
1
1
1
1
1
24
24
24
46
24
24
9
16
16
16
16
16
16
16
16
16
1
1
1
1
1
16
16
1
1
16
1
1
1
1
1
1
5
1
1
1
1
1
1
1
1
1
1
1
1
1
1
1
1
1
1
1
1
1
48
48
48
48
48
48
48
48
1
1
48
1
1
25
1
14
1
1
1
1
42
1
1
1
1
1
1
1
1
1
1
1
1
1
1
9
1
1
1
2
9
1
1
1
1
1
1
7
1
1
36
1
1
1
1
1
1
1
1
1
1
1
1
1
1
1
1
16
1
1
14
61
1
1
1
1
1
1
1
1
11
11
11
17
11
11
11
1
62
1
1
1
1
1
62
1
1
1
1
1
42
42
1
1
1
1
55
53
53
1
1
1
1
1
1
1
1
1
1
1
1
1
1
1
1
1
1
1
1
1
1
1
1
1
1
1
42
1
1
1
1
1
1
1
1
1
1
9
1
1
1
1
1
1
1
1
1
1
1
1
1
1
1
1
46
1
46
46
1
1
1
1
2
1
1
1
1
1
47
1
9
47
1
1
1
1
1
1
1
1
1
1
1
1
1
1
1
1
1
1
9
8
1
1
1
1
40
1
1
1
1
56
9
1
1
1
1
1
1
1
1
1
1
1
1
1
1
1
1
1
1
1
1
1
1
1
1
1
1
1
63
1
53
1
1
1
1
1
7
1
1
64
1
64
1
1
1
1
1
65
1
1
1
9
1
1
1
9
8
1
1
1
16
1
1
1
1
1
1
1
1
1
1
1
1
1
1
1
16
1
1
9
1
1
46
58
1
1
1
1
1
1
1
1
1
1
1
1
1
1
1
1
1
1
1
28
1
1
1
1
1
1
9
11
11
38
59
1
1
1
1
1
66
1
1
1
1
17
1
1
11
1
1
1
59
9
7
7
7
46
7
17
17
10
8
7
1
15
1
1
7
7
7
7
46
46
46
1
1
46
46
46
17
1
1
1
1
1
1
1
63
1
16
16
16
1
7
7
7
7
7
39
1
17
9
1
1
1
1
1
1
8
1
1
1
17
1
11
1
1
1
1
1
1
1
1
1
1
59
59
59
59
59
67
59
59
1
68
1
1
1
1
1
1
1
17
17
17
69
17
17
17
17
17
17
17
17
1
66
17
17
17
1
70
11
11
71
26
1
1
1
1
1
1
1
1
1
1
1
1
1
1
1
1
1
34
34
1
9
9
1
1
45
1
1
1
1
1
9
46
1
1
1
1
1
1
1
1
1
1
1
1
1
1
1
9
1
9
1
1
1
34
1
9
65
34
34
34
34
24
34
34
34
34
34
34
34
34
34
34
65
34
34
34
34
1
34
34
34
63
34
34
1
34
34
34
1
42
1
1
1
39
1
1
1
1
1
9
17
1
1
1
71
1
1
9
1
1
1
1
1
1
1
1
1
1
1
1
8
8
8
8
8
8
8
8
8
1
45
8
1
1
8
1
1
1
1
1
1
1
20
20
1
1
8
1
1
9
1
1
1
1
1
1
15
1
56
56
1
1
1
1
1
1
34
1
1
1
1
1
20
1
28
9
1
1
1
1
1
1
8
56
1
1
1
1
37
1
1
1
1
1
1
1
1
1
1
1
1
1
53
53
1
1
1
1
58
8
8
8
1
17
17
17
17
17
41
1
1
41
8
45
8
8
1
1
1
1
1
1
14
1
1
1
1
1
53
72
1
1
1
1
1
1
9
56
1
9
1
1
1
1
1
1
1
1
1
1
36
8
1
1
1
1
1
8
1
8
9
1
1
1
1
1
1
1
31
9
1
1
1
1
8
1
1
73
73
73
73
1
73
1
9
9
9
1
1
70
9
70
1
1
1
1
1
1
1
1
1
9
13
68
1
1
1
1
1
74
74
63
1
70
10
70
70
70
70
70
70
75
70
70
10
70
75
1
1
1
10
1
57
1
42
42
1
42
1
1
1
1
73
1
1
1
9
63
1
1
9
1
56
56
1
1
1
66
20
7
1
1
1
1
1
1
9
1
1
63
1
9
1
1
58
45
1
1
1
1
1
1
9
1
38
53
9
9
1
1
1
1
1
1
1
1
1
1
1
1
1
1
49
7
7
76
7
7
1
1
1
1
1
16
77
1
63
1
1
1
1
1
1
1
1
65
1
1
9
1
1
65
45
45
9
45
45
45
38
45
45
45
45
45
45
65
9
45
45
45
9
45
45
45
45
45
58
45
45
45
45
10
1
45
1
1
1
1
1
1
1
1
1
78
12
1
1
1
1
1
9
9
58
58
58
58
58
58
1
1
1
1
1
1
1
1
1
1
1
57
1
1
40
1
1
1
1
79
1
44
20
20
20
20
20
41
20
20
20
20
20
20
20
42
20
20
20
20
1
7
1
1
37
1
1
1
1
1
1
9
1
1
1
1
1
1
1
39
1
9
9
1
3
45
1
1
1
1
1
56
56
9
1
56
1
1
1
1
56
1
1
63
63
1
1
25
1
1
1
63
1
63
13
1
1
9
56
1
1
56
80
56
1
1
56
56
56
1
1
1
9
9
9
56
56
7
7
1
1
1
1
1
63
63
81
63
82
1
63
63
63
63
63
1
1
1
1
1
1
1
1
1
1
83
1
1
42
9
1
1
1
53
1
1
1
9
1
1
1
1
1
1
1
1
1
9
1
1
39
1
84
1
1
1
1
9
9
1
1
1
1
9
1
54
1
1
1
1
1
9
1
1
1
68
1
1
1
1
1
1
1
1
1
1
1
63
1
1
1
1
1
1
14
14
14
14
14
1
1
9
9
1
1
9
1
1
1
1
1
39
1
1
1
83
1
1
9
1
83
1
9
9
1
1
1
1
1
1
1
1
9
9
1
1
1
1
1
1
9
9
9
9
1
1
1
1
1
1
1
44
1
1
1
1
1
1
66
1
1
1
42
1
1
9
1
1
1
1
1
1
1
9
1
1
1
1
1
1
1
9
1
1
1
1
1
29
1
1
1
1
1
1
1
1
1
1
1
9
1
1
9
7
8
79
1
13
13
45
45
13
13
45
13
85
86
87
1
1
14
1
1
1
1
1
1
9
1
1
45
45
45
65
45
45
45
45
45
45
45
68
1
26
56
1
78
1
39
38
38
38
9
38
1
1
9
1
9
1
1
1
1
1
1
9
45
1
1
1
9
1
1
9
1
1
1
9
61
1
1
1
1
1
1
1
1
1
73
1
1
1
1
57
1
1
1
1
1
1
1
1
1
9
9
9
9
1
78
78
1
1
53
1
1
26
1
9
24
1
1
9
1
1
53
1
1
36
1
1
1
1
9
1
9
1
3
1
1
1
1
1
1
1
1
1
1
9
42
1
1
1
1
1
1
1
1
36
1
9
9
1
1
1
9
53
1
36
10
1
1
56
1
1
1
1
1
1
1
1
1
1
1
1
1
1
1
1
9
1
34
53
1
1
1
1
53
1
1
9
1
1
1
1
1
1
1
1
1
9
1
71
66
9
9
88
1
25
1
38
1
1
1
1
1
1
1
9
1
1
37
1
36
9
25
1
1
1
1
47
1
1
56
1
56
56
1
1
1
56
56
56
53
53
53
53
53
53
78
78
1
9
26
1
1
1
1
1
1
1
1
1
1
1
1
1
53
53
53
53
53
53
1
1
1
1
1
1
1
1
1
1
89
1
38
90
83
91
83
83
83
1
92
66
9
1
1
93
93
1
1
1
14
1
1
92
53
53
1
1
1
36
84
36
36
36
36
36
36
10
36
36
36
36
36
36
36
36
1
1
9
1
84
84
84
84
84
84
84
1
9
1
1
1
1
1
94
94
40
40
40
79
56
56
1
1
1
1
1
1
3
1
1
68
1
1
1
1
1
56
3
39
56
56
56
9
1
1
95
46
56
14
96
1
25
14
1
1
1
88
9
1
14
9
14
14
14
1
14
14
1
14
73
14
31
9
1
1
10
1
1
1
57
1
1
1
10
10
10
1
1
97
1
1
1
9
1
1
1
98
1
1
1
1
9
9
73
68
9
1
78
9
9
73
73
73
73
73
73
73
73
1
9
1
1
1
1
1
1
68
1
68
68
9
1
1
9
68
68
68
68
1
1
46
9
57
1
9
1
1
1
83
1
1
1
1
9
39
1
1
78
1
1
1
1
1
1
10
9
10
10
10
10
75
10
10
1
54
73
1
9
9
9
1
9
1
1
1
79
1
9
78
9
1
49
9
9
33
9
9
9
9
9
9
3
9
29
78
1
9
1
68
1
1
47
36
1
1
1
9
9
1
1
1
1
1
68
1
68
10
70
70
10
10
75
10
10
36
70
10
9
1
57
1
1
1
1
1
1
68
1
42
1
88
1
9
1
1
1
83
1
1
1
92
1
1
98
1
1
68
57
92
78
9
42
1
9
1
42
1
1
1
1
68
9
1
1
1
1
33
1
1
55
1
9
9
1
33
1
9
1
1
1
1
1
68
68
68
68
68
9
68
42
28
28
10
38
38
1
1
1
66
1
60
9
1
54
1
1
1
9
1
1
1
1
9
1
1
1
1
1
1
1
1
1
1
88
1
1
1
9
1
1
9
1
39
1
1
1
1
9
9
9
1
1
1
1
1
1
1
1
1
1
26
78
1
9
1
92
1
99
78
28
9
9
88
1
1
1
1
88
1
1
1
1
1
42
7
1
1
60
83
36
83
100
3
101
102
9
66
103
104
83
83
105
83
1
1
1
1
1
1
1
1
1
47
1
1
1
1
1
1
1
1
1
40
57
1
42
9
1
9
77
1
1
1
1
1
49
9
1
1
1
9
9
47
1
9
9
1
42
14
42
42
42
42
42
42
42
9
1
78
92
73
9
1
1
1
1
1
33
1
26
1
1
1
1
1
9
9
9
1
29
9
9
9
9
57
1
5
9
1
9
1
1
1
1
9
9
1
1
1
9
1
1
1
1
1
1
1
78
78
1
26
1
9
1
26
1
15
1
1
57
1
1
9
9
1
26
1
1
56
1
1
9
1
1
1
1
1
1
1
1
36
1
36
36
9
1
1
9
1
1
9
1
1
9
26
26
1
26
26
26
26
1
1
1
1
9
97
47
1
9
1
1
1
1
1
26
1
9
9
1
1
9
65
9
9
9
1
9
1
57
9
1
57
57
57
3
57
37
42
1
1
1
1
1
1
9
9
1
1
1
1
1
1
1
1
1
57
1
9
42
9
1
9
1
1
9
1
1
1
9
1
88
1
1
49
1
5
5
1
42
9
42
42
72
42
106
42
42
107
1
9
1
1
1
10
1
1
1
1
77
9
1
1
1
88
1
3
38
1
57
1
1
1
10
10
33
10
1
1
1
1
9
47
1
26
9
108
88
1
9
9
9
9
1
1
1
1
38
57
1
1
1
9
1
78
9
1
9
28
1
9
1
9
9
78
9
1
1
9
9
1
1
1
9
1
1
1
1
1
1
1
1
1
26
26
26
9
9
26
1
26
26
26
26
26
26
26
1
14
1
26
57
57
57
78
83
57
57
9
1
57
57
57
57
57
9
57
88
33
1
57
9
57
1
109
9
57
57
57
92
57
62
9
1
57
57
57
1
1
1
55
1
1
110
110
33
1
1
1
1
9
1
1
71
1
1
1
1
1
1
71
9
33
9
3
71
77
1
1
1
97
1
88
88
88
88
88
88
88
88
88
88
88
9
9
71
1
1
88
9
9
9
1
9
9
1
78
1
1
1
1
3
3
1
1
1
1
9
79
79
111
79
79
79
79
79
1
1
28
1
9
1
1
1
29
1
1
28
1
1
33
1
1
1
1
92
1
1
9
1
1
1
1
47
1
1
34
1
1
47
33
79
1
112
9
1
1
1
1
1
92
28
9
1
28
33
3
9
71
33
71
77
33
33
33
1
33
92
42
9
9
107
9
1
71
71
9
113
114
9
92
55
97
92
92
92
92
9
92
92
71
1
9
9
9
1
1
1
1
9
1
108
9
1
65
92
92
92
92
92
92
92
92
92
92
92
92
92
92
92
1
1
1
33
33
33
33
33
33
33
9
9
33
92
1
9
42
9
9
9
92
41
33
33
54
42
33
9
1
1
1
112
107
1
9
9
9
28
9
9
1
9
1
9
49
1
28
9
9
78
1
1
1
9
9
1
1
44
1
1
1
9
9
1
1
28
1
1
1
1
1
9
9
1
9
1
9
9
28
28
28
9
28
28
28
28
33
9
9
1
9
9
9
112
1
1
1
1
1
1
9
1
1
79
1
1
1
9
1
9
1
26
1
9
9
79
9
9
9
9
9
1
60
9
9
78
9
1
9
115
115
9
9
9
1
31
9
9
9
9
9
9
9
9
9
3
3
9
25
78
78
26
33
33
1
9
78
9
78
78
1
54
28
28
9
9
78
66
9
9
1
28
28
28
28
9
57
38
9
9
9
9
38
9
9
1
1
107
107
1
47
1
1
9
9
9
1
78
47
9
9
1
1
39
9
9
107
1
9
9
9
9
1
1
9
9
54
9
1
49
15
25
9
9
10
3
36
10
3
9
10
107
9
107
107
107
9
107
107
107
9
107
78
9
9
9
97
9
49
9
65
9
9
28
28
28
28
28
28
28
28
28
28
28
28
28
28
9
28
28
9
28
28
9
9
9
9
9
9
9
9
1
1
1
9
9
28
28
78
78
78
78
78
60
78
78
78
78
78
78
72
9
9
9
78
9
9
9
1
9
9
15
34
78
78
78
9
66
78
9
78
1
9
9
9
9
9
77
9
38
1
9
9
9
9
9
9
9
9
9
9
9
9
79
9
9
9
62
9
9
9
9
9
9
9
1
1
9
9
9
1
1
75
9
9
28
9
9
9
9
1
1
9
9
9
9
60
66
36
36
36
36
38
36
38
36
36
66
38
36
9
36
36
38
36
36
36
36
38
36
14
36
36
25
36
36
36
36
36
54
116
62
62
62
62
62
62
62
62
1
12
9
9
47
42
9
9
9
9
9
9
54
54
9
9
9
9
9
34
34
3
3
47
3
47
47
65
47
3
47
3
9
47
47
47
47
47
47
3
37
9
47
12
49
77
54
54
54
9
9
25
97
38
9
54
9
9
9
1
9
9
9
9
38
38
49
9
9
34
97
9
9
9
9
1
62
1
9
97
9
9
9
9
9
9
3
9
9
9
97
9
9
9
9
9
9
9
9
71
71
36
9
9
9
9
9
9
49
25
47
65
9
9
9
9
39
9
9
9
9
98
98
9
9
9
9
9
1
1
9
9
9
9
9
9
9
71
9
9
25
9
9
9
9
9
9
9
9
9
57
1
1
9
9
9
9
9
12
112
9
9
49
9
25
9
12
79
9
9
9
9
9
9
3
9
9
9
9
29
12
9
9
9
9
9
24
9
9
9
79
9
25
79
12
9
9
25
9
25
77
98
25
9
25
9
25
25
25
25
25
9
9
25
9
25
9
9
108
25
37
25
9
33
9
9
9
88
9
28
9
28
28
70
28
28
28
28
9
28
9
9
9
108
9
9
9
9
9
9
9
9
9
9
9
9
9
9
9
9
66
9
9
9
88
9
88
66
9
9
9
88
9
88
9
9
9
9
9
9
9
108
9
9
9
9
9
9
117
117
9
117
117
117
117
117
9
9
9
9
9
9
9
9
9
9
9
9
37
37
9
1
1
1
39
9
9
9
9
9
9
9
49
24
9
9
71
9
112
9
9
9
9
9
9
9
71
75
9
9
9
9
9
9
29
9
29
78
78
9
49
9
9
9
25
9
9
9
9
9
9
9
9
9
9
9
9
9
9
9
9
9
9
9
9
9
9
62
25
77
25
9
66
66
66
66
66
66
78
9
9
9
9
9
9
9
9
9
9
9
9
9
9
9
9
9
75
75
118
75
75
75
9
9
9
66
9
9
77
9
60
9
49
66
9
66
9
9
78
9
42
108
38
9
9
9
9
9
9
119
119
9
9
9
66
9
9
66
66
66
9
9
9
9
9
1
9
9
9
9
9
9
9
9
9
9
9
9
65
65
60
9
79
47
9
9
9
9
9
9
9
9
9
9
40
9
9
44
9
108
9
9
77
38
9
77
9
9
38
77
9
38
62
38
44
120
38
9
71
9
9
26
9
60
9
9
9
9
9
9
9
9
9
9
9
9
107
71
71
71
71
71
71
121
122
9
71
39
9
79
24
71
9
9
9
9
9
9
9
9
62
62
9
9
9
9
77
112
9
77
65
9
77
77
9
9
9
9
9
9
9
9
9
9
9
9
107
107
107
9
9
9
9
9
9
9
9
9
9
9
72
65
9
9
9
9
9
79
79
79
79
79
79
9
9
9
1
9
1
3
1
9
1
9
47
9
9
9
9
9
9
9
37
9
9
9
9
1
9
9
9
9
9
9
9
9
9
9
9
9
9
9
9
14
79
79
9
78
39
112
9
9
9
9
9
9
9
3
9
9
9
9
9
9
9
9
14
123
123
9
9
9
9
9
9
9
9
9
9
9
9
9
9
1
9
9
1
9
9
9
9
9
47
39
9
9
9
9
9
42
9
9
9
9
9
9
9
9
9
9
9
9
9
9
9
9
9
9
9
9
9
9
9
9
3
9
9
9
9
9
9
9
9
9
108
1
1
124
124
9
64
9
61
9
40
9
9
9
9
9
9
9
9
9
9
9
9
9
9
9
9
1
9
9
9
9
9
9
9
9
9
9
9
9
9
65
9
9
9
9
29
9
44
9
47
9
9
9
9
9
60
9
9
9
9
9
9
9
9
9
98
9
78
61
9
9
9
9
9
9
9
9
9
9
9
9
9
9
9
9
9
9
9
9
47
9
9
9
9
9
9
9
9
9
9
9
9
9
9
9
9
9
89
9
47
3
41
9
9
9
9
9
9
9
9
9
108
49
9
9
49
47
9
47
9
47
47
47
9
9
9
9
25
9
9
9
9
9
9
9
9
9
9
9
9
9
9
9
9
9
9
9
9
9
9
9
9
9
9
9
9
39
9
9
9
125
125
9
9
9
108
9
9
126
9
9
9
9
9
60
9
9
9
9
3
9
65
9
9
9
9
9
127
9
60
9
9
9
47
9
9
9
9
9
9
9
9
9
9
9
9
9
127
9
9
9
9
108
108
9
108
108
108
108
108
9
9
9
9
9
9
9
9
9
9
9
9
9
9
9
9
9
9
9
9
9
9
9
9
9
9
9
9
9
98
9
41
9
24
24
9
9
9
9
9
9
9
9
9
128
128
9
9
9
9
9
9
9
129
129
9
9
9
9
9
9
9
130
131
62
62
9
47
9
9
9
9
98
9
9
9
98
9
9
72
98
9
98
98
98
98
98
98
98
98
9
9
9
9
9
9
112
3
9
98
98
9
3
9
9
9
9
9
9
36
36
36
3
9
60
3
3
3
3
3
3
3
3
39
3
3
3
42
3
9
3
77
42
3
3
9
3
3
65
3
9
9
9
9
37
9
9
9
9
9
9
9
9
9
9
64
9
9
9
9
9
9
9
9
9
9
9
9
9
9
9
9
9
9
9
9
9
49
132
132
9
3
66
3
3
133
133
9
9
9
9
9
9
9
9
9
9
9
9
9
66
66
66
72
72
72
72
72
72
72
89
9
9
9
9
9
9
9
9
112
60
112
9
9
9
9
9
9
9
9
39
9
29
9
9
112
112
112
112
9
9
9
9
9
24
9
9
9
9
42
42
9
9
9
61
9
9
9
9
9
9
9
9
9
12
9
9
9
89
89
89
89
89
89
134
9
89
89
9
9
9
9
65
65
135
65
9
44
29
29
9
9
9
9
9
9
9
9
9
9
9
9
60
98
9
39
39
9
9
9
9
9
9
9
37
136
37
37
37
37
37
61
37
37
9
12
9
9
9
112
9
9
9
9
9
58
9
9
9
9
9
9
9
99
9
9
9
9
9
9
9
9
9
9
9
9
9
9
37
9
9
9
9
68
9
9
9
9
9
9
9
9
9
9
9
9
9
9
9
9
61
126
9
9
9
9
9
66
15
9
9
9
9
9
9
9
9
9
9
9
112
9
9
9
9
9
9
9
9
9
9
12
9
9
9
9
9
9
9
9
9
9
9
9
37
70
70
70
70
70
70
70
70
70
70
70
9
9
9
9
9
9
9
9
9
9
9
9
9
112
9
9
9
29
29
44
39
47
9
9
9
9
9
9
9
9
9
9
64
9
9
63
9
9
64
64
60
64
9
9
9
39
39
39
60
137
39
9
39
39
39
138
39
60
9
9
62
9
9
112
9
108
9
37
112
112
112
112
112
112
112
112
112
9
9
9
9
9
9
9
6
6
6
6
6
99
41
9
108
108
108
9
9
9
9
9
37
9
9
9
44
9
12
9
12
37
9
60
9
9
9
29
9
9
9
9
9
9
9
9
41
9
37
9
9
9
37
37
37
40
9
9
9
37
33
9
9
9
9
9
9
9
9
9
9
60
9
9
9
47
9
9
54
41
9
9
9
60
9
61
60
9
9
9
9
9
9
9
37
37
37
42
42
42
40
9
9
9
3
9
9
9
9
9
9
9
9
9
9
24
24
9
9
9
78
9
47
9
47
47
47
47
9
9
9
9
9
9
9
9
9
9
9
9
9
9
9
9
9
9
29
29
29
29
9
29
9
9
9
44
9
9
9
9
9
29
9
61
9
9
9
9
9
9
9
9
9
54
9
9
9
1
1
77
9
9
77
139
77
54
77
9
9
77
9
77
9
9
9
9
9
9
64
64
9
37
37
9
9
9
9
9
9
9
9
9
9
9
9
9
9
9
9
9
9
9
9
61
9
9
9
9
29
9
61
61
9
9
9
9
9
9
9
9
9
9
9
9
9
9
9
9
9
9
9
9
9
9
54
54
54
54
54
54
54
9
54
54
54
54
54
54
9
54
99
54
54
54
54
99
54
99
54
29
54
54
99
54
54
54
29
140
140
140
9
9
9
9
29
9
9
9
9
41
9
9
9
41
9
3
41
9
9
9
9
9
9
41
9
9
141
9
9
9
44
44
44
44
9
107
9
9
9
9
9
9
12
64
9
9
9
64
40
9
9
9
9
37
9
37
37
37
44
9
44
44
9
44
44
9
29
9
9
9
9
77
77
47
47
40
47
47
9
40
40
9
47
47
47
47
47
47
47
47
40
9
9
9
9
9
99
9
9
29
29
29
29
29
29
29
9
9
9
9
3
3
3
3
9
107
40
40
40
40
40
40
40
40
41
40
9
9
40
9
9
9
9
142
142
9
9
143
143
9
9
41
9
9
9
29
29
47
47
47
47
29
9
1
1
9
9
9
9
9
9
12
141
9
41
9
9
9
9
9
9
9
9
9
9
9
9
9
29
9
9
9
47
9
9
9
60
60
9
9
9
9
9
9
47
37
99
41
9
9
9
9
9
9
9
9
9
9
9
9
1
1
9
9
9
9
9
9
9
9
9
9
9
9
9
9
9
9
9
9
9
29
29
9
9
9
9
9
9
9
9
9
9
9
9
9
9
12
9
9
9
9
9
9
9
9
60
9
9
9
9
9
9
9
68
9
68
9
9
9
9
12
9
9
9
9
141
9
9
9
9
9
9
141
9
9
44
9
9
9
9
9
144
9
9
9
29
9
9
9
9
9
9
9
47
9
9
9
9
9
9
9
9
9
9
9
55
9
9
141
9
9
9
9
9
9
40
40
40
40
44
40
145
146
40
147
148
149
149
149
60
60
60
9
126
60
60
60
60
60
9
9
9
9
9
9
9
9
9
9
62
144
150
150
9
9
9
9
9
9
9
9
44
44
9
60
12
12
12
9
141
9
9
9
9
9
9
9
9
9
12
9
9
9
9
9
9
16
9
9
9
9
9
9
9
9
55
9
9
68
12
12
12
12
9
1
1
9
141
9
1
9
9
9
9
9
9
9
9
9
141
9
9
9
144
9
9
9
9
141
9
9
9
9
141
141
151
9
141
141
9
9
41
9
41
41
41
99
9
9
9
9
9
144
144
144
9
9
9
9
9
9
144
9
12
9
9
9
9
9
9
9
9
9
9
12
11
9
126
9
9
9
9
9
9
9
9
9
57
9
9
45
9
9
9
9
9
9
9
9
9
9
9
68
61
61
61
61
9
16
16
9
9
9
9
9
9
9
9
9
9
9
41
9
9
9
9
9
9
9
9
9
9
9
9
41
9
9
9
9
9
9
9
9
9
41
41
9
9
9
12
9
12
9
12
12
12
9
41
9
9
9
41
41
41
9
99
9
9
9
9
41
41
41
41
41
41
61
9
9
9
9
9
9
141
9
9
9
9
9
9
9
9
9
9
9
9
9
9
9
9
141
9
61
9
9
9
9
9
9
9
9
9
126
9
126
9
9
9
9
99
9
9
9
12
9
9
9
9
9
9
9
9
9
9
9
9
9
9
141
47
9
9
9
9
9
9
9
9
9
9
9
9
9
47
9
9
9
9
9
9
12
9
9
9
9
9
9
9
9
9
9
9
9
9
9
61
47
9
9
9
47
9
9
99
99
99
99
99
99
9
141
9
12
9
9
9
9
9
9
9
9
9
9
9
9
112
9
9
64
61
9
152
152
12
12
12
9
9
9
153
153
9
144
9
47
47
9
9
9
9
9
9
9
9
9
9
9
9
9
9
9
9
154
154
9
9
9
9
9
9
9
9
9
9
9
9
9
9
141
9
107
73
9
9
9
9
9
9
9
9
9
64
9
9
9
9
9
47
9
9
9
9
47
9
141
9
9
9
9
155
155
155
9
9
1
1
9
9
9
9
9
9
9
9
9
47
9
9
9
9
141
47
47
47
47
47
47
47
47
47
9
47
47
47
141
61
47
47
9
9
9
9
9
9
9
9
9
9
9
9
9
9
9
9
9
9
61
61
61
61
61
9
9
9
99
9
9
9
141
141
141
141
156
9
9
9
9
9
9
9
9
9
9
9
9
9
9
157
126
158
126
126
126
126
126
9
9
9
9
9
9
9
9
9
9
9
9
9
9
9
9
9
9
9
107
9
9
9
9
9
9
9
9
9
9
9
9
9
9
9
9
9
9
9
9
9
9
3
3
9
9
9
9
64
64
159
64
160
9
9
9
9
9
9
9
9
9
9
9
9
9
9
9
1
0
1
0
0
2
1
1
1
1
1
10
1
9
9
37
