0
1
0
2
1
1
1
2
0
0
0
2
1
3
0
4
1
0
0
0
0
0
0
0
1
2
0
0
0
0
0
0
1
1
0
1
1
1
1
1
0
0
0
5
6
1
7
0
7
8
0
2
0
9
2
0
10
0
11
1
0
2
0
0
0
0
0
1
1
12
0
0
13
0
2
1
12
2
1
0
0
0
14
0
0
0
2
0
0
1
1
0
0
0
0
1
0
2
0
2
15
2
2
0
1
2
0
1
0
0
0
16
17
1
18
18
0
0
0
0
1
2
2
0
1
0
1
2
0
2
1
0
19
0
1
0
0
2
1
1
20
0
0
0
2
1
0
2
0
1
21
1
2
0
22
23
1
1
0
0
2
2
24
1
0
0
1
2
1
0
0
1
25
26
0
2
1
1
0
2
0
0
27
1
0
2
0
0
1
1
0
1
0
28
0
0
2
2
0
2
1
1
29
2
0
30
1
31
1
2
1
0
32
1
2
0
2
33
0
0
1
34
35
0
2
1
2
2
2
1
0
36
0
2
0
1
0
1
37
0
0
0
1
1
1
1
1
38
1
39
1
2
1
40
2
0
0
0
0
1
0
0
1
0
1
0
2
0
1
1
1
0
0
2
0
41
1
26
2
1
0
0
1
1
1
42
1
1
43
1
2
1
0
1
44
2
1
0
0
2
0
45
46
1
2
1
0
1
47
2
2
0
48
49
0
0
2
0
33
2
50
50
2
51
2
52
53
1
0
0
2
0
0
0
1
1
0
0
0
0
1
0
2
1
0
54
1
1
0
1
1
0
55
1
0
2
1
31
0
56
0
2
0
2
57
58
2
0
59
60
2
0
61
1
1
62
2
2
63
1
64
2
0
1
65
2
0
0
0
0
66
67
1
0
0
0
68
1
2
0
1
69
1
0
0
1
70
0
2
71
72
1
1
1
0
0
0
1
0
0
1
1
0
0
73
74
75
76
1
2
0
0
0
77
78
0
2
0
0
0
1
79
0
1
2
0
1
80
1
1
1
1
2
1
1
0
1
2
0
2
14
0
1
1
0
0
1
2
0
81
1
0
1
1
0
2
2
0
0
0
2
0
1
2
29
1
2
82
1
1
1
1
83
1
27
84
1
1
85
2
1
0
2
86
1
87
1
0
88
0
2
0
0
2
1
1
2
1
2
89
1
2
0
0
0
0
2
2
2
2
2
0
0
2
2
1
90
91
92
1
2
2
1
1
1
0
1
2
1
0
0
0
1
1
1
0
1
93
2
26
1
78
94
0
7
1
1
0
2
1
2
2
0
0
2
0
95
96
0
1
97
0
2
1
1
1
1
98
1
1
37
2
0
0
0
1
0
0
0
99
1
1
1
0
1
1
1
2
2
1
0
0
1
0
1
0
18
1
100
101
0
0
102
103
1
1
0
1
0
2
0
0
2
1
104
0
0
105
1
0
0
1
2
2
1
1
2
0
1
77
43
1
0
0
0
1
0
2
2
1
0
106
0
1
1
0
1
1
0
2
1
0
1
1
0
2
0
2
2
2
2
0
1
0
0
1
0
1
107
0
108
0
0
0
2
0
39
109
110
0
2
2
111
2
2
1
0
0
0
2
2
2
112
2
1
1
1
0
0
0
2
2
2
2
0
0
0
0
1
2
1
0
0
113
1
2
1
1
0
1
1
0
0
2
114
115
2
34
2
43
2
0
0
1
0
0
1
116
105
1
2
1
1
0
0
2
117
1
0
34
24
0
0
2
0
2
2
2
118
1
0
2
2
119
120
1
1
1
121
0
122
1
1
40
0
123
18
2
1
0
1
1
1
2
0
0
0
0
1
0
0
2
0
0
1
0
2
2
0
124
125
0
2
126
0
1
0
1
1
0
0
2
0
0
0
0
127
128
2
129
1
1
130
0
0
67
44
1
1
1
1
1
0
131
2
1
2
1
0
2
132
87
2
0
2
2
0
27
0
0
1
1
0
2
0
0
1
0
0
0
1
1
0
0
1
2
0
133
0
1
0
2
0
1
1
0
1
134
2
2
1
0
1
135
136
1
137
2
2
138
137
2
1
0
0
0
0
0
139
4
1
0
2
1
2
1
1
0
2
0
140
141
0
142
1
1
1
1
7
0
0
0
0
0
0
2
1
0
1
1
143
2
0
0
2
0
2
144
2
145
0
146
1
0
147
148
2
2
1
0
1
2
2
2
2
115
2
1
0
1
0
57
0
149
150
1
0
7
7
151
1
68
138
152
153
0
154
2
155
1
34
2
0
1
0
1
0
0
0
0
0
1
0
2
156
1
26
0
2
1
0
2
1
157
0
2
0
0
0
1
158
0
0
11
1
0
94
2
0
2
0
159
1
1
1
0
0
2
2
0
160
1
2
1
0
0
117
1
0
0
0
88
2
2
0
0
2
0
1
0
1
2
0
1
1
161
162
1
0
0
163
164
2
2
0
0
0
24
0
165
166
0
0
1
0
1
167
2
1
1
168
169
0
2
0
2
170
0
0
64
0
2
1
139
1
0
0
1
1
1
0
64
2
1
1
171
0
0
2
171
2
1
0
0
172
1
0
1
2
0
2
0
0
0
1
1
0
0
1
1
0
0
1
2
0
2
1
1
173
0
78
0
174
2
144
0
175
0
0
1
176
115
1
0
0
177
178
2
179
1
0
123
2
1
2
1
180
0
0
0
181
0
0
0
1
94
1
2
0
1
0
0
2
182
1
0
1
0
0
0
0
2
0
2
0
0
1
2
2
183
2
184
0
2
2
0
1
1
185
2
0
1
83
1
1
145
1
2
2
2
0
2
0
2
18
2
186
2
0
0
187
188
1
189
0
0
1
0
0
0
0
0
59
2
1
0
2
0
2
0
1
1
190
2
104
2
0
1
1
191
0
0
192
0
1
1
1
2
1
147
0
0
2
1
1
1
2
0
0
22
0
2
2
0
0
2
1
0
1
2
1
1
34
1
2
0
1
193
1
1
17
1
89
1
75
1
2
0
2
0
1
1
0
0
2
0
63
1
0
0
1
0
2
2
26
1
0
1
1
0
194
2
195
0
2
1
196
0
0
1
197
1
195
2
0
187
86
1
178
0
0
1
0
0
2
0
0
2
0
198
2
2
2
0
118
199
1
2
1
200
1
0
132
1
1
0
201
2
0
1
104
0
1
202
2
203
1
1
0
1
0
1
0
204
1
0
1
205
4
206
0
2
0
1
0
207
0
2
1
1
143
2
1
1
50
0
0
208
0
209
2
0
0
0
2
1
2
0
1
0
1
210
211
2
1
1
164
2
1
1
171
212
1
213
214
28
1
215
0
2
2
34
0
1
1
0
0
1
0
38
1
0
0
0
216
0
0
154
1
1
64
217
1
0
0
0
0
0
2
218
219
0
0
0
1
2
2
34
0
2
1
1
1
1
220
0
0
0
0
1
2
1
2
2
1
0
1
221
0
25
0
1
221
222
223
0
0
1
1
2
87
1
1
0
2
56
1
175
0
0
141
0
1
0
0
1
1
215
1
1
2
0
2
0
0
1
2
0
0
1
1
2
2
1
19
0
2
0
1
2
0
1
1
2
2
2
1
1
2
0
15
0
224
54
0
0
225
0
1
226
227
228
229
0
2
1
1
230
0
0
0
0
2
0
0
1
2
0
0
2
2
2
1
1
0
0
0
0
0
1
0
228
66
0
0
231
0
1
1
1
0
2
0
0
0
2
1
2
0
2
0
1
1
2
1
1
0
1
144
2
1
2
1
150
0
186
0
232
0
2
2
2
25
233
0
0
1
2
0
234
1
235
1
0
0
2
0
144
2
0
0
236
1
185
0
1
1
42
1
1
1
0
2
1
0
0
1
0
237
0
1
1
2
0
232
98
1
0
2
170
2
168
0
2
1
238
0
1
0
1
0
1
0
0
1
0
2
167
0
2
0
0
1
0
1
239
2
0
1
0
240
0
0
2
0
69
34
0
0
125
1
2
0
0
0
205
1
0
241
0
236
242
2
32
206
0
0
26
198
1
0
2
128
1
0
0
1
2
243
206
113
2
0
2
2
1
2
0
27
2
2
0
2
1
1
2
0
0
1
1
244
2
2
0
245
1
246
247
248
1
0
249
217
0
245
1
0
0
0
0
2
187
0
0
0
0
0
1
0
0
1
1
0
0
0
170
0
4
0
1
2
240
0
0
2
2
0
0
0
1
0
2
0
1
250
0
1
1
1
0
58
0
251
252
1
0
17
1
0
0
0
0
0
253
1
1
1
2
0
0
1
2
0
254
0
0
1
0
0
235
9
255
1
0
121
0
2
0
1
2
1
0
2
0
0
0
2
2
256
2
0
204
0
0
0
1
1
0
0
1
1
0
1
257
1
34
1
0
0
170
1
1
0
1
0
0
2
1
2
0
82
0
1
2
0
1
258
255
2
0
0
2
0
0
0
0
1
2
1
0
259
2
168
260
0
1
123
1
1
138
1
2
1
1
0
1
0
2
0
256
0
0
1
1
79
0
117
261
2
0
1
220
1
2
1
1
1
1
1
1
1
0
0
0
2
1
0
0
1
1
1
0
0
1
0
1
1
66
0
0
2
0
1
0
0
179
0
0
0
1
9
216
0
0
0
262
263
2
0
0
264
265
2
2
0
0
0
0
0
0
1
0
35
0
1
0
1
0
1
1
0
1
0
71
0
0
2
1
230
0
0
187
1
266
0
267
1
2
2
268
1
2
0
115
269
270
1
1
157
0
0
0
183
0
219
0
49
0
0
0
271
0
262
0
272
1
0
2
0
0
2
273
2
1
0
0
1
113
233
1
177
1
1
1
2
1
0
51
192
1
0
1
2
1
28
1
2
2
0
274
0
275
2
2
2
1
2
2
0
0
1
272
276
2
1
0
2
109
1
2
0
2
0
277
2
265
0
53
0
2
1
0
2
256
0
0
0
102
0
278
91
134
1
1
1
0
1
2
1
2
1
0
2
279
0
2
280
2
0
1
0
1
281
1
282
1
283
1
1
0
2
1
0
1
1
1
1
0
2
0
0
0
2
1
284
2
0
0
1
0
0
0
0
78
0
0
0
0
285
2
1
65
0
1
0
286
2
5
260
2
2
68
1
1
1
218
1
0
123
2
0
0
0
1
134
1
2
287
2
0
0
0
206
1
55
1
1
1
0
0
1
0
0
1
1
0
1
2
2
0
28
0
1
0
2
0
0
1
2
2
0
1
1
0
0
0
0
1
0
2
0
1
288
2
289
0
0
1
1
2
290
0
1
0
0
0
1
39
1
1
0
177
117
0
1
0
2
0
0
0
2
0
0
291
0
0
0
2
166
0
0
0
1
2
204
250
1
1
0
1
2
2
2
0
17
292
0
139
139
1
2
0
0
293
1
0
2
0
235
2
0
1
0
35
2
0
0
2
1
2
2
1
2
0
1
39
0
0
1
0
0
0
1
294
1
2
0
0
0
2
215
1
2
2
0
1
2
0
87
295
1
0
106
0
1
179
2
1
87
2
1
2
0
0
1
0
0
1
0
1
0
0
1
235
0
0
0
0
0
0
0
177
0
1
1
0
0
1
1
0
0
0
296
0
1
1
1
2
2
1
1
0
0
1
2
0
1
0
105
0
0
44
1
297
2
82
0
19
28
2
1
1
1
298
2
2
1
1
0
0
0
2
1
0
0
198
0
0
0
2
73
0
0
1
0
299
1
110
0
0
0
0
2
1
0
1
1
0
287
0
2
1
0
1
60
0
0
1
222
1
1
1
0
171
1
10
0
1
1
0
0
18
1
0
1
0
174
2
0
1
1
0
0
1
1
0
0
1
1
2
1
0
2
1
0
216
0
267
0
1
1
2
0
1
204
300
0
300
2
1
93
0
0
2
1
1
0
1
0
2
0
0
301
0
1
0
187
0
0
2
108
302
1
2
2
197
2
0
0
1
0
0
1
0
0
1
0
204
0
181
0
0
0
1
0
1
2
254
0
2
291
0
0
0
0
4
0
0
1
1
1
1
0
60
2
0
2
157
2
0
0
1
2
0
298
1
159
0
0
38
278
0
2
24
1
0
221
0
0
242
1
1
303
0
2
0
304
0
74
2
305
1
306
0
234
1
0
1
0
1
0
2
1
0
307
2
0
1
106
0
0
0
2
0
168
308
1
0
2
1
2
0
0
1
1
1
0
1
36
0
1
1
1
64
294
0
1
2
2
0
2
0
1
0
1
1
0
1
0
219
0
1
219
1
0
1
2
2
0
0
0
1
1
0
0
0
0
1
0
1
0
0
0
0
1
309
192
1
0
0
2
0
2
0
307
0
0
139
0
1
1
1
0
1
2
219
0
2
2
1
1
0
1
0
1
130
1
0
163
310
204
2
86
0
2
1
274
82
126
1
1
0
0
2
1
1
0
276
2
0
149
38
2
56
311
0
1
0
24
1
1
1
176
1
1
0
1
248
125
2
1
2
1
53
312
0
1
2
0
0
290
1
1
2
1
169
0
196
0
2
185
160
1
1
1
2
0
1
2
0
0
0
0
2
0
2
0
119
87
1
1
313
1
0
45
1
2
0
2
0
1
0
0
0
1
1
0
1
0
41
19
0
2
0
2
1
0
314
0
0
291
2
0
116
1
0
1
251
1
315
136
2
67
162
0
299
2
316
0
2
0
0
2
0
1
1
2
0
0
0
1
0
1
2
1
1
2
156
2
0
0
1
2
1
0
317
318
96
0
0
136
0
1
1
0
164
1
0
0
67
1
1
1
1
0
2
111
168
1
2
1
1
2
1
2
2
1
0
2
2
2
0
0
0
2
287
0
2
0
0
2
1
2
1
1
1
2
0
200
132
0
1
2
0
194
0
0
2
1
206
319
0
52
320
0
1
1
2
0
2
2
2
0
0
272
0
242
2
0
1
297
290
0
2
0
65
1
185
0
1
1
0
1
1
1
1
0
0
1
321
0
1
0
0
1
296
1
0
1
1
0
1
0
0
1
0
203
0
1
1
0
0
322
0
0
6
267
0
0
1
182
0
1
0
2
0
0
0
0
0
2
153
0
0
1
1
0
2
0
2
60
0
1
1
0
1
125
0
0
1
0
1
2
1
1
1
0
0
1
1
0
1
0
0
1
1
0
294
0
1
1
1
2
0
257
2
1
1
0
0
58
1
0
1
323
1
164
324
0
202
1
0
0
0
0
1
256
0
78
1
0
0
159
241
0
2
2
2
0
2
282
1
256
0
0
0
2
0
14
1
325
1
213
1
0
1
0
0
1
0
0
0
0
0
1
32
1
2
52
0
0
0
35
0
0
0
1
161
0
0
221
164
164
34
0
0
1
296
0
2
0
2
0
1
0
0
326
1
25
2
187
1
2
1
0
150
0
0
1
1
2
1
1
0
0
2
0
269
0
1
2
2
2
0
0
1
0
250
2
0
207
0
36
0
2
327
1
0
117
2
0
2
2
0
2
328
2
2
2
2
0
0
1
2
0
0
1
1
0
2
2
0
1
0
1
2
181
86
0
306
0
271
0
2
1
1
0
0
262
0
0
0
0
0
1
0
0
0
0
306
8
234
1
1
0
1
0
0
1
2
287
1
1
2
99
2
282
0
29
317
179
329
0
219
170
0
0
0
0
2
2
0
0
0
330
0
1
0
0
2
0
2
0
0
0
0
17
0
2
0
263
0
1
17
1
0
2
1
1
1
175
0
1
0
52
71
0
1
1
331
284
2
0
1
73
1
1
2
1
1
0
0
117
332
0
2
1
0
0
57
1
0
0
2
333
333
0
180
334
0
2
1
289
0
0
1
0
323
0
0
2
0
0
1
0
2
0
2
2
0
0
0
335
1
0
0
1
1
0
2
287
1
2
218
2
0
1
1
0
2
86
0
1
0
0
2
0
1
1
0
0
1
1
2
229
2
0
2
336
1
1
0
0
206
1
2
1
0
2
0
235
1
0
0
2
2
2
0
2
0
0
1
1
19
337
1
338
1
0
0
0
2
59
2
0
2
1
0
0
1
0
182
1
282
95
2
2
2
1
1
0
19
0
1
1
0
0
2
0
0
0
0
0
339
1
1
0
2
1
2
1
242
0
177
1
0
131
1
2
18
47
1
0
1
309
0
340
188
0
2
0
1
38
1
0
341
0
1
2
2
2
0
0
1
2
1
13
72
0
68
1
0
297
88
0
2
0
0
173
1
1
0
64
2
48
1
0
0
1
0
1
247
0
2
51
1
2
1
2
1
310
342
1
333
0
190
0
1
0
1
1
1
0
0
2
2
0
70
0
339
0
1
265
226
298
171
2
2
303
296
1
1
80
2
1
2
1
1
2
1
1
6
2
0
0
1
1
210
0
0
1
2
0
177
0
1
2
0
1
0
1
0
1
15
249
0
0
0
0
0
1
0
2
2
0
40
0
0
1
0
1
1
2
0
0
0
343
2
0
0
0
2
18
1
1
108
0
200
2
1
0
1
252
0
2
0
2
0
0
1
2
2
1
0
344
78
0
1
1
0
2
1
0
1
0
154
1
2
2
1
0
1
0
2
0
142
0
0
0
0
0
0
2
0
1
2
0
0
2
345
0
2
0
0
0
1
1
0
0
122
0
0
0
0
2
0
36
0
286
302
0
0
295
1
0
0
0
1
0
1
0
346
2
0
290
312
0
0
2
0
0
2
146
0
0
135
81
271
0
0
208
0
1
0
237
1
140
7
243
0
0
0
0
28
290
2
2
0
2
29
2
2
0
1
278
347
0
107
1
1
1
2
1
231
0
0
0
114
2
68
2
1
188
0
0
0
34
193
305
2
2
0
118
0
1
0
0
1
23
2
0
232
292
0
338
1
2
2
293
0
2
2
84
1
181
1
0
0
1
1
0
1
170
0
0
0
2
1
112
1
0
2
227
2
54
0
0
0
0
1
0
0
1
0
2
0
171
0
0
0
1
1
0
0
223
2
340
2
1
1
0
0
1
1
0
1
234
0
0
35
83
2
2
1
0
1
2
2
1
1
2
1
1
1
0
1
261
1
0
127
2
1
1
329
1
0
0
1
0
1
81
0
2
2
0
0
332
0
0
1
2
318
0
1
1
0
0
0
2
0
219
1
0
348
0
1
312
326
1
0
125
0
0
0
139
1
1
1
90
0
225
0
334
144
189
331
1
349
0
1
212
1
1
0
0
0
1
1
2
287
2
2
0
0
1
1
2
86
1
123
335
335
0
0
0
1
0
0
0
308
257
1
1
1
0
1
35
0
2
197
2
1
1
0
1
1
0
244
175
2
0
1
1
1
1
2
18
1
0
0
1
63
0
0
2
0
79
0
1
0
0
2
258
0
0
0
93
224
0
0
0
0
2
0
0
1
223
0
1
1
1
0
1
139
0
1
0
1
1
0
0
1
289
0
0
2
0
2
20
0
1
0
0
28
0
2
0
1
184
0
0
2
2
344
328
0
1
2
0
0
1
1
1
0
276
1
0
1
2
0
1
275
0
0
1
0
0
0
0
2
2
0
0
1
2
68
109
20
99
18
0
0
2
2
85
1
1
1
2
347
0
2
2
0
0
0
0
316
0
0
0
167
300
35
341
0
1
1
1
0
2
115
0
107
2
0
204
0
0
2
1
0
1
1
0
281
0
2
0
71
0
0
1
2
2
0
1
0
103
241
23
0
0
1
38
273
2
0
1
8
0
0
148
0
0
0
327
0
0
2
1
1
1
123
0
1
257
234
1
2
133
1
0
280
0
2
173
239
1
1
2
0
34
260
1
2
2
150
2
289
1
0
172
1
0
0
1
0
2
158
1
0
0
232
0
0
0
1
0
2
0
1
1
0
1
2
312
1
264
1
1
259
2
2
0
0
0
1
1
0
1
1
119
1
30
21
2
0
1
1
0
2
1
0
2
1
2
2
1
273
0
2
0
102
1
2
0
1
1
78
1
2
1
0
0
0
121
0
24
0
1
0
1
1
0
1
0
2
1
1
2
2
1
1
0
155
0
1
1
201
0
1
348
1
0
0
0
0
2
0
2
1
2
1
0
1
177
1
0
1
1
0
0
1
2
2
2
1
60
180
0
0
1
1
2
1
1
2
2
1
0
2
0
1
0
2
1
0
1
1
0
14
0
1
1
1
1
0
227
0
0
0
1
208
1
2
66
336
1
2
1
2
2
1
2
2
1
1
0
0
1
0
0
1
1
1
2
1
0
0
1
0
0
337
0
204
266
0
0
0
2
2
0
208
2
0
0
0
2
1
0
0
19
0
27
0
0
1
0
0
0
70
1
0
1
0
0
2
2
324
2
0
0
1
0
1
2
0
0
0
0
1
0
1
350
1
1
0
0
2
0
1
0
0
0
0
1
0
79
23
0
349
2
1
1
1
0
206
0
0
0
56
1
28
1
0
311
99
0
1
1
2
1
178
2
52
52
0
0
1
0
279
1
0
351
317
3
0
1
111
0
0
1
1
206
2
285
0
1
2
0
2
0
1
1
0
0
1
0
0
2
1
6
2
2
0
0
0
1
1
0
2
0
46
0
0
34
66
0
1
0
1
1
0
0
322
0
343
1
0
0
301
350
1
2
1
1
0
301
1
2
0
0
199
0
1
2
323
0
0
1
0
0
1
1
1
0
97
1
2
1
19
0
0
1
0
0
69
2
1
1
0
0
1
0
1
0
1
0
352
2
2
1
351
2
0
1
219
98
1
124
0
1
352
2
1
0
2
1
2
226
1
2
61
1
0
2
0
2
0
2
0
0
221
0
353
2
2
0
1
2
152
270
2
0
151
2
1
0
274
0
328
2
2
0
0
1
0
1
0
0
92
0
0
1
191
0
0
0
0
0
43
2
1
2
0
2
170
2
0
0
2
0
1
0
2
2
0
2
129
1
0
221
1
0
0
2
0
2
2
41
194
1
0
277
2
2
1
1
0
0
0
1
195
1
0
1
2
0
206
268
0
0
0
120
0
0
1
0
0
1
34
2
0
224
165
0
2
1
0
0
0
2
284
1
221
354
2
354
0
1
0
1
71
9
1
304
1
2
0
1
0
0
325
0
0
1
53
0
1
1
86
2
0
0
0
346
0
313
0
2
2
287
2
318
0
2
0
1
210
288
0
209
0
138
0
1
2
0
87
0
0
2
0
1
1
345
0
287
0
246
0
0
1
76
1
2
1
0
0
1
1
0
0
0
2
1
0
0
2
268
2
2
319
0
2
0
0
1
1
30
0
211
2
1
2
1
0
1
101
1
0
2
88
0
0
1
1
0
1
0
0
335
0
1
0
1
2
1
0
2
1
51
0
2
2
1
1
2
2
0
2
19
87
1
0
2
1
1
1
2
0
1
1
152
0
18
2
0
0
1
1
1
1
179
1
237
0
0
245
244
0
0
0
0
0
150
0
342
1
1
1
2
1
153
294
2
0
2
1
0
1
0
0
1
0
0
0
1
182
2
0
253
1
1
1
0
97
1
315
0
0
1
18
2
0
0
315
1
1
69
2
147
0
0
100
0
182
0
0
353
1
0
0
1
0
294
0
0
1
1
283
2
0
0
1
0
0
1
2
278
0
2
2
238
0
0
182
2
327
0
330
0
0
62
1
7
1
2
1
2
1
1
1
355
0
0
1
1
0
0
0
2
206
0
0
38
0
1
1
0
314
1
0
320
0
0
1
0
0
2
16
2
1
0
2
305
4
303
0
1
2
1
0
1
0
0
2
0
0
0
355
222
0
2
1
0
1
2
2
0
1
0
1
1
0
1
0
0
2
2
321
28
1
335
2
1
208
2
0
214
0
1
187
177
2
0
0
345
0
1
2
0
2
2
2
85
0
1
2
5
