0
1
2
3
4
3
5
3
6
3
3
7
8
3
2
9
3
2
10
5
2
3
3
6
1
3
3
3
2
3
3
3
11
8
1
12
13
14
3
3
3
2
8
15
2
3
12
3
1
16
3
3
16
1
1
3
3
1
17
3
3
6
3
3
18
3
3
3
12
3
2
2
3
1
19
3
3
3
4
3
1
17
3
3
3
3
12
3
1
5
20
6
1
11
1
5
3
2
3
12
18
1
12
3
3
3
3
0
13
3
6
2
5
3
21
2
2
3
3
3
3
3
3
3
3
3
1
13
3
3
1
12
3
3
3
13
22
11
5
13
2
3
3
12
2
20
3
5
3
2
18
2
4
3
5
3
3
3
3
13
3
3
2
18
3
3
1
11
3
3
3
18
3
1
5
12
3
12
3
20
1
4
2
3
13
3
3
1
3
18
3
1
16
6
1
4
1
13
23
3
3
6
1
3
1
16
3
3
3
24
8
3
3
3
2
25
11
18
4
5
2
3
3
3
3
12
2
12
3
3
2
3
3
26
3
3
3
3
3
3
3
16
1
11
27
6
3
3
3
1
3
13
3
2
1
16
26
3
3
6
3
3
2
12
6
3
1
3
3
17
3
3
3
4
3
4
3
3
12
2
3
13
27
3
13
3
17
28
3
2
3
3
3
5
3
3
12
3
3
1
1
3
1
3
3
2
4
2
3
13
11
3
2
3
3
3
3
1
3
5
13
12
3
3
3
3
2
5
4
3
1
3
3
2
3
29
3
11
3
3
3
3
3
2
3
3
1
3
30
31
31
23
31
32
31
31
30
33
30
31
31
31
31
32
23
31
32
31
31
33
31
31
31
31
31
31
31
31
31
30
33
33
31
31
31
31
30
31
31
33
31
31
31
23
31
31
31
33
31
23
31
30
31
31
31
31
30
31
31
31
31
30
31
31
34
31
31
31
31
33
31
31
35
31
33
31
31
31
31
31
31
31
31
31
31
33
31
30
31
31
31
23
31
30
31
31
31
30
31
31
31
31
31
30
23
31
31
33
31
33
31
31
31
31
31
31
31
30
30
33
31
31
30
31
31
31
23
33
31
31
31
31
31
32
32
33
33
31
31
31
31
31
31
31
31
31
31
31
30
30
31
23
31
31
31
33
31
31
31
33
31
31
31
31
31
31
33
31
33
31
31
31
31
31
31
31
32
31
31
31
31
31
30
31
31
31
31
31
32
31
31
31
31
31
31
31
31
31
31
23
36
33
31
31
33
31
31
31
31
31
31
31
31
33
23
31
31
31
31
31
31
31
30
35
35
35
37
37
37
35
32
34
37
37
35
34
31
31
35
35
35
31
35
31
38
37
35
35
35
37
37
32
34
35
31
35
32
39
40
35
31
35
35
34
31
37
35
35
35
35
35
35
35
35
41
35
35
37
37
32
35
35
37
35
31
37
35
32
42
35
37
32
34
37
35
31
31
37
35
1
37
32
31
35
35
35
32
35
37
37
35
37
37
35
35
37
35
38
43
31
37
31
35
31
44
37
31
35
35
35
35
37
35
31
35
35
45
45
45
46
45
46
45
45
45
45
45
45
47
46
45
45
46
45
45
45
45
46
45
45
45
45
46
45
46
45
45
45
45
45
45
45
45
45
45
46
45
45
45
48
45
45
46
46
45
45
46
45
45
45
45
45
46
46
45
45
46
45
45
45
45
45
45
48
45
45
45
45
45
45
45
45
45
45
45
45
45
46
46
45
45
46
45
45
45
45
49
45
45
45
45
45
46
45
45
45
46
45
46
46
45
46
45
45
45
45
46
45
45
45
45
45
46
45
48
45
46
45
45
45
45
45
45
46
45
45
46
45
46
45
45
45
46
45
45
48
45
45
45
45
45
45
45
46
45
45
45
45
45
46
45
45
45
45
45
45
45
45
45
45
46
45
45
45
45
45
48
47
50
49
47
48
47
48
48
47
50
49
47
45
50
50
49
49
49
47
48
49
48
50
45
50
48
47
48
49
48
49
48
48
45
47
47
48
50
50
51
52
53
52
54
55
51
55
18
32
52
32
54
52
51
56
51
32
32
32
52
53
0
53
52
52
52
54
57
52
52
52
54
52
32
32
52
53
52
57
32
57
55
32
57
53
53
57
57
53
52
52
32
57
54
54
52
52
53
52
54
51
55
52
52
52
32
55
57
57
52
52
32
53
54
53
52
52
57
51
32
57
52
54
52
51
52
52
53
57
57
55
51
51
58
52
55
52
51
52
52
52
52
52
57
32
59
52
52
57
52
51
54
51
57
57
32
57
53
51
54
52
53
51
53
51
35
54
52
32
52
59
52
52
52
54
53
54
52
57
51
57
52
52
52
57
57
52
51
52
51
52
52
52
52
57
57
57
52
52
52
57
52
52
51
54
57
52
32
57
53
51
52
52
57
52
57
54
52
52
52
52
52
52
32
53
51
52
52
54
52
52
54
57
57
59
52
57
32
32
60
55
54
53
51
52
53
53
51
59
57
52
53
57
52
52
52
32
32
51
52
52
55
61
51
57
32
52
52
52
52
57
52
51
52
57
52
52
57
52
54
55
54
57
54
57
32
53
54
62
52
57
51
52
52
52
57
52
32
32
52
52
51
57
52
52
32
52
52
54
53
57
57
57
53
18
52
52
54
52
51
54
54
32
52
52
52
57
52
52
55
54
57
57
51
52
51
18
51
52
52
52
52
52
32
52
52
54
51
52
0
52
59
52
32
52
32
57
52
53
55
32
54
52
52
51
52
32
18
57
57
51
57
51
52
51
55
35
32
51
57
32
52
52
57
53
52
52
57
53
57
53
57
57
52
54
52
52
52
52
52
51
57
57
57
53
52
32
57
52
52
52
32
52
52
52
52
53
54
57
52
51
52
51
52
53
53
52
51
52
51
52
52
52
52
52
51
52
32
57
57
18
51
57
32
54
52
53
57
52
57
54
57
53
57
57
52
32
55
51
53
54
32
55
32
52
51
52
53
54
52
52
54
52
52
52
32
55
52
52
52
52
57
52
52
52
32
32
52
51
52
51
57
32
51
52
52
57
57
57
32
32
32
52
54
52
57
55
32
52
57
52
52
52
52
55
32
53
32
52
52
52
55
51
52
51
53
52
52
32
0
18
52
52
52
52
51
52
57
52
53
32
52
52
32
52
52
54
51
52
53
52
32
52
54
52
57
51
51
57
52
51
57
52
52
54
32
51
55
32
51
32
57
53
32
52
51
54
52
57
32
52
51
52
52
52
52
32
57
54
32
52
51
52
58
53
55
32
53
32
52
52
52
51
52
54
51
52
32
63
64
52
55
57
52
52
57
32
57
51
52
52
32
51
52
57
57
52
52
52
18
32
52
53
32
52
51
55
54
53
57
32
52
54
57
52
53
53
57
58
32
57
53
52
57
54
32
52
32
53
52
52
54
52
52
52
52
52
52
57
32
52
52
57
52
32
52
55
58
52
57
52
52
52
52
57
52
32
52
32
54
52
55
32
51
52
52
54
52
54
52
52
52
52
65
52
54
52
52
32
32
54
55
57
52
52
52
51
32
32
51
63
51
54
52
0
53
51
52
52
51
51
54
52
52
51
51
54
52
53
51
52
52
32
52
55
32
52
52
52
32
57
52
52
52
51
52
52
52
54
32
52
52
52
52
52
52
52
57
32
52
59
51
55
57
32
52
57
57
51
51
52
53
52
57
54
58
52
52
32
57
51
55
53
57
52
52
52
32
51
54
51
32
52
32
53
52
52
57
52
58
57
52
52
52
32
57
32
52
52
54
32
54
32
51
57
51
52
58
52
57
54
52
52
57
51
32
57
32
32
32
54
54
57
52
52
52
57
53
54
53
52
54
57
52
52
52
54
52
51
51
52
63
54
51
52
52
52
52
57
58
57
51
53
52
32
53
55
52
52
52
52
57
57
32
52
53
32
32
57
52
55
57
57
52
53
52
52
52
51
57
52
55
57
57
52
32
32
51
52
32
32
52
52
57
52
52
32
52
52
51
31
32
52
52
57
52
53
55
57
53
55
52
52
32
52
52
52
53
52
52
52
55
52
52
32
55
54
52
52
54
57
51
52
52
52
53
52
32
57
52
52
32
52
53
52
52
52
53
54
52
52
53
32
57
32
52
52
66
52
52
55
52
52
57
51
52
52
32
52
52
54
53
52
53
52
52
32
52
57
52
51
52
51
52
52
51
52
52
52
54
52
52
57
32
53
51
51
52
51
57
52
32
52
55
32
32
52
51
32
52
51
52
54
59
52
55
53
53
55
54
32
52
51
52
32
52
51
57
52
57
53
54
52
32
52
67
63
22
68
63
69
69
22
63
22
68
63
70
69
63
22
22
69
68
22
63
68
68
22
68
68
69
63
63
63
69
69
63
63
69
63
63
68
22
22
63
69
63
63
71
22
22
63
68
71
69
69
63
68
69
33
22
63
63
69
22
22
63
68
22
63
68
69
22
63
70
69
69
69
69
63
70
69
68
22
70
69
63
22
63
69
22
22
22
22
63
63
22
69
22
63
68
22
63
22
22
22
22
68
22
68
22
69
69
69
22
68
22
22
63
22
63
63
69
63
63
69
67
68
63
69
63
63
69
68
63
69
69
69
69
63
63
68
22
72
63
63
63
69
69
63
69
69
69
22
63
69
69
63
63
69
63
69
68
63
63
69
69
63
70
69
69
67
68
63
68
69
69
63
69
63
69
68
69
68
69
69
71
69
63
22
69
68
72
63
63
69
69
68
67
68
69
69
63
63
69
72
68
69
22
63
69
68
68
69
69
69
69
63
68
63
63
68
68
69
63
63
63
63
69
63
63
69
69
63
69
63
63
63
68
69
63
63
69
63
68
63
69
63
68
22
68
22
68
63
68
63
69
69
68
71
67
63
70
22
69
68
63
63
63
63
68
69
63
68
63
63
69
63
63
63
69
63
69
63
22
68
63
73
63
68
63
63
69
69
22
63
67
63
69
70
63
63
69
63
69
69
63
63
69
72
69
63
69
63
63
63
63
22
63
72
68
69
68
68
63
69
69
63
68
69
68
63
69
63
63
63
69
71
63
63
68
63
63
68
63
69
63
70
63
69
69
70
68
69
69
72
63
63
69
63
63
67
63
69
63
63
63
69
69
68
69
63
63
71
63
63
22
63
68
69
69
63
69
63
63
63
63
63
63
22
63
69
69
71
63
69
63
63
69
69
69
69
63
69
63
72
68
63
68
68
63
63
70
68
68
69
69
63
69
63
63
69
63
69
63
63
69
68
63
22
63
69
69
68
68
63
63
63
22
69
69
70
69
63
69
69
69
63
69
68
68
69
68
68
63
69
22
22
63
63
63
69
69
68
63
68
69
72
69
63
22
63
68
69
68
69
63
63
69
69
68
63
63
69
69
69
63
69
63
68
63
63
63
70
68
68
69
68
63
69
69
69
69
68
68
63
69
63
63
63
69
63
63
67
72
69
68
63
70
69
69
69
69
72
63
69
63
22
63
67
63
72
68
72
69
70
70
63
69
22
68
69
72
63
63
63
69
68
68
67
63
22
69
63
69
63
69
63
70
69
69
69
74
63
63
63
68
63
69
69
69
63
63
71
69
63
69
69
70
71
68
69
70
63
69
63
22
69
63
68
63
69
69
63
63
68
69
63
69
69
63
63
63
63
63
70
63
70
63
63
63
63
69
69
63
68
69
63
69
63
72
63
63
63
69
63
68
71
69
63
22
69
68
68
69
63
63
69
69
63
72
69
69
69
69
69
69
63
69
63
72
69
69
69
68
69
69
63
63
63
63
75
68
63
63
69
69
69
69
68
69
69
68
63
63
22
69
22
69
68
63
63
69
69
63
69
63
63
76
63
63
63
69
69
69
63
69
63
69
69
63
63
63
69
63
69
72
69
63
63
68
69
22
72
70
69
69
69
22
22
68
63
69
69
72
22
71
63
22
63
69
22
22
63
63
63
68
22
69
22
22
63
70
63
63
63
69
69
68
22
22
22
22
58
58
77
77
58
77
58
58
77
78
58
58
77
58
58
77
58
58
77
77
77
58
77
58
58
58
58
58
77
58
79
58
80
77
77
58
58
77
78
58
58
58
78
18
77
77
58
58
58
77
58
58
58
58
58
58
77
58
58
58
58
58
58
58
58
77
58
58
77
58
77
81
58
80
58
58
58
77
58
18
77
58
77
58
77
77
58
58
77
77
58
58
58
77
77
77
77
58
77
58
77
58
77
58
58
77
78
58
77
58
58
58
77
82
58
83
77
58
58
58
58
77
58
58
58
77
58
83
77
58
83
79
58
77
58
58
58
77
83
77
58
58
58
58
80
77
77
80
77
77
58
58
58
17
77
58
82
58
58
58
77
58
58
58
58
58
77
58
58
58
58
58
58
78
77
58
77
17
77
58
58
84
58
58
58
58
58
58
58
77
77
77
58
77
58
58
83
58
58
58
83
77
58
77
58
77
77
58
58
58
58
77
77
77
58
58
77
58
78
77
58
58
58
77
17
80
77
77
78
77
77
58
58
58
58
77
77
58
77
58
58
81
58
58
77
77
77
77
77
77
77
77
77
58
77
77
77
58
77
77
58
80
58
77
77
85
77
77
77
81
77
58
80
58
80
58
58
58
58
77
58
58
77
77
77
77
58
77
80
58
58
77
77
58
58
77
58
58
78
77
77
58
77
58
58
77
77
58
77
58
58
78
58
77
83
58
77
77
58
58
77
78
80
58
77
77
77
77
58
58
58
58
77
77
58
58
80
58
80
77
58
58
17
77
58
58
58
78
58
77
58
80
58
77
58
58
58
58
58
80
58
77
77
58
77
77
58
80
77
77
58
58
77
58
58
77
79
58
58
77
58
77
58
77
77
58
77
58
58
58
58
77
83
77
82
77
58
58
77
58
58
58
80
77
77
80
58
58
58
58
84
80
77
82
58
58
58
77
58
77
58
58
80
77
77
58
58
58
58
77
58
77
58
58
77
77
58
77
58
58
58
58
58
77
83
58
58
77
58
58
58
58
58
77
58
58
77
58
77
58
80
83
77
58
58
80
82
80
77
77
81
58
58
58
77
58
77
58
77
58
83
77
77
58
58
58
82
58
77
58
58
58
77
58
80
58
58
77
58
58
58
58
77
58
58
77
58
58
58
58
58
58
58
77
58
58
58
58
58
81
81
58
84
77
58
58
58
58
58
58
58
58
77
58
77
58
83
58
58
83
58
77
58
58
58
58
58
58
58
58
58
58
77
58
58
83
58
83
58
77
58
58
58
58
58
77
77
77
77
86
77
77
58
77
58
58
77
77
58
58
58
58
77
58
58
58
58
58
58
77
81
58
58
58
58
85
77
58
58
58
58
58
58
58
58
58
58
87
77
58
83
58
58
58
58
58
58
58
58
58
58
58
78
77
58
77
58
58
58
17
58
58
77
77
58
58
58
58
58
77
77
58
77
77
58
58
58
58
78
80
78
58
58
78
77
58
77
78
58
58
58
80
58
77
78
58
58
58
58
58
58
58
77
58
58
80
58
85
77
58
58
58
58
58
58
58
58
77
58
58
58
58
58
83
58
58
58
58
58
58
58
77
77
77
58
58
58
80
58
58
58
81
58
58
58
85
58
58
58
58
58
78
58
77
58
58
77
77
58
77
58
77
58
77
58
58
58
58
77
77
85
85
58
58
58
58
87
58
58
58
58
58
77
77
58
58
77
58
58
58
58
58
78
58
85
77
85
77
85
77
58
58
77
58
77
77
88
88
89
88
90
91
92
92
93
90
90
88
88
88
94
88
95
88
91
88
88
92
92
92
88
88
92
92
96
92
88
92
92
91
88
91
93
92
88
96
88
97
98
88
98
91
92
88
88
92
99
88
92
90
88
88
92
92
88
88
88
91
92
97
88
98
88
99
91
92
92
91
92
92
92
88
89
88
92
98
88
88
96
88
91
88
98
92
88
91
88
88
92
99
90
92
88
92
92
90
97
93
92
88
93
88
88
88
88
90
88
88
90
88
99
88
91
92
92
88
88
92
88
98
92
98
88
92
88
99
93
92
92
88
96
92
88
88
88
88
88
88
96
90
98
92
92
92
90
88
97
91
88
91
92
88
92
98
93
88
91
91
91
92
92
92
88
88
88
90
97
91
88
88
88
92
98
92
91
89
92
88
88
92
88
92
92
90
88
99
88
93
91
92
92
100
88
92
88
91
88
89
98
88
97
88
92
91
92
92
89
92
98
101
88
92
100
88
97
88
93
88
88
88
88
90
91
97
92
91
88
92
98
88
92
88
99
88
96
92
88
92
90
92
88
90
88
88
91
88
88
88
88
92
98
88
88
91
98
97
88
91
89
98
96
88
88
88
91
92
88
96
102
91
92
88
91
92
91
89
88
92
92
100
88
91
99
92
93
92
90
91
88
88
88
88
92
88
91
88
88
92
93
91
88
92
93
88
90
103
97
104
100
88
100
92
91
92
88
88
96
92
96
88
92
88
92
92
88
97
92
92
91
92
90
88
91
96
88
97
92
91
88
88
92
92
97
92
88
92
100
88
100
88
97
92
92
92
88
88
88
105
89
88
91
91
92
88
88
90
100
88
97
92
90
90
98
90
91
91
88
92
93
106
92
92
92
88
92
92
91
88
92
98
88
88
92
92
91
96
96
88
99
91
88
88
92
89
88
103
88
89
92
91
88
88
107
100
92
108
93
88
92
88
92
91
90
98
91
92
91
93
92
92
93
88
88
93
97
91
88
92
100
88
92
92
98
88
91
88
97
88
88
92
88
93
92
90
92
92
88
98
96
92
97
88
92
92
90
92
91
88
92
96
98
93
88
92
92
88
93
100
98
97
91
90
100
92
99
88
92
88
88
88
92
89
97
88
109
91
92
88
90
88
92
92
88
88
92
92
92
88
90
88
92
89
88
92
92
92
96
92
88
97
99
88
90
97
96
88
97
88
92
88
88
92
92
110
96
92
91
88
88
111
112
112
113
111
112
113
114
112
38
115
38
113
112
112
112
38
112
112
112
113
116
38
112
112
112
38
115
117
112
111
38
114
38
112
111
115
113
112
112
38
112
118
112
119
115
112
38
38
116
112
38
38
113
112
111
112
112
38
