0
1
2
0
3
0
4
5
6
5
5
7
0
5
2
8
5
2
9
10
2
5
5
6
1
5
5
5
2
11
5
12
13
14
1
15
16
17
5
5
5
2
14
18
2
5
15
0
1
19
5
12
19
1
1
5
5
1
20
5
5
6
5
5
21
5
5
5
15
5
22
22
5
1
23
5
0
5
3
5
1
24
5
12
12
5
15
5
1
4
25
6
1
13
1
4
5
22
5
15
21
1
15
5
5
5
5
0
16
5
6
2
10
5
26
2
2
5
5
5
11
5
5
5
6
5
1
16
5
5
1
15
5
5
5
16
11
13
10
16
2
5
5
15
2
25
5
4
5
2
21
2
3
5
4
6
5
6
5
16
1
5
2
21
1
5
1
13
5
5
5
21
5
1
10
15
5
15
5
25
1
3
22
5
16
5
5
1
5
21
6
1
19
6
1
3
1
16
27
5
5
6
1
5
1
19
5
5
5
28
0
5
5
5
2
29
13
21
3
4
2
5
5
5
5
15
2
15
0
5
22
5
5
30
5
5
5
12
5
5
6
19
1
13
31
6
5
11
5
1
5
16
5
22
1
19
30
5
5
6
1
5
2
15
6
5
1
6
5
24
0
5
5
3
5
3
5
5
15
2
5
16
31
0
16
5
24
32
5
10
5
5
0
10
5
5
15
5
5
1
1
0
1
5
5
2
3
22
5
16
13
5
2
5
5
5
0
5
5
4
16
15
5
5
5
5
2
4
3
5
1
5
5
2
5
33
1
13
5
5
5
5
5
2
5
5
1
5
34
34
34
27
34
35
34
34
36
37
34
34
34
34
34
35
27
34
35
34
34
37
34
34
34
34
34
34
34
34
34
36
37
37
34
34
34
34
36
34
34
37
34
34
34
27
34
34
34
37
34
27
34
36
34
34
34
34
36
34
34
34
34
36
34
34
38
34
34
34
34
37
34
34
39
34
37
34
34
34
34
34
34
34
34
34
34
37
34
36
34
34
34
27
34
40
34
34
34
41
34
34
34
34
34
40
27
34
34
37
34
37
34
34
34
34
34
34
34
36
40
37
34
34
36
34
34
34
27
37
34
34
34
34
34
35
35
37
37
34
34
34
34
34
34
34
34
34
34
34
36
36
34
27
34
34
34
37
34
34
34
37
34
34
34
34
34
34
37
34
37
34
34
34
34
34
34
34
34
34
34
34
34
34
36
34
34
34
34
34
35
34
34
34
34
34
34
34
34
34
34
27
40
37
34
34
37
34
34
34
34
34
34
34
34
37
27
34
34
34
34
34
34
34
36
39
39
39
42
42
42
39
35
38
42
42
39
38
34
34
39
39
39
34
39
34
43
42
39
39
39
42
42
35
44
39
34
39
35
45
46
39
34
39
39
38
34
42
39
39
39
39
39
39
39
39
47
39
39
42
42
35
39
39
42
39
34
42
39
35
48
39
42
35
38
42
39
34
34
42
39
1
42
35
34
39
39
39
35
39
42
42
39
42
42
39
39
42
39
43
49
34
42
34
39
34
50
42
34
39
39
39
39
42
39
34
39
39
51
51
51
52
51
52
52
51
51
51
51
51
53
52
51
51
52
51
51
51
51
52
51
51
51
51
52
51
52
51
51
51
51
51
51
51
51
51
51
52
51
51
51
54
51
51
52
52
51
51
52
51
51
51
51
51
52
52
51
51
52
51
51
52
51
51
51
54
51
51
51
52
51
51
51
51
51
51
51
51
51
52
52
51
51
52
51
51
51
52
55
51
51
51
51
51
52
51
51
51
52
51
52
52
51
52
51
51
51
51
52
51
51
51
51
52
52
51
54
51
52
51
51
51
51
51
51
52
51
51
52
51
52
51
51
51
52
51
51
54
51
51
51
51
51
51
51
52
51
51
51
51
51
52
51
51
51
51
51
51
51
51
51
51
52
51
51
51
51
51
54
56
57
55
58
54
56
54
54
56
57
55
56
51
57
57
55
55
55
53
54
55
54
57
51
57
54
53
54
55
54
55
54
54
51
53
53
54
57
57
59
60
61
60
62
63
59
63
21
35
60
35
62
64
65
66
65
64
64
35
60
61
67
61
60
60
60
62
64
60
60
60
62
68
35
69
60
61
60
64
35
64
63
69
64
61
61
64
64
61
60
60
35
64
62
62
60
60
61
64
62
59
63
60
60
62
69
63
64
64
60
60
64
61
62
61
60
60
64
59
35
64
60
62
60
59
60
60
61
64
64
62
59
59
68
60
63
60
59
60
60
60
60
60
64
35
70
60
60
64
60
59
62
59
64
64
35
64
61
59
62
60
61
59
61
59
39
62
60
35
60
70
60
60
64
62
61
62
60
64
59
64
62
60
60
64
64
64
59
64
59
60
60
60
60
64
64
65
60
60
60
64
60
60
59
62
64
60
69
64
61
59
60
60
64
71
64
62
60
60
60
71
60
60
35
61
59
60
60
62
60
60
62
64
64
70
60
64
69
35
72
63
62
61
59
60
61
61
59
70
64
60
61
64
60
64
60
35
35
59
60
60
63
73
59
64
35
60
60
60
60
64
60
59
60
64
60
60
64
60
62
63
62
64
68
64
35
61
62
74
60
64
59
60
60
60
64
60
69
35
60
60
59
64
60
60
69
60
60
62
61
64
64
64
61
21
60
60
62
60
59
62
62
35
60
60
60
64
60
60
63
62
64
64
59
60
59
21
59
60
60
64
60
60
71
60
71
62
59
60
64
60
70
60
35
60
69
64
60
61
63
64
62
60
60
59
60
35
21
64
64
59
64
59
60
59
63
39
69
59
64
35
60
60
64
61
60
60
64
61
64
61
64
64
60
62
64
71
64
60
60
59
64
64
64
61
60
35
64
60
60
60
71
60
64
60
60
61
62
64
60
59
60
59
60
61
61
60
59
60
59
60
60
60
60
60
59
60
35
69
64
21
59
64
35
62
60
61
64
60
64
62
64
61
64
64
60
35
63
59
61
68
35
63
35
60
59
60
61
62
71
60
62
60
60
60
35
63
60
60
60
62
64
60
60
60
69
69
60
59
60
59
64
35
59
60
60
64
64
64
69
35
35
60
62
60
64
63
64
60
64
60
64
60
60
63
69
61
35
60
60
60
63
59
60
59
61
60
64
69
67
21
60
60
60
60
59
60
64
60
61
35
60
60
35
60
60
62
59
60
61
60
35
60
62
60
64
59
59
64
60
59
64
60
60
62
65
59
63
69
59
35
64
61
35
60
59
62
60
64
64
60
59
60
60
60
60
69
64
62
35
60
59
60
68
61
63
69
61
69
60
60
60
59
60
62
59
60
35
75
76
60
63
64
60
60
64
69
64
59
60
68
69
59
60
64
64
60
60
60
21
35
60
61
35
60
59
63
62
61
64
69
60
62
64
60
61
61
64
68
35
64
61
60
64
62
35
60
35
61
60
60
62
60
60
60
60
60
60
64
35
60
60
64
60
69
60
63
68
60
64
60
60
60
60
64
60
35
60
69
62
60
63
35
59
60
62
62
60
62
60
60
60
60
77
60
62
60
60
35
69
62
63
64
60
60
60
59
35
64
59
75
59
62
60
78
61
59
60
60
59
59
62
60
60
59
59
62
60
61
59
60
60
69
60
63
35
60
60
60
35
64
60
60
60
59
60
60
60
62
35
60
60
60
60
60
60
60
64
35
60
70
59
63
64
35
60
64
64
59
59
60
61
60
64
62
68
60
60
35
64
59
63
61
64
60
60
60
69
59
68
65
64
60
35
61
60
60
64
60
68
64
60
60
60
69
64
35
60
60
62
35
60
35
59
64
59
60
79
60
64
62
60
60
64
59
35
64
69
35
69
62
62
64
60
68
60
64
61
62
61
60
62
64
60
64
60
62
60
59
59
60
75
62
59
60
60
60
60
64
68
64
59
61
60
69
61
63
60
60
60
60
64
64
35
60
61
69
35
64
60
63
64
64
60
61
60
60
60
59
64
60
62
64
64
69
69
35
59
60
35
35
60
60
64
60
60
35
60
60
65
34
35
60
60
64
60
61
63
64
61
63
64
60
35
60
68
60
61
60
60
60
63
60
60
35
63
62
60
60
62
64
65
60
60
60
61
60
69
64
60
60
64
60
61
60
60
60
61
62
60
60
61
69
64
69
60
60
80
60
60
63
68
60
64
59
60
60
35
60
60
62
61
60
61
60
60
35
60
64
60
59
60
59
60
60
59
60
60
60
62
60
60
64
35
61
59
59
60
59
64
60
35
60
63
35
35
60
59
64
60
59
60
62
70
60
63
61
61
63
62
64
60
59
60
69
60
59
64
60
64
61
62
60
69
60
81
75
82
83
75
84
84
82
75
82
83
75
85
84
75
82
82
84
83
82
75
83
83
82
83
83
84
75
75
75
84
84
75
75
84
75
75
83
82
82
75
84
75
75
86
82
82
75
83
86
84
84
75
83
84
37
82
75
75
84
82
82
75
83
82
75
83
84
82
75
85
84
84
84
84
75
85
84
83
82
85
84
75
82
75
84
82
82
82
82
75
75
82
84
82
75
83
82
75
82
82
82
82
83
82
81
82
84
84
84
82
83
82
82
75
82
75
75
84
75
75
84
81
83
75
84
75
75
84
86
75
84
84
84
84
75
75
83
82
87
75
75
75
84
84
75
84
84
84
82
75
84
84
75
75
84
75
84
83
75
75
84
84
75
85
84
84
81
83
75
83
84
84
75
84
75
84
83
84
83
84
84
86
84
75
82
84
87
87
75
75
84
84
83
81
83
84
84
75
75
84
87
83
84
82
75
84
83
83
84
84
84
84
75
83
75
75
83
83
84
75
75
75
75
84
75
75
84
84
75
84
75
75
75
83
84
75
75
84
75
83
75
84
75
83
82
83
82
83
75
83
75
84
84
83
86
81
75
85
82
84
83
75
75
75
75
83
84
75
83
75
75
84
75
75
75
84
75
84
75
82
83
75
88
75
83
75
75
84
84
82
75
81
75
84
85
75
75
84
75
84
84
75
75
84
87
84
75
84
75
75
75
75
82
75
87
83
84
87
83
75
84
84
75
83
84
83
75
84
75
75
75
84
86
75
75
83
75
75
83
75
84
75
85
75
84
84
85
83
84
84
87
75
75
84
75
75
89
75
84
75
75
75
84
84
83
84
75
75
86
75
75
82
75
83
84
84
75
84
75
75
75
75
75
75
82
75
84
84
86
75
84
75
75
84
84
84
84
75
84
75
87
83
75
83
83
75
75
85
83
83
84
84
75
84
75
75
84
75
84
75
75
84
83
75
82
75
84
84
83
83
75
75
75
82
84
84
85
84
75
84
84
84
75
84
83
87
84
83
83
75
84
82
82
75
75
75
84
84
83
75
83
84
87
84
75
82
75
87
84
87
84
75
75
84
84
83
75
75
84
84
84
75
84
75
83
75
75
75
85
83
83
84
83
75
84
84
84
84
83
83
75
84
75
75
75
84
75
75
81
87
84
83
75
85
84
84
84
84
87
75
84
75
82
75
81
75
87
83
87
84
85
85
75
84
82
83
84
87
75
75
75
84
83
87
81
75
82
84
75
84
75
84
75
85
84
84
84
90
75
75
75
83
75
84
84
84
75
75
86
84
75
84
84
85
86
83
84
85
75
84
75
82
84
75
83
75
84
84
75
75
83
84
75
84
84
75
75
75
75
75
85
75
85
75
75
75
75
84
84
75
83
84
75
84
75
87
75
75
75
84
75
83
86
84
75
82
84
83
87
84
75
75
84
84
75
87
84
84
84
84
84
84
75
84
75
87
84
84
84
83
84
84
75
75
75
75
91
83
75
75
84
84
84
84
83
84
84
83
75
75
82
84
82
84
83
75
75
84
84
75
84
75
75
92
75
75
75
84
84
84
75
84
75
84
84
75
75
75
84
75
84
87
84
75
75
83
84
82
87
85
84
84
84
82
82
83
75
84
84
87
82
86
75
82
75
84
82
82
75
75
75
83
82
84
82
82
75
85
75
75
75
84
84
83
82
82
82
82
79
79
93
93
79
93
79
79
93
94
95
79
93
79
79
93
79
68
93
93
93
79
93
79
79
79
79
79
93
79
96
79
68
93
93
79
79
93
94
79
79
79
94
21
93
93
79
79
79
93
79
79
79
79
79
79
93
79
79
79
95
79
79
79
79
93
79
79
93
79
93
97
79
98
79
79
79
93
79
21
93
79
93
79
93
93
79
79
93
93
79
95
79
93
93
93
93
79
93
68
93
79
93
68
79
93
94
79
93
79
79
79
93
99
79
100
93
79
79
79
79
93
79
79
79
93
79
100
93
79
100
96
79
93
79
79
79
93
100
93
79
79
79
79
101
93
93
98
93
93
79
79
79
20
93
79
99
79
79
79
93
68
79
95
79
68
93
79
79
79
79
79
79
94
93
79
93
20
93
79
79
102
79
79
79
79
79
79
79
93
93
93
79
93
79
79
100
79
79
79
100
93
79
93
79
93
93
79
79
79
79
93
93
93
79
79
93
79
94
93
79
79
68
93
20
101
93
93
94
93
93
79
79
79
79
93
93
79
93
79
79
97
68
79
93
93
93
93
93
93
93
93
93
79
93
93
93
79
93
93
79
101
79
93
93
103
93
93
93
97
93
79
101
79
101
79
79
79
79
93
68
79
93
93
93
93
79
93
101
79
79
93
93
79
79
93
79
79
94
93
93
95
93
79
79
93
93
68
93
79
79
94
79
93
100
79
93
93
79
79
93
94
101
79
93
93
93
93
79
79
79
79
93
93
79
79
101
79
101
93
79
79
20
93
79
79
79
94
79
93
79
101
79
93
79
79
79
79
79
101
79
93
93
79
93
93
79
101
93
93
79
79
93
79
79
93
96
79
79
93
79
93
79
93
93
79
93
79
79
79
79
93
100
93
99
93
68
79
93
79
79
79
101
93
93
101
79
79
79
79
104
101
93
99
79
79
95
93
79
93
79
79
101
93
93
79
79
79
79
93
95
93
79
79
93
93
79
93
79
79
79
79
79
93
100
79
79
93
79
79
79
79
79
93
79
79
93
79
93
79
98
100
93
79
95
101
99
101
93
93
97
79
79
79
93
79
93
79
93
79
100
93
93
79
79
79
99
79
93
79
79
79
93
79
101
79
79
93
79
79
68
79
93
68
68
93
79
79
79
79
79
79
79
93
79
79
79
79
79
97
97
79
105
93
79
79
103
79
79
79
79
79
93
79
93
79
100
79
79
100
79
93
79
79
79
79
79
79
79
79
79
79
93
79
79
100
79
100
79
93
79
68
79
79
79
93
93
93
93
102
93
93
79
93
79
79
93
93
79
79
79
79
93
79
68
79
79
79
79
93
97
79
79
79
79
103
93
79
79
79
79
79
68
79
79
79
79
106
93
79
100
79
79
79
79
79
79
68
79
79
79
79
94
93
79
93
79
79
79
20
79
79
93
93
79
79
79
79
79
93
93
79
93
93
79
79
79
79
94
101
94
79
79
94
93
79
93
94
79
79
79
101
79
93
94
79
79
79
79
79
79
79
93
79
79
101
79
103
93
79
79
79
79
79
79
79
79
93
79
79
79
79
79
100
79
79
79
79
79
79
68
93
93
93
79
79
79
101
79
79
79
97
79
79
79
103
79
79
79
79
79
94
79
93
79
79
93
93
79
93
79
93
79
93
79
79
79
79
93
93
103
103
79
79
79
79
106
103
79
79
79
79
93
93
79
79
93
79
79
79
79
79
94
79
103
93
103
93
103
93
79
68
93
79
93
93
107
107
108
107
109
110
111
112
113
109
109
107
107
107
114
107
115
116
110
107
107
117
117
111
107
107
117
111
118
111
107
117
111
110
107
110
113
111
107
118
56
119
120
107
120
110
117
107
107
117
116
107
121
109
107
107
117
117
107
116
107
110
117
119
107
122
107
116
110
117
117
110
117
111
117
107
108
107
117
120
107
107
118
107
110
123
120
117
107
110
107
107
111
116
109
117
107
117
117
109
119
113
117
107
113
107
107
123
107
109
123
107
109
107
116
107
110
111
117
107
107
117
107
124
111
120
107
117
56
116
113
117
117
114
118
117
107
107
123
107
107
107
118
109
120
111
117
117
109
107
119
110
123
110
117
123
117
120
113
107
110
110
110
112
117
111
107
107
107
109
119
110
107
123
107
117
120
121
110
108
117
107
107
117
107
117
117
109
107
123
107
113
110
111
117
125
107
111
107
110
56
108
120
107
119
107
117
110
117
117
108
117
120
126
107
121
125
107
119
107
113
107
123
123
107
109
110
119
121
110
107
111
122
107
117
107
116
107
118
121
107
117
109
117
107
109
107
107
110
107
107
107
107
117
124
107
107
110
120
119
107
110
108
122
118
107
107
107
110
117
107
118
127
110
117
107
110
117
110
108
124
117
117
125
107
110
116
117
113
111
109
110
107
107
107
123
112
107
110
107
107
111
113
110
107
112
113
124
109
128
119
129
125
107
125
111
110
117
107
107
118
117
118
107
111
107
117
117
107
119
117
117
110
117
109
123
110
118
123
119
117
110
123
107
117
117
119
117
107
117
125
107
125
107
119
117
117
117
107
107
107
130
108
107
110
110
117
107
123
109
125
123
119
117
109
109
122
109
110
110
107
117
113
131
117
117
117
107
121
117
110
107
111
124
107
107
117
117
110
118
118
107
116
110
107
107
117
108
107
128
123
108
112
110
107
107
132
125
117
133
113
107
112
107
112
110
109
122
110
117
110
113
117
117
113
123
107
113
119
110
107
117
125
107
117
117
120
107
110
107
119
123
107
117
107
113
117
109
117
117
107
120
118
117
119
107
117
112
109
117
110
107
117
118
122
113
107
117
111
123
113
125
120
119
110
109
125
117
116
107
117
107
107
107
117
108
119
107
134
110
111
107
109
107
117
111
107
107
111
117
117
107
109
123
117
108
123
112
117
111
118
117
107
119
116
107
109
119
118
107
119
107
117
107
107
111
117
135
118
117
110
107
123
136
137
137
138
136
137
138
139
137
43
140
43
138
137
137
137
141
137
137
137
138
142
141
137
137
137
141
140
143
137
144
43
139
43
137
136
140
138
137
137
141
137
145
137
136
140
137
141
141
142
137
43
141
138
137
136
137
137
43
