0
0
1
2
3
4
5
4
4
4
6
7
7
8
9
10
11
12
13
14
15
16
17
18
17
19
17
20
21
22
17
23
24
25
26
25
25
25
27
28
25
29
25
30
31
31
31
32
33
34
35
36
31
31
31
37
38
39
40
37
41
42
43
44
45
46
11
47
48
49
11
50
11
51
11
52
53
54
55
53
53
56
53
57
53
58
59
60
60
61
62
63
64
65
66
67
68
69
70
70
70
71
72
73
74
75
76
70
77
78
79
80
81
82
83
84
85
86
78
87
88
4
4
4
4
89
90
4
4
91
92
93
4
94
95
26
96
92
97
98
99
100
101
4
4
4
102
4
4
4
100
103
104
58
103
105
106
107
108
109
110
111
112
113
114
115
112
112
112
116
112
117
112
118
4
4
119
4
120
4
121
122
123
124
125
122
122
126
127
122
128
129
98
130
98
131
132
133
134
9
135
136
137
138
133
139
133
133
140
141
140
142
143
144
145
146
147
148
149
150
149
151
152
153
154
151
155
156
157
158
159
160
157
157
157
161
162
162
163
162
164
165
162
63
166
162
167
168
169
4
170
171
172
173
173
174
175
176
173
177
178
179
180
181
4
182
4
183
184
181
185
186
187
185
188
189
190
191
192
193
30
194
195
10
196
197
193
193
198
199
200
201
202
199
203
204
205
206
4
207
208
209
210
211
208
212
213
214
215
211
216
217
216
216
216
218
216
216
219
216
216
220
220
220
221
222
223
224
220
220
225
226
226
227
228
229
230
231
232
233
234
235
236
234
237
238
234
239
240
241
242
243
4
4
244
245
246
243
243
247
248
248
248
249
250
248
2
4
4
4
251
252
160
253
254
251
255
251
207
256
257
258
259
258
258
260
261
262
258
263
264
265
266
267
268
264
269
270
271
272
273
274
272
272
275
272
276
272
272
277
278
279
280
281
278
282
283
278
284
285
278
4
286
287
288
289
290
4
291
291
292
293
291
294
295
296
297
298
299
300
301
300
302
303
300
300
300
300
304
300
305
306
307
307
308
309
299
305
310
311
312
310
308
312
113
313
314
315
316
29
317
29
318
319
320
321
322
323
324
325
326
182
324
327
231
49
328
329
330
331
332
333
334
335
336
331
337
331
335
338
37
338
338
339
338
340
338
341
342
343
344
342
345
346
202
347
348
348
175
349
350
351
352
353
354
355
38
356
357
357
357
358
359
360
164
357
361
362
363
362
364
365
362
362
366
362
362
367
368
369
370
371
372
90
373
374
368
375
376
4
377
377
378
379
377
377
380
381
221
377
382
383
384
385
386
358
387
388
351
389
390
391
392
393
394
80
395
396
397
397
398
399
400
401
402
403
404
405
406
407
408
407
265
409
410
4
35
411
412
413
414
415
416
417
28
411
411
418
418
419
277
420
418
421
418
418
422
418
423
230
423
10
10
10
424
275
425
426
425
425
425
425
425
425
225
225
415
147
427
179
147
147
428
147
429
430
431
432
336
4
433
434
431
435
436
437
4
438
439
439
439
439
439
439
440
439
441
344
420
442
443
444
445
446
65
447
448
449
442
413
413
413
413
450
90
451
90
452
90
453
454
455
456
457
456
458
459
460
455
139
139
461
445
139
462
463
464
4
465
104
104
104
466
104
104
104
467
104
468
468
469
470
471
472
473
474
475
476
477
478
4
479
480
481
482
475
275
483
484
275
485
486
487
4
4
487
488
489
488
490
491
488
4
492
493
371
494
495
493
496
76
497
498
499
500
501
501
502
502
503
429
504
505
506
502
502
507
508
509
510
508
508
508
508
508
511
512
312
312
312
513
514
302
312
515
76
516
515
515
217
517
518
519
520
9
353
521
522
186
523
524
525
195
526
527
528
292
528
529
530
4
531
530
532
463
533
534
386
534
535
184
534
534
228
534
423
536
537
304
538
536
445
539
434
540
541
4
541
542
543
215
544
545
546
547
543
548
549
550
551
141
120
88
552
553
426
365
554
555
555
556
557
558
273
440
375
559
560
561
562
559
563
564
565
566
427
567
567
477
567
567
20
568
567
569
567
570
571
572
573
574
570
570
570
575
169
18
576
577
113
578
579
580
306
581
306
582
306
306
583
584
583
583
583
583
583
583
4
585
585
586
587
588
585
529
589
90
182
545
590
591
545
592
593
592
594
595
596
597
598
20
180
599
600
601
602
180
603
604
605
308
604
606
607
608
586
586
609
610
87
586
611
612
613
614
614
615
616
617
618
124
619
182
182
620
620
621
622
623
464
202
624
67
533
172
625
464
464
464
626
627
628
626
296
629
630
631
632
633
634
635
636
393
637
638
639
640
641
642
153
643
472
393
194
194
194
644
194
194
645
646
647
179
648
206
647
647
649
607
650
623
651
652
607
311
653
654
655
656
655
657
658
655
659
660
655
661
662
663
664
665
624
666
168
667
668
668
261
668
668
668
345
669
668
670
671
672
673
670
674
675
211
676
211
4
211
97
677
651
651
678
651
651
679
651
651
651
623
315
315
315
680
315
315
315
681
682
683
684
683
685
686
687
540
688
688
689
500
690
4
328
691
361
692
114
4
693
694
695
696
693
697
693
698
155
550
699
550
550
550
700
550
701
253
482
527
482
648
394
482
482
4
702
703
704
705
702
188
706
188
188
188
707
657
707
437
645
708
707
709
710
711
711
711
712
711
711
711
711
713
711
668
43
714
715
322
43
716
717
4
718
718
719
106
720
721
722
723
724
725
725
726
727
725
725
728
396
729
202
202
202
202
730
731
549
730
732
733
734
735
736
257
737
210
738
4
257
739
739
739
740
741
739
742
739
4
4
393
393
597
45
743
744
745
746
747
748
743
749
750
209
382
751
209
209
209
570
752
752
753
754
691
568
755
756
757
758
757
759
760
761
762
763
764
166
765
678
529
766
767
678
678
678
678
768
322
768
769
770
771
772
773
774
775
176
776
777
778
779
778
780
605
778
460
778
778
781
782
783
87
87
784
240
785
526
786
479
787
788
359
789
178
320
790
791
792
178
793
794
71
795
796
517
797
798
799
800
445
773
773
773
773
801
50
802
801
33
33
33
422
803
804
805
806
240
91
807
808
805
809
810
810
810
810
311
811
812
813
28
756
814
638
815
505
158
816
756
817
13
818
819
818
414
124
818
820
707
821
344
822
432
344
823
127
824
127
127
565
825
124
127
826
4
457
826
827
826
826
826
691
691
691
691
828
829
830
831
390
230
832
4
833
230
834
563
563
563
835
836
685
708
800
358
837
837
351
351
803
351
351
351
838
351
322
839
322
322
840
4
709
841
841
842
842
842
842
145
842
842
842
842
843
842
844
845
37
846
283
728
728
847
848
728
728
727
318
298
4
318
318
318
218
741
733
288
849
849
850
850
850
850
851
850
852
4
853
854
855
854
856
854
857
858
859
854
854
860
21
861
862
863
863
99
863
864
863
863
308
326
865
308
866
866
611
867
868
623
866
186
456
441
869
187
441
870
871
872
873
556
874
875
872
409
876
877
878
879
880
880
328
881
882
883
49
883
883
232
883
477
253
253
884
875
693
885
566
253
370
370
265
265
265
886
265
644
378
290
307
887
888
889
843
890
378
458
458
313
313
891
532
513
313
892
290
313
638
40
517
893
478
894
895
896
897
894
898
899
900
901
67
497
899
899
899
20
658
902
250
71
874
658
658
848
531
531
903
876
503
531
531
531
904
802
904
905
853
906
751
206
206
38
907
522
49
602
323
22
795
64
755
795
795
795
701
795
908
909
908
50
910
911
50
859
859
912
913
914
915
912
916
917
918
389
919
919
920
920
921
663
671
451
922
923
923
924
153
925
295
926
660
297
927
16
293
207
542
928
929
542
746
930
930
744
744
931
931
241
277
931
931
931
932
933
933
934
935
936
793
92
458
937
363
458
938
107
939
939
940
939
941
942
939
825
538
825
825
276
825
18
943
944
73
945
946
947
233
948
333
949
946
946
946
950
769
797
535
951
952
953
952
59
952
954
955
952
956
744
957
599
792
958
959
549
960
961
885
101
962
885
885
885
885
963
594
186
186
186
964
965
434
726
329
434
434
434
966
967
968
969
970
966
971
327
966
972
515
973
974
975
976
977
978
979
978
672
980
981
295
295
982
983
600
947
295
189
189
984
871
189
985
476
443
986
381
987
443
443
988
989
721
990
988
698
991
992
993
726
994
726
995
996
726
997
998
40
40
999
1000
581
40
1001
1002
1003
201
1004
1001
766
1005
1006
1005
509
1007
1008
1009
1005
465
1010
465
981
530
1011
1012
512
637
1013
996
1014
2
1015
814
1016
594
3
1017
1018
4
61
4
15
15
1019
20
856
294
20
20
735
1020
1021
16
1022
382
1023
761
809
28
1024
28
28
1025
1026
1027
460
30
1028
219
915
41
41
41
998
1029
1030
415
41
1031
1032
1033
4
1034
326
45
1035
48
48
48
453
1036
783
43
43
262
43
43
1037
1038
52
947
955
1039
51
500
1040
617
1041
54
51
44
834
1042
1010
1043
680
1044
1045
947
679
1046
1047
1006
56
56
1048
1049
1050
1051
884
42
1052
581
57
581
447
1053
46
1054
46
1055
1056
46
165
316
61
695
1057
64
195
1058
4
75
1059
75
1060
136
1061
74
412
1062
72
79
85
1063
834
381
762
1064
447
290
843
1065
77
77
575
573
1066
81
1067
1068
974
1069
1070
1071
85
724
1072
1073
182
794
1074
1075
1076
622
130
1
749
80
1077
661
1078
1079
1080
727
1081
89
8
987
1082
1083
675
1084
1085
409
91
1086
276
94
1087
1088
817
326
950
444
1089
1090
1091
93
956
1092
290
26
26
26
1093
26
1094
1000
1095
108
983
110
1096
110
110
1045
568
1097
1098
1099
1100
1101
1102
116
119
115
672
302
811
484
120
150
1098
917
121
1103
1104
98
1105
98
98
98
735
98
132
1106
1107
1108
1109
134
1110
1111
1112
1113
136
1114
136
353
1115
136
1116
136
821
142
619
417
792
1106
1106
332
27
152
1117
1118
1119
1120
155
1121
994
151
151
151
151
201
163
1122
1123
1124
1125
165
309
1126
1127
1128
63
1129
63
1130
175
166
1131
1132
1133
1134
166
55
937
1135
171
746
1136
1137
1138
1139
172
601
363
1140
859
159
1141
158
1142
1143
896
753
452
410
575
905
1144
606
874
1145
1146
183
901
150
1147
1148
1149
196
367
1092
1150
119
1151
198
940
190
1152
1153
207
207
207
152
392
1030
1154
701
212
712
1128
1155
1156
214
242
884
214
1157
1158
1159
222
222
549
224
914
1160
891
223
1161
274
1162
1163
1164
1165
1166
1167
1048
625
1168
235
235
600
750
240
240
729
1169
241
241
1170
915
234
440
234
1126
974
384
1171
245
483
882
293
301
1172
1173
461
160
160
636
160
1174
246
1175
246
1176
1177
1178
974
242
1179
1180
1181
1182
791
350
247
26
1183
472
260
1184
511
1185
1174
1060
461
259
364
259
259
259
792
1186
838
1156
262
1147
263
146
745
1187
1188
1189
261
1190
129
588
129
129
129
951
129
129
256
271
1191
494
1192
271
271
687
1193
266
1194
126
1156
266
266
681
1195
130
615
515
281
527
444
1120
1196
1197
1198
875
286
1199
1200
287
832
1201
175
1202
568
58
1203
1204
803
1205
288
895
292
292
215
769
292
1206
293
594
1207
293
205
1208
701
699
1209
141
294
283
283
283
283
283
304
1210
309
309
1211
1212
299
299
314
1146
314
314
1213
1214
417
395
325
1215
1216
1217
1218
23
1219
326
1220
123
4
332
284
284
284
983
98
337
337
1221
1222
890
1016
336
1101
830
1223
321
1224
1225
831
1226
1227
343
1228
1229
341
1186
663
834
553
231
156
523
302
705
360
523
1230
1231
18
1232
622
366
366
71
366
366
366
367
1182
371
462
371
210
385
383
1233
33
1234
388
388
388
388
1018
1235
23
1236
1119
365
1237
392
339
1238
1239
390
1240
390
1241
1242
415
1243
562
353
417
417
1234
152
277
1244
1015
1245
35
1246
1247
414
414
1248
225
225
430
1249
1250
429
1251
1209
1252
999
428
428
480
1253
777
956
1254
438
1255
379
379
379
445
445
874
831
448
812
1256
1257
1258
1259
890
1086
340
452
437
1032
1260
1085
450
1261
450
450
676
450
450
450
453
1262
1263
1264
1265
1266
205
454
1020
1267
4
1268
456
577
843
1235
1269
66
239
1070
473
1270
65
1271
1272
859
1196
1273
1071
457
936
520
205
460
1274
1275
463
538
1276
328
471
326
1277
1082
470
708
1278
1279
1280
476
1228
1281
1282
478
478
1283
483
1284
792
4
356
1049
874
1285
485
1286
1287
1288
182
1263
911
480
1078
473
473
473
1156
491
491
1289
1290
1291
1292
903
1006
495
494
317
1186
1293
496
1294
1295
386
1296
497
930
1071
1297
113
490
215
466
507
890
1298
1299
484
1300
479
598
479
1301
868
514
669
1302
124
22
984
518
156
410
1303
1304
954
569
76
76
796
546
1305
1306
738
547
657
547
1307
539
539
4
840
1308
551
1059
954
982
783
1309
552
1056
1310
548
974
1311
549
985
786
775
695
557
557
375
558
560
560
679
1312
1211
1313
1314
1315
568
363
695
572
1316
533
941
1317
640
1197
206
1118
1318
1315
4
1319
886
1320
574
653
1171
786
1097
571
1321
857
580
580
580
580
580
580
580
580
580
594
290
840
244
124
1322
591
1323
1324
1325
175
4
590
1326
590
590
590
716
595
1327
594
1328
609
588
1329
1244
1330
601
601
1331
1332
641
601
600
1333
381
600
603
1334
440
1335
1336
1337
603
1027
606
606
609
419
533
1338
976
289
948
674
1196
758
1339
602
1340
1039
610
802
950
610
844
611
1188
4
887
1341
617
1142
890
1342
1343
1344
618
901
269
1345
623
1346
781
622
928
584
172
1095
499
809
1347
625
113
296
296
144
296
1236
630
803
1348
1349
529
779
1183
627
1350
436
1351
1222
634
634
326
1030
841
624
1021
1205
640
328
1204
642
642
1352
1301
1353
1354
1127
643
1327
455
1355
562
1356
641
641
715
645
1357
1230
564
564
822
1196
1358
203
1359
527
646
1360
653
653
969
663
663
1361
665
662
1362
345
345
345
1363
588
345
1364
672
672
659
891
1146
659
1365
1366
954
237
1366
721
1335
684
684
684
135
1367
1274
1368
1369
1370
746
694
1269
1371
66
696
1372
631
695
1373
1111
798
1197
937
680
1374
1375
1317
1376
697
150
144
1377
612
1378
1242
1379
1061
527
527
1315
1380
394
119
1230
170
4
628
1381
1293
953
1382
706
354
809
47
1383
713
830
1384
705
1298
1120
267
1385
717
582
717
721
1386
1387
721
838
1032
1388
723
723
1389
723
1268
71
187
727
1390
369
729
522
735
735
1391
1252
735
737
737
737
1178
737
350
1392
1393
738
1350
720
1394
1395
661
1396
1381
719
1241
742
1397
1398
968
675
1399
45
748
736
747
215
749
745
1400
755
1401
1394
1089
669
82
1206
758
1402
760
1403
1367
1404
1172
1337
637
1405
4
529
1361
433
4
1406
1407
767
648
164
689
1408
776
1409
1410
758
758
758
1411
758
692
783
1303
783
905
1304
1167
1218
1104
1412
782
847
788
1413
792
419
237
790
290
800
1414
1090
699
174
779
1415
798
535
798
800
1416
1417
1418
247
781
1044
1419
797
113
1245
797
785
1297
1420
1421
802
979
998
1347
219
1422
1423
1424
1425
1426
320
807
598
967
1427
808
809
1428
1376
1429
787
1430
1390
813
1431
1432
239
921
1433
1434
4
819
1435
940
1436
1437
1438
804
660
822
1439
88
775
184
307
816
1440
1017
391
1099
67
344
344
1308
1441
823
1249
983
823
973
432
1442
432
868
432
432
1117
352
1376
827
421
1443
1131
786
1059
824
1444
817
1401
602
700
1445
953
829
1446
821
821
833
836
1447
632
1448
987
1449
579
1450
200
1115
689
708
852
4
1126
109
381
839
281
1451
335
961
145
1417
1452
1343
1453
1454
1455
846
294
941
727
727
727
1456
1170
141
750
865
1345
47
1282
1457
1458
581
633
969
870
870
13
873
1178
1459
873
1229
869
4
862
1460
716
380
232
1144
1455
875
1148
1461
1462
556
556
1071
1463
1464
1097
1465
137
888
1386
889
1466
886
1467
1397
879
1336
896
896
902
329
1468
1469
533
250
1470
462
503
503
1471
434
876
1007
787
1077
1472
4
1473
1474
907
1475
1476
1477
1347
307
1478
808
852
1479
921
64
685
1480
910
1481
4
1035
858
1454
1033
913
13
1482
1262
913
913
913
913
1483
803
1484
1083
913
1312
913
913
913
913
1390
921
921
1485
921
924
1486
1487
1488
1489
154
859
926
532
1490
710
1491
447
1492
297
297
927
95
927
1493
1155
660
660
460
1308
1494
1495
1496
462
744
350
744
877
932
1497
1498
1499
1500
1501
1502
929
1056
1503
161
1310
1504
1347
934
1002
938
1505
1506
1183
440
1312
942
1456
1507
459
538
1508
276
1367
943
1323
1509
1510
1511
1512
944
73
1015
73
1066
945
945
427
1513
650
674
937
1514
949
499
535
1515
940
834
1012
549
958
1516
24
486
963
1176
32
963
594
1517
971
971
971
1518
461
972
637
914
1076
4
973
1045
1519
975
1520
1521
1522
524
977
964
976
540
976
1212
976
1028
1163
582
1523
911
1524
1525
381
1314
828
986
1526
1416
1527
1528
947
947
987
987
66
1240
1143
1529
985
1530
989
1531
1532
1533
990
67
1236
993
983
1534
992
1535
1441
995
840
1536
994
994
994
1537
1538
994
105
1539
517
1286
1245
1540
780
1541
1003
1008
1008
751
1374
1008
1542
1543
509
1544
1007
652
519
1204
530
530
1011
1011
1011
1011
1011
1011
1011
1011
1011
1011
1011
1011
1011
1011
1011
521
1011
1011
1011
350
1011
1494
1328
1011
1011
1011
1011
1011
1011
1011
922
652
1012
791
1009
1009
724
1262
799
1014
1390
1278
477
1236
1020
1280
1022
1545
340
1023
1546
1547
1548
1549
761
761
1191
1024
1132
1550
131
1072
962
1551
979
1026
620
631
588
1458
759
1458
1029
1552
460
677
1553
1554
334
1030
511
787
1197
1031
1031
1031
1032
1125
1555
1183
1033
1556
1275
1557
1558
955
955
955
433
396
500
1315
500
937
1329
1559
1041
1560
420
1390
1040
1527
1561
1040
1562
1039
1563
1104
1039
1235
1043
1043
1043
1043
636
1048
1564
884
1565
1047
1090
1052
1042
1205
1053
1566
1231
54
1053
979
529
354
1567
1568
1050
1569
1570
1093
1055
1394
1191
281
1571
1572
1057
1142
1061
1117
1573
1425
997
1574
236
1575
1576
1577
1149
118
1578
1579
1580
843
1058
974
1337
1069
894
1581
573
1582
469
161
1583
520
1584
1070
1070
724
724
1073
1585
1586
1587
1588
1589
1080
1080
1140
1080
1590
1085
1260
1591
1087
1133
9
1592
1593
1088
1426
4
1088
536
1594
1084
1388
1089
1521
1089
1310
1286
1595
1091
93
1596
444
1597
1598
1599
753
1093
1093
340
1093
1093
23
1098
1098
1600
1098
1078
1103
1504
982
1104
1104
1071
635
1383
1105
1106
1299
1314
1110
862
1459
128
1260
1191
1116
1601
1602
1603
1108
1604
1121
731
1343
1118
1296
1114
1114
1605
1606
666
1129
1607
1336
1525
486
892
941
1537
1407
1123
1123
1123
1350
1123
1134
1510
1608
380
410
289
1609
1144
1144
1538
1145
1145
1145
1145
1145
1610
1151
1284
1092
1092
1092
152
152
1156
1464
1086
1611
1612
1304
1159
1160
948
1613
1614
687
1407
274
274
1615
1616
1542
1161
1617
1168
1168
1168
891
39
1168
1568
1168
170
437
1257
927
750
750
1618
1619
1169
1137
1296
1079
1180
1620
1153
1170
317
915
462
1621
1268
203
461
461
968
1622
1623
1454
1127
1360
636
1318
636
887
636
294
1175
807
1072
1624
187
803
571
1407
1177
1625
1626
789
1179
1208
1627
791
273
1182
1585
364
238
1628
1629
1147
1481
1186
581
855
1630
1219
1189
1189
1189
1189
1189
1190
1190
1190
1187
1631
1632
146
311
1276
1191
1021
890
1633
1085
1192
494
1193
1634
1635
126
936
126
467
95
681
522
615
1636
1637
615
1016
1638
1256
857
1120
1198
1639
1197
1188
1203
1640
1121
198
482
1641
385
1642
1508
1643
1207
1644
554
35
1296
1212
1166
307
677
1214
94
23
23
159
1219
386
1220
123
1645
1643
123
1386
1646
680
1213
1647
1010
635
1226
1226
323
1178
236
239
1256
1231
1231
1230
1648
71
1649
1650
1542
1232
964
898
105
1503
523
1519
853
352
1651
316
229
1344
1235
584
1477
1652
780
1457
1243
1653
1242
1242
1242
1261
135
1244
1244
1654
1247
1526
480
132
1253
1454
777
777
777
1655
170
1248
1656
1657
448
812
1256
1256
1658
1258
1659
1660
1260
141
1086
1661
316
238
32
291
1255
1255
426
137
851
1662
69
1540
1425
1650
6
1264
22
898
1236
1222
1663
1664
1265
1265
1463
392
956
956
1665
1268
1666
239
1271
504
69
1188
1273
1054
875
853
1479
1272
1123
1278
1278
1667
1082
1370
1237
1404
1363
1398
1282
1281
858
84
1288
1595
903
1263
661
1668
1669
1670
1289
95
1284
648
1292
54
1294
512
1515
1329
317
113
1671
1316
1298
1672
1298
1300
4
1673
969
1674
484
1301
1675
633
333
1389
1297
598
1304
830
1676
156
848
1306
1306
1677
1056
1101
84
1307
1430
1473
375
1430
1649
771
1319
1171
786
334
1321
1678
520
1679
857
384
1680
244
1681
1421
1322
1133
175
1326
1682
1649
1683
716
716
1684
716
1517
1331
1387
1239
1536
540
772
1338
948
835
96
1648
1333
1685
1646
1686
1519
1687
914
1688
1127
1025
1336
1339
1339
1624
1689
289
1690
1691
1692
352
269
844
1142
1693
887
887
1694
273
1342
1470
1695
1287
551
269
269
1417
4
1345
1346
1696
1697
928
144
1698
1328
1013
499
1682
1341
1596
1699
1142
1142
584
1700
584
128
1596
1095
982
982
1067
649
589
1701
937
751
1205
1674
1352
1469
67
1204
1337
154
323
1356
1702
1703
1375
1704
1327
1385
1705
1456
205
1706
799
1707
1355
1223
1361
519
1366
1366
1310
433
118
1594
1508
1708
1277
1365
1709
524
1371
1036
1710
66
66
66
1269
1711
1209
1317
1317
1317
1712
1379
1713
1061
1311
150
1525
150
1380
316
1376
1376
1381
1381
1315
1714
1715
1315
1384
1384
1716
1140
771
1717
679
1385
1718
517
1387
1595
1389
703
703
703
703
703
909
1719
1720
339
1721
369
1492
1722
1550
1422
1391
1723
1252
1252
1498
1252
373
1724
1393
217
1479
1725
1392
1392
1392
1392
1392
1571
1392
1392
1392
1392
1392
1373
1726
1350
661
1642
1353
1727
1728
736
725
1400
1729
1394
215
1405
1730
1402
1408
1731
1732
1337
4
1410
1733
1303
1734
1303
1223
1303
1303
1303
1416
1411
1618
1735
179
1736
1359
1413
237
1737
1206
1738
1414
1739
195
1740
1418
1713
1401
1245
1741
1368
1343
1526
1419
1347
1347
1421
219
1422
611
1424
1742
1704
941
4
394
1015
1428
1743
1744
1745
1429
1746
1532
184
787
787
1390
1390
1034
613
1432
1747
1748
1434
1749
1274
1435
1435
459
459
1016
88
88
1750
1314
184
1141
184
1431
1249
1751
1308
1308
1752
1076
1332
740
352
363
1443
492
1211
421
1401
1401
1753
1401
1401
164
1754
1445
1445
1460
203
1449
1716
1755
1756
1555
1757
738
1306
1200
1451
905
961
1452
1758
1456
1759
294
354
1296
1453
1526
1016
633
969
1229
1760
13
218
838
1459
1246
1460
1460
359
1332
1761
1762
1455
1461
1763
1764
1463
1463
1172
1463
1463
1464
1464
1466
1765
819
1467
1663
1663
1766
1386
1386
329
329
329
1469
273
36
533
1767
1768
174
855
780
833
1077
1330
1677
1202
1556
1619
1153
1769
1478
134
1770
619
1430
852
1474
1771
477
1388
1480
1772
1773
685
685
1
1479
1774
1483
892
1707
1484
109
532
109
1312
1493
1775
781
682
1155
1776
1777
1677
1356
1494
1495
1778
1496
1735
1779
968
285
1499
1780
1781
49
1343
1507
1782
1783
1784
1323
1785
1015
1719
674
1526
650
650
1515
1075
901
1786
1702
1514
1482
566
828
1787
486
32
1788
1382
1388
1749
1240
1517
914
1520
1789
1790
1791
1792
1359
882
540
1083
1139
159
1521
1599
1793
319
1523
1794
1059
1524
1795
1028
1796
1137
50
1042
1504
1485
1485
59
1529
717
858
1756
1797
1798
1531
492
1236
462
1537
1538
1512
1539
1539
1539
1663
1539
1539
1490
105
840
408
1374
1374
652
1643
427
519
700
1799
1585
838
521
350
1800
1801
1064
427
511
1703
1547
1802
131
1750
153
1803
143
979
1571
1398
472
1804
1553
1072
1554
1554
1416
1805
1318
511
734
1806
1807
1183
1808
1558
1533
1125
1809
396
396
420
1564
1021
1565
150
54
1767
1810
1567
1544
1042
1571
1536
1117
1425
1811
843
1812
1113
1813
1732
1582
1551
847
1584
1584
1018
1740
1814
1587
1815
1816
1589
67
429
1589
12
1590
898
1817
1210
9
1458
238
203
1286
1597
1818
1819
1820
775
1598
1238
1716
1821
1599
99
597
1504
84
635
1628
382
1284
252
1822
1604
1383
1721
1823
1383
1306
1602
1824
1606
1472
1649
1825
513
892
941
1121
1121
1121
1121
1350
1363
245
1826
1608
1827
861
657
1610
1828
1492
279
1450
1829
1316
1304
687
1616
1830
1615
1540
1831
83
1137
671
1619
106
1832
838
1622
1833
1834
1377
1555
1180
1311
203
1621
1181
1835
1360
35
1360
1352
1318
137
1623
1812
1785
380
1404
748
1630
1836
1276
1276
58
1633
249
1837
1635
386
936
1838
353
1692
311
311
1637
1839
95
649
1840
582
1638
1329
581
677
677
307
210
391
1646
1777
1645
1647
1609
1647
1650
1651
316
1063
1223
1344
1477
1841
898
1652
1712
1200
1481
1503
413
853
1437
1842
639
1656
1843
1844
1845
565
1152
1846
94
1847
1066
1658
422
1659
1661
238
789
1848
1655
1849
195
700
426
1398
137
1540
1540
125
1540
467
1194
467
22
772
1222
1663
1663
1663
1662
893
1850
302
239
1851
759
504
1831
853
889
1473
1370
740
136
1667
1173
1532
1173
1852
903
1010
1853
1288
1065
710
1854
1855
1856
1533
107
1857
1316
1298
1298
1673
1594
1223
1858
1025
1025
1858
1675
1762
654
1788
830
1676
1859
1568
1860
1399
1861
759
1862
1677
1863
1101
1101
771
1151
1864
334
1253
1865
510
1680
1866
1867
1133
811
1684
1868
1869
1870
68
1239
772
197
1536
781
4
96
1593
1625
835
1689
1871
1872
1867
1074
1447
1775
387
1025
1472
1690
1873
1437
670
1417
144
1698
1874
1328
1875
1693
1365
1876
1577
1877
1600
1878
736
1700
855
1879
1880
1596
1067
323
1067
1111
1881
1470
154
1882
1158
1707
519
1883
19
1706
1064
1703
749
1702
1759
118
1884
1594
1310
811
1277
932
1885
740
700
1886
1709
1887
1036
1711
1172
1888
1711
1209
1209
1172
1210
856
1712
1525
1525
1135
731
1706
1714
1807
1889
1722
1715
1215
1890
517
681
1595
1336
1373
1373
1111
1719
1314
1891
1892
339
1893
1799
1724
1894
1498
1498
1726
1111
1642
1642
363
1313
346
128
1734
1692
682
1732
179
179
1327
1735
1736
1895
447
860
1896
1359
1359
1897
1738
1738
1738
195
588
1419
1419
856
1704
1704
1259
1898
1704
1704
1737
1746
1488
1254
1422
1744
1741
1899
1750
1900
1748
1901
1113
1271
1748
1314
1718
1538
1141
1141
1751
1431
1902
1752
1752
1752
1752
1903
1279
1904
1076
1852
1753
1905
1906
1756
738
780
1609
900
905
900
1171
1760
1907
1109
218
1712
1246
1287
1332
1332
1767
167
1761
1908
346
1909
1757
1757
1757
1181
273
36
670
36
512
1427
1768
1910
1911
1556
1113
1221
1221
1787
58
1330
1578
1770
174
1717
619
1912
1430
477
1388
901
1672
1772
1913
1774
1447
1914
682
1777
1915
1153
860
1153
301
1776
1780
494
1780
1780
1470
1780
1780
968
1916
416
1781
1917
837
837
1918
1784
1784
1066
1785
1919
1914
167
1075
280
280
1786
510
204
828
775
1634
1720
4
1920
882
1139
1139
1139
1324
1921
714
1922
1923
1059
1059
159
159
1796
858
492
1716
1457
1512
1924
1538
1490
1925
1672
1926
715
1927
715
715
715
1814
408
408
1928
1840
1929
1710
1800
1803
1930
1904
153
1790
143
811
1416
1416
1805
1805
1805
1805
1807
1807
1931
1623
1809
566
472
376
1932
1933
1811
1934
1935
1128
1564
950
847
950
1740
1740
1816
1046
1034
1113
1888
1823
1852
513
1363
1363
1363
1827
1936
1937
285
1938
861
1018
1939
671
849
1615
106
1555
1926
245
1555
1555
1311
1488
1128
1352
669
1140
1832
605
386
353
1838
1940
1941
649
998
1629
59
621
1211
200
1942
1692
1533
1710
1477
1577
1481
953
1437
1437
565
710
1843
554
1636
1398
125
125
125
1550
1943
125
1944
893
893
302
1054
1851
1945
1885
1885
1885
1885
1885
1885
1885
1885
1885
1885
1238
1532
1801
1010
1010
1946
710
1447
1853
1947
420
1857
94
1857
1857
86
1857
1857
1223
1948
1858
1501
1788
1788
1788
158
1860
1949
1950
1399
1568
409
1863
510
1128
1866
1951
526
1952
1864
1953
1954
1862
1955
1956
1870
1957
1870
1870
68
197
1958
1959
382
1135
1472
1775
1960
1775
1131
1577
1893
1876
1328
1600
1062
1882
1961
1875
1875
1875
1875
841
1875
1875
1875
1875
856
1883
1064
333
1962
1884
784
1963
1510
1131
1413
19
1964
1886
1809
1965
1462
1887
1345
740
856
856
1966
1967
1049
1889
1215
1968
1679
681
1351
1969
1542
1970
1313
1313
1440
1128
119
815
1971
893
1897
1846
965
1897
1972
1973
1046
1557
1046
588
1898
1488
1900
1671
1076
1551
1279
1974
1903
1283
1906
1906
236
900
900
1454
1454
860
346
670
670
1975
1976
780
1440
1049
1427
1427
613
167
1500
1977
1978
1912
1979
1912
1672
1916
1629
1980
1915
1234
1918
1918
1918
1345
1919
1981
1920
1149
1149
1812
1149
1149
1149
673
117
1634
1982
416
1720
1720
1720
1720
1716
1716
1716
1146
1457
1728
1927
1983
1710
1710
1904
1931
1931
1931
1931
1931
1933
1933
1933
1840
950
1984
513
1832
1985
1034
1609
197
1986
632
1573
1573
849
1128
1987
245
1625
669
1988
1924
1989
605
382
1941
512
1990
352
1629
965
998
998
200
1611
554
554
1843
1943
1943
1550
1054
1636
419
1645
1636
1991
1944
1944
1238
96
372
1946
1992
1447
807
522
1593
1035
255
1993
102
1952
1926
1957
1994
1960
1995
1996
1960
1218
1068
1131
1997
1754
1998
1688
1049
1115
1999
841
333
333
1963
2000
784
784
1964
2001
59
2002
1462
138
138
158
1451
1976
1440
1440
2003
1091
2004
1972
2005
2006
2007
1665
217
2000
621
1973
1903
1551
2008
1551
1551
1903
1903
1903
1135
1135
1975
2009
656
1926
1471
1976
1679
1679
1679
2010
1914
1790
1978
161
1543
1978
303
1978
1978
1978
2011
2012
1977
2013
1920
1920
1920
1920
1920
1820
673
117
117
117
320
953
953
2011
1984
1543
1985
1985
1985
1726
1713
1985
1985
632
2014
1987
1987
1987
1988
2015
1625
808
1625
446
613
867
1790
811
512
512
2016
451
1550
2017
1591
1450
1035
2018
2019
1993
1926
1926
678
1846
1068
327
1998
2020
2021
2022
1688
587
149
2023
59
2002
1374
1881
2024
1691
2003
2004
2004
1956
1665
1665
1666
1665
1665
2025
2008
2026
1670
621
1099
1939
656
656
2027
656
656
1471
1471
1471
1471
1157
2028
1345
1628
1442
1914
161
1543
1543
1543
424
1466
2029
1613
2012
2030
320
1557
964
632
144
632
2014
2014
2014
2014
2014
2014
2014
867
1790
252
1790
2016
1227
2031
2011
2011
1544
2011
2011
2011
2032
2011
1900
1881
2017
146
916
2033
217
1544
1881
2024
1953
2024
1691
2034
2025
1439
4
1670
1628
1442
1442
2002
1654
1442
2027
2035
1148
2036
1200
1812
1099
1880
2037
2038
2039
2040
2041
2042
2043
2044
2045
2046
2047
2048
2049
2050
2051
2052
2053
2054
2055
2056
2057
2058
2059
2060
2061
2062
2063
2064
2065
2066
2067
2068
2069
2070
2071
146
2032
916
916
217
2023
2033
1999
2072
1552
1257
1439
1579
1721
1200
2073
1880
2074
1450
864
2075
2069
2076
489
1552
1552
2077
1999
1999
1999
1542
864
1832
2075
2078
2079
2074
895
2080
2077
2081
1364
2082
2078
1544
965
1364
2010
2083
1666
1620
895
2010
2010
2010
2010
1841
1812
965
1620
1928
86
1928
1928
1074
1074
1074
1074
86
