0
0
0
0
0
0
0
0
1
0
0
0
2
0
0
3
0
0
0
0
0
1
0
0
0
4
0
0
5
6
0
7
0
0
0
0
8
0
0
0
0
1
0
0
0
0
9
0
0
0
10
0
11
12
0
0
0
13
0
14
0
1
0
0
0
10
0
10
0
0
15
15
0
0
0
0
0
0
5
0
0
0
0
0
0
0
11
6
0
0
16
4
15
17
7
3
16
0
3
6
16
3
16
10
0
0
16
18
16
16
16
16
16
19
20
18
1
21
16
0
0
0
1
11
0
22
0
0
0
10
0
0
0
23
0
0
0
0
1
1
1
0
0
0
12
0
0
24
25
0
15
0
0
26
0
27
16
12
0
12
0
0
1
1
1
0
0
0
28
0
0
0
29
0
0
29
0
29
29
29
0
0
0
25
29
29
30
29
31
32
0
0
33
34
0
35
36
22
25
37
4
38
39
29
1
0
0
11
0
0
10
0
0
4
0
40
0
41
0
0
42
4
4
0
12
0
43
0
0
40
0
1
0
0
0
44
0
0
0
0
0
0
0
45
0
0
25
2
0
0
0
0
46
0
46
0
46
0
0
23
0
0
23
0
0
22
0
1
0
7
7
7
1
47
3
48
48
48
0
48
1
48
0
0
0
0
0
0
0
23
0
5
0
0
0
0
1
0
13
0
49
0
49
0
5
0
0
0
0
0
9
0
0
50
51
11
52
10
0
0
49
0
0
0
11
51
15
53
54
1
0
0
1
0
11
12
0
0
0
0
0
0
0
5
3
0
5
6
29
29
0
1
0
0
0
0
0
0
0
0
0
0
0
0
0
2
0
0
0
0
0
0
1
0
23
55
23
56
23
23
57
57
0
0
40
23
23
23
23
0
23
8
8
0
1
23
0
0
0
29
0
1
0
0
0
0
16
0
0
0
58
0
0
0
0
0
0
0
59
11
18
4
0
4
60
4
4
0
5
5
61
10
6
15
3
6
6
1
25
0
62
0
6
3
3
3
3
3
1
0
15
6
48
28
5
63
12
15
0
0
5
0
16
16
15
64
15
15
3
0
0
65
18
18
66
18
18
18
5
5
5
5
5
67
11
8
0
15
15
11
15
11
11
0
1
11
11
0
11
11
9
25
68
69
0
0
0
13
0
12
0
0
0
1
0
53
53
53
12
70
30
53
53
1
12
12
12
1
10
12
68
71
0
52
0
53
1
0
0
0
0
8
8
8
8
0
0
0
0
0
0
0
0
0
0
62
0
0
0
8
8
0
0
0
0
0
0
0
0
0
0
72
25
0
0
0
0
73
1
0
0
0
0
0
20
0
51
0
0
0
74
0
0
0
0
51
51
51
51
51
51
51
20
0
20
11
0
0
63
63
63
0
0
0
0
0
0
0
0
0
0
40
0
0
0
0
0
0
75
1
76
1
0
0
0
1
29
0
77
40
0
41
51
0
0
0
0
0
51
0
51
1
51
51
0
0
1
0
0
0
0
1
0
78
0
28
1
28
28
0
28
28
0
28
28
0
10
28
28
0
0
0
1
0
0
0
0
0
0
0
0
0
0
0
79
80
79
1
71
1
1
1
10
0
13
1
0
22
0
0
0
0
0
0
0
22
81
0
40
1
40
40
1
0
1
0
0
0
0
0
0
0
0
0
0
0
0
0
57
40
0
0
40
0
0
0
1
0
0
0
0
63
63
0
63
63
0
20
10
1
1
0
1
14
40
0
1
0
0
0
10
1
1
0
0
0
0
0
82
9
0
1
68
1
0
1
0
1
0
1
0
0
0
0
0
0
0
0
1
1
1
1
23
23
0
0
0
1
0
0
0
40
0
40
1
0
0
0
0
0
0
0
10
0
83
1
26
82
0
1
0
0
84
1
85
0
0
0
1
86
13
20
0
0
0
81
0
87
0
0
86
0
1
0
0
63
63
49
0
46
0
0
0
0
88
0
20
0
0
1
1
1
1
55
0
1
0
0
0
51
1
1
1
20
52
9
9
9
24
1
0
0
89
0
26
1
90
26
26
0
0
0
0
0
0
0
0
1
0
1
0
0
0
0
1
40
0
1
0
30
1
1
1
91
92
1
1
0
93
1
9
8
1
56
0
1
1
18
1
0
9
0
0
94
9
9
0
0
1
0
1
1
0
1
1
1
0
0
1
10
1
40
56
1
1
1
10
1
1
1
0
0
1
1
95
10
1
96
10
93
97
86
0
1
56
56
56
10
49
11
25
98
49
0
1
0
49
25
99
100
25
25
20
0
49
49
49
49
1
10
49
101
49
49
1
49
49
49
49
49
49
49
30
49
49
0
11
0
0
1
20
29
1
0
1
86
86
1
10
1
1
1
40
40
1
0
1
1
0
20
0
94
40
102
1
0
94
0
0
82
0
10
0
0
1
82
1
1
1
1
20
20
20
20
20
20
20
20
20
77
20
20
88
1
1
103
20
0
0
0
0
0
0
26
0
25
0
1
1
104
1
1
1
52
1
105
88
10
88
88
1
1
88
88
88
1
88
0
1
1
1
88
106
87
87
87
87
107
108
1
87
26
1
1
52
1
26
87
75
88
1
104
1
2
96
0
1
1
109
1
1
96
96
96
96
96
1
26
51
1
1
96
1
1
1
0
0
110
110
111
110
112
110
1
104
110
99
0
1
1
1
0
0
1
45
1
0
0
1
1
0
69
0
52
52
52
52
1
52
52
74
0
10
0
0
0
1
113
114
1
1
89
77
1
89
101
1
48
1
115
63
48
0
26
0
30
26
1
63
26
26
26
26
26
26
26
26
26
26
25
1
25
1
1
74
74
116
1
117
25
1
25
22
118
49
1
1
119
119
0
71
1
1
1
1
1
1
1
1
1
78
1
82
1
1
1
1
1
1
1
8
1
1
1
45
45
45
45
45
45
10
74
74
74
120
74
121
74
74
74
0
1
0
1
1
74
74
1
1
74
52
52
1
52
52
52
11
1
1
1
52
1
1
1
0
1
1
89
1
89
89
1
89
89
89
89
1
1
122
99
99
123
99
99
99
99
1
1
99
56
1
54
0
119
1
1
1
1
84
0
0
1
1
1
1
0
1
1
1
1
1
1
1
10
1
1
1
48
124
125
1
1
1
1
1
46
1
1
67
1
1
0
0
1
1
1
1
0
1
1
1
1
1
1
1
74
1
1
126
127
1
1
1
1
1
1
1
1
128
22
129
69
22
22
22
1
50
1
1
48
1
1
130
1
130
1
1
1
84
93
1
1
1
49
110
102
102
1
1
0
1
1
0
1
1
1
1
104
1
1
1
1
1
1
1
1
1
1
1
1
1
1
1
1
93
1
1
1
104
1
1
1
1
1
1
10
1
1
1
1
89
89
1
1
1
1
1
71
1
1
1
1
1
1
1
1
0
0
1
1
48
1
1
1
1
1
131
1
132
131
1
1
0
0
1
1
1
1
1
125
1
1
1
1
1
1
1
1
10
20
1
1
1
1
133
1
1
104
1
134
82
1
1
1
1
1
1
81
120
1
1
1
1
46
10
10
1
1
10
10
1
10
41
41
1
1
1
41
41
41
41
89
89
1
28
1
13
28
135
46
1
46
136
1
1
1
1
61
1
1
1
10
1
1
104
104
104
104
104
104
46
57
57
57
57
1
1
1
1
1
1
1
1
1
1
1
74
1
1
10
81
1
97
1
1
1
1
1
1
135
1
1
1
1
1
1
1
1
1
1
1
1
1
137
1
1
1
1
1
1
10
40
40
10
72
1
1
1
1
1
138
1
1
1
1
73
1
1
40
1
1
1
1
139
140
140
140
141
13
69
69
64
49
140
1
49
1
1
140
140
142
140
97
97
97
1
1
97
97
143
69
1
1
1
1
1
1
1
144
1
74
74
74
1
13
13
13
46
13
9
1
30
138
1
46
46
46
1
1
14
1
29
1
69
1
40
1
1
1
1
1
1
1
1
1
1
114
114
114
114
114
114
114
145
125
146
125
125
1
1
1
1
1
30
2
90
147
30
30
148
69
149
150
69
69
78
50
69
69
20
1
151
40
40
82
11
1
1
1
1
1
1
1
1
1
1
152
1
1
153
1
1
1
63
63
1
10
10
1
1
25
25
1
1
1
1
85
97
10
1
1
1
1
1
78
1
1
68
1
1
1
1
1
154
1
1
1
8
26
63
1
155
54
63
63
63
63
33
63
63
63
63
63
63
63
63
63
63
61
63
63
63
63
50
63
63
63
130
63
63
33
63
63
63
1
84
1
1
1
1
1
1
1
1
1
156
30
1
1
1
157
101
1
118
158
1
1
94
1
1
1
1
1
1
1
1
14
14
14
159
14
14
14
14
14
1
95
14
1
156
14
1
1
1
1
1
1
1
20
20
72
120
14
160
1
161
1
1
1
1
1
30
49
1
2
1
162
136
1
1
1
73
63
1
1
1
81
81
81
81
163
10
81
81
81
90
81
81
14
94
1
1
1
1
164
1
1
1
1
1
1
1
135
126
1
135
1
1
102
102
1
1
1
1
109
14
14
14
1
30
30
30
30
30
165
8
1
165
78
95
14
14
1
1
1
90
90
1
119
1
11
1
1
1
102
166
1
162
1
1
1
1
162
1
1
167
1
1
1
1
1
1
1
1
1
1
67
14
1
1
1
1
1
14
94
14
168
94
1
156
1
1
1
1
1
10
1
94
94
94
1
25
53
169
169
169
169
1
169
135
170
10
170
1
1
153
10
151
1
1
1
135
1
25
25
25
1
171
29
1
1
1
1
1
1
172
172
144
1
151
64
151
151
151
151
151
151
173
151
151
64
151
173
1
1
1
64
1
174
1
93
93
153
93
86
86
86
86
175
86
1
1
10
1
1
1
83
1
38
1
1
1
1
138
20
140
1
1
1
25
25
8
10
1
1
133
126
10
153
89
109
95
1
1
1
1
176
1
47
1
67
102
10
10
8
8
8
153
153
153
153
153
153
153
177
1
1
101
101
140
140
13
140
140
41
1
1
1
1
74
178
1
25
1
160
160
156
135
1
1
51
160
1
1
179
1
1
61
95
95
10
95
95
95
67
95
95
95
95
95
95
61
180
95
95
95
10
95
181
95
95
95
109
95
95
95
95
64
1
95
1
1
1
1
1
1
1
1
1
107
24
1
153
1
1
1
98
98
109
182
109
183
109
184
1
1
1
1
1
33
1
1
1
8
1
77
1
1
185
1
1
1
1
10
1
186
20
20
20
20
72
77
20
20
20
20
20
20
20
187
20
20
20
20
1
33
1
135
77
1
1
1
1
1
1
10
1
1
1
134
1
1
1
100
1
10
10
1
2
95
1
1
1
133
1
38
1
156
1
133
1
1
133
133
133
133
1
133
133
1
1
10
1
126
1
1
1
144
29
1
1
10
133
1
1
149
188
184
1
152
134
134
189
1
1
187
149
124
190
191
38
71
13
1
1
1
1
1
144
144
192
193
144
1
194
195
196
144
144
161
161
1
1
1
1
1
197
1
1
197
11
1
84
10
1
77
1
102
1
1
1
94
1
1
1
1
1
1
1
1
1
10
1
1
45
1
198
1
1
1
1
10
10
1
152
64
1
47
64
123
113
120
1
1
120
1
1
1
1
1
1
1
1
1
1
78
1
1
1
126
1
1
1
1
1
1
1
94
119
119
119
119
199
1
123
10
1
1
1
10
54
1
1
1
1
57
1
1
94
1
134
71
125
71
71
71
83
83
1
1
1
1
1
1
1
1
72
136
1
1
1
1
1
1
200
200
200
200
10
10
1
1
1
1
1
91
1
1
1
135
1
1
138
1
1
1
131
177
177
10
1
1
1
1
1
1
1
10
1
1
1
1
1
1
1
10
10
160
1
1
1
47
1
10
1
1
160
136
136
136
136
136
136
128
136
136
83
1
1
1
10
33
29
160
160
201
29
95
29
202
203
204
167
1
126
1
1
160
160
160
160
10
160
160
95
95
95
98
95
95
95
95
95
95
95
1
1
205
1
160
132
1
100
68
68
68
10
68
1
1
10
1
170
1
1
1
1
1
1
10
160
1
1
1
72
163
1
10
206
1
1
207
155
1
1
1
1
1
1
1
1
1
120
1
1
10
1
75
1
1
1
1
1
1
1
10
1
11
10
10
10
1
1
107
1
160
102
1
1
1
1
208
45
113
134
10
68
1
102
1
1
67
1
1
1
1
47
33
113
1
101
1
1
78
1
1
15
1
1
1
135
10
84
1
33
1
134
126
1
11
1
67
68
10
10
1
120
1
10
102
1
209
64
197
1
134
71
120
1
1
1
1
1
1
113
1
1
1
1
1
1
1
91
68
63
102
1
210
1
1
102
1
1
10
1
1
1
113
1
1
1
210
1
10
1
136
123
157
10
211
1
79
113
113
1
113
113
1
113
1
1
10
1
1
180
1
67
10
10
1
1
1
118
156
1
1
33
1
134
134
54
1
134
134
134
134
102
102
102
102
102
102
107
107
1
10
205
1
1
113
75
1
1
1
1
1
1
1
1
1
102
102
102
102
102
102
1
1
1
1
71
1
54
113
89
1
212
1
76
213
197
214
197
215
197
1
162
50
10
161
1
216
216
1
1
1
126
1
1
116
102
102
90
1
1
67
10
67
33
67
67
67
67
64
67
67
67
67
67
67
67
67
1
1
184
1
198
198
198
217
198
198
198
89
10
1
1
1
156
1
218
218
209
185
73
73
1
1
1
1
33
1
1
1
2
1
1
94
1
1
1
207
1
197
2
100
219
120
220
10
221
1
222
38
38
126
223
197
10
126
134
1
10
224
225
134
126
10
126
126
126
1
126
126
33
132
34
126
52
10
1
197
64
197
10
197
11
197
1
1
64
64
64
1
71
120
120
120
226
47
120
126
126
227
126
126
1
126
181
10
175
146
10
126
228
10
139
180
175
175
175
229
175
175
230
134
10
73
73
73
73
73
73
1
1
226
146
10
1
1
10
1
1
177
1
1
78
231
10
77
1
10
1
33
33
33
33
33
33
33
10
33
1
33
33
33
33
1
1
1
1
64
10
64
64
64
64
173
64
64
1
103
175
57
156
232
156
1
156
156
101
156
171
1
10
107
10
107
10
84
10
107
94
10
10
10
10
10
10
10
233
107
1
10
1
1
211
1
131
136
1
1
1
10
10
94
1
1
1
1
1
75
1
64
151
151
64
64
173
190
64
67
151
64
190
1
72
1
1
1
1
1
1
146
1
84
1
211
162
10
1
46
1
46
1
1
46
34
1
1
227
94
113
146
77
34
107
10
84
84
72
1
1
1
1
1
1
146
10
1
209
1
1
10
78
78
94
94
94
94
1
118
1
10
1
156
1
33
33
234
146
146
146
146
235
146
84
176
176
64
68
68
113
113
68
138
113
31
154
1
170
1
1
1
136
1
57
1
107
10
1
107
1
1
1
82
82
10
1
10
211
1
1
1
10
1
1
10
10
77
1
1
184
1
10
10
94
134
1
1
62
1
1
113
113
1
1
205
163
1
149
1
162
1
92
228
54
82
236
211
1
1
1
1
177
1
1
1
1
78
84
1
1
1
117
197
67
197
237
82
238
239
10
138
240
241
197
197
242
197
134
134
57
57
57
57
57
57
1
131
1
1
1
75
15
1
1
1
1
185
77
1
84
200
1
10
78
1
176
1
11
1
101
152
1
1
10
47
123
167
1
80
10
10
68
119
84
84
84
84
84
163
84
50
1
94
34
175
10
94
94
1
1
1
116
94
205
94
94
94
94
78
190
10
167
1
55
10
10
10
10
1
50
11
10
50
10
57
1
10
1
10
10
1
1
1
10
1
1
1
1
33
78
1
107
107
197
205
78
10
78
78
1
10
1
1
135
1
1
10
1
1
163
1
1
1
11
68
10
82
78
68
68
68
68
68
190
67
1
67
67
10
101
1
55
1
63
68
1
1
10
205
205
1
50
50
50
50
1
1
1
1
10
243
98
98
10
98
135
135
135
135
1
1
10
10
73
1
10
61
10
206
200
190
10
1
75
231
1
77
77
77
77
77
77
84
1
1
1
1
1
1
62
62
156
156
75
1
75
1
1
1
1
174
1
101
187
62
11
10
1
1
10
75
75
1
10
1
1
1
1
244
163
11
11
116
187
10
245
131
10
84
187
224
246
78
1
10
1
54
228
64
10
1
11
73
11
10
10
11
190
211
1
2
11
1
73
1
1
1
64
64
162
64
167
1
1
1
10
131
1
75
10
247
75
1
10
10
10
10
1
1
1
1
67
75
82
8
75
248
78
78
170
78
10
176
78
10
78
10
249
107
10
162
78
10
10
8
78
1
236
1
10
10
1
52
52
52
52
10
205
10
10
221
219
10
1
138
205
250
205
205
205
205
73
132
1
123
75
174
251
73
197
75
174
10
161
174
158
252
174
174
10
174
73
60
68
253
254
78
10
174
10
174
174
174
34
174
47
10
10
174
174
75
10
75
75
75
75
75
255
255
118
1
1
1
78
72
78
78
78
78
33
33
1
10
10
47
208
107
10
2
157
10
135
1
124
243
1
211
211
211
211
211
211
211
256
211
211
211
10
179
157
162
1
211
10
10
10
10
10
10
236
68
1
68
73
68
2
2
1
10
161
161
10
257
258
257
257
257
257
257
257
10
163
163
163
197
190
170
1
233
73
73
184
73
10
118
156
73
73
10
116
161
123
10
161
161
161
161
132
1
1
10
60
177
131
177
10
10
92
10
10
0
82
82
82
82
62
80
107
47
179
2
231
10
60
118
178
118
118
259
82
162
162
179
10
10
10
10
197
157
260
10
157
261
10
262
75
170
34
116
34
34
10
34
34
78
78
10
101
10
1
1
10
1
10
1
62
10
1
61
116
116
116
116
116
116
162
170
162
162
162
162
162
162
162
1
10
10
60
60
60
60
60
210
60
10
162
60
34
135
82
187
82
82
72
34
124
116
118
123
93
118
0
179
162
162
92
263
167
209
167
101
163
264
10
167
249
101
10
244
167
101
10
10
107
167
167
167
128
10
10
10
265
10
10
134
10
134
134
10
224
10
1
1
1
179
179
10
1
10
1
10
10
176
176
176
10
176
176
176
176
10
10
10
135
10
158
10
92
266
71
10
71
71
71
136
71
1
10
54
54
101
180
10
10
179
152
1
10
179
267
158
10
158
158
154
10
265
10
245
107
10
1
10
268
268
177
177
177
120
18
10
10
179
47
10
10
10
10
10
2
2
10
243
107
107
205
107
107
1
10
107
154
107
107
1
103
47
47
10
10
10
167
10
152
152
163
163
163
163
10
174
76
125
125
68
10
68
101
101
101
10
10
10
135
135
135
135
101
101
101
101
101
101
10
206
101
101
2
10
116
123
10
10
10
10
10
10
1
54
135
103
10
52
10
10
130
10
113
64
2
67
64
167
10
170
123
123
263
263
263
10
263
263
263
10
263
107
10
10
170
243
10
244
10
61
10
10
184
184
184
184
184
184
184
184
184
184
184
184
184
47
123
184
184
207
184
184
10
10
77
10
77
10
10
77
1
1
10
10
209
47
47
107
107
107
107
107
123
107
107
269
107
107
107
166
10
123
123
136
123
123
123
10
167
152
10
10
270
228
228
10
50
228
171
118
1
152
10
10
10
10
10
149
10
10
132
177
132
10
132
132
139
10
132
132
154
132
257
179
179
10
271
152
152
152
152
152
152
10
10
10
10
152
10
1
1
170
123
123
54
219
123
10
123
167
167
10
10
10
10
158
138
67
67
67
67
67
67
226
67
67
138
67
67
10
67
67
67
67
67
67
167
67
47
119
67
67
79
67
67
9
67
67
103
272
273
274
50
272
272
275
231
272
135
24
10
154
47
124
117
158
10
10
167
167
167
103
10
10
10
10
10
63
63
2
2
131
2
131
131
61
131
2
131
2
224
131
131
131
131
131
131
2
164
224
131
248
244
178
103
103
103
276
10
79
243
76
264
167
254
10
10
10
113
10
170
170
76
76
244
10
10
10
243
10
10
10
10
1
272
1
10
243
10
94
243
154
10
10
2
158
10
158
243
10
10
10
85
158
10
10
10
157
277
67
10
10
10
136
136
10
244
209
131
154
10
163
208
54
219
136
278
10
278
227
123
10
10
158
158
219
10
113
10
207
113
113
10
10
10
157
197
207
79
72
10
10
10
10
10
10
10
118
136
113
113
279
113
10
245
10
280
92
10
10
10
10
79
158
210
257
136
136
72
10
10
10
2
10
10
10
171
55
210
55
276
10
55
10
45
10
10
10
10
10
47
10
245
245
10
79
10
79
1
10
79
171
79
10
79
79
79
281
79
10
152
79
10
79
171
10
10
79
282
79
158
118
10
236
10
10
171
54
190
283
54
151
54
54
54
54
10
54
10
10
10
247
221
10
10
10
10
10
10
171
10
10
10
10
98
10
10
10
138
10
226
180
82
10
207
138
10
10
10
10
10
211
10
10
231
231
10
10
10
10
10
209
209
209
209
209
284
284
10
285
284
284
284
284
82
207
82
82
190
10
10
10
10
10
17
180
180
180
200
1
1
1
100
10
10
82
10
154
10
82
10
45
10
10
157
231
265
231
231
163
163
163
163
163
157
173
163
163
10
10
10
10
55
10
10
10
10
10
244
10
158
68
79
158
10
10
154
10
10
10
10
190
10
10
10
10
10
10
10
10
10
265
10
200
244
272
10
221
272
10
138
138
138
138
138
138
10
10
10
10
10
10
10
10
10
62
171
179
10
10
10
10
10
10
173
286
287
173
288
173
200
200
180
138
171
10
178
10
289
10
244
138
10
138
10
10
107
93
93
80
76
168
224
62
10
55
93
290
290
10
10
10
138
154
279
138
138
138
10
10
10
10
10
1
180
10
10
10
10
10
10
10
10
125
10
10
61
61
245
10
181
265
10
10
10
10
10
10
10
10
10
50
73
10
10
91
10
247
62
62
178
221
10
178
10
226
76
178
80
291
272
292
265
76
76
154
154
154
154
50
10
50
10
10
10
10
10
10
10
10
10
10
10
10
221
157
293
157
294
157
157
295
296
10
157
157
10
10
45
157
10
10
190
10
10
10
10
10
50
50
10
130
10
10
178
124
245
171
265
10
297
298
10
10
10
10
10
10
10
10
10
10
10
158
299
263
300
10
221
83
83
83
83
168
83
10
10
10
166
301
10
10
221
221
302
303
257
257
177
304
257
10
47
10
177
10
177
2
177
10
305
10
245
276
10
10
10
10
10
10
10
10
10
10
10
0
10
10
10
10
10
10
10
10
169
10
10
221
221
221
221
210
10
10
10
107
100
92
10
10
221
171
171
158
10
207
180
224
10
219
10
80
10
10
306
307
307
236
221
221
10
219
219
219
219
10
10
10
83
10
236
10
10
10
10
171
10
10
10
10
98
164
235
10
10
10
10
93
156
10
154
154
154
10
10
10
10
10
154
154
154
85
10
10
10
10
0
0
10
10
10
10
2
10
10
10
10
10
10
10
248
31
247
1
1
308
308
139
309
171
248
310
185
123
123
155
10
10
125
10
10
171
136
136
10
10
47
47
10
1
10
10
10
81
10
10
10
10
10
190
10
10
162
61
10
10
10
10
233
10
311
10
10
10
72
210
10
10
124
10
10
10
10
10
72
10
10
279
226
10
107
155
10
10
10
10
236
236
236
236
236
236
226
10
10
208
10
226
10
226
98
98
98
265
10
226
226
226
226
226
226
72
10
235
171
171
171
10
171
171
171
171
131
10
208
10
10
10
171
10
10
10
10
10
247
244
10
171
244
98
206
98
10
149
98
98
10
10
10
10
10
10
10
10
10
10
10
10
10
72
10
10
10
10
171
171
10
168
10
171
10
190
171
171
171
221
171
171
171
131
171
10
10
312
312
10
171
10
247
10
219
265
235
139
235
235
313
165
235
235
10
10
2
10
61
10
10
264
267
10
314
10
207
10
72
45
131
10
72
72
72
118
72
72
72
10
10
10
10
10
314
47
80
94
10
247
272
10
315
247
316
247
247
10
10
317
10
10
164
317
164
10
80
80
80
80
80
80
10
10
10
10
10
10
130
130
130
130
206
10
10
92
224
130
264
10
45
45
10
10
10
10
10
130
130
130
221
318
318
10
10
200
10
10
10
130
319
319
10
10
10
10
190
10
10
320
321
158
272
149
131
149
149
58
123
207
10
10
10
190
10
10
166
10
322
227
323
324
227
227
227
227
227
10
10
10
10
10
224
325
224
224
2
224
10
224
10
10
10
10
10
10
67
67
67
2
72
289
2
2
2
2
2
2
2
2
265
2
2
2
2
2
10
2
2
2
92
2
10
2
2
219
2
249
10
10
10
219
10
10
10
10
10
10
139
10
10
10
149
10
10
124
10
10
10
248
10
10
93
10
10
10
10
10
10
10
10
10
10
10
244
326
326
10
2
138
2
2
327
327
10
10
10
10
10
249
10
10
10
190
10
10
10
138
138
138
166
166
166
166
166
166
166
212
10
10
10
10
10
10
83
10
92
207
311
207
58
72
139
10
10
10
179
100
10
233
10
50
92
92
92
92
10
10
10
235
55
45
72
72
72
10
187
93
10
10
10
155
10
190
190
10
265
81
179
179
179
10
10
10
10
212
328
329
212
212
212
212
180
212
212
124
124
185
10
61
61
330
61
62
186
233
233
10
208
85
149
235
235
10
10
10
10
10
10
207
207
219
219
219
10
10
72
128
72
10
72
282
331
282
282
282
282
93
332
282
282
10
24
10
10
10
325
10
149
10
85
10
10
10
219
219
267
10
10
10
72
72
10
72
10
72
72
10
72
72
10
72
72
10
10
93
10
118
10
181
146
10
10
10
10
10
10
10
10
10
10
10
10
179
179
179
10
155
179
207
124
10
10
10
138
10
139
139
139
139
139
17
139
180
180
11
10
325
10
10
279
249
10
10
10
10
301
276
10
83
10
10
139
58
10
10
10
10
10
10
10
149
151
151
151
151
151
151
151
151
151
151
151
10
10
10
10
10
10
130
139
181
181
181
181
181
181
139
10
164
0
310
186
10
131
10
10
10
10
10
10
10
128
10
10
149
47
10
10
10
10
309
309
289
131
301
72
72
131
100
93
168
333
9
10
100
334
100
335
100
276
10
83
206
83
83
10
276
247
302
282
248
325
325
325
325
325
336
325
325
235
10
47
47
10
10
10
27
27
27
27
27
249
124
124
247
247
247
10
10
301
10
10
282
10
267
10
186
10
24
131
24
164
10
207
207
10
10
233
10
124
10
10
276
276
276
276
264
81
282
180
81
81
282
282
282
185
10
10
10
164
60
10
10
85
10
10
10
208
207
10
10
207
10
278
124
265
10
265
103
124
10
10
164
289
206
265
207
10
276
10
74
10
10
10
164
164
164
93
93
93
93
207
207
124
2
10
10
10
10
124
124
124
302
163
10
45
45
10
10
10
107
10
265
58
265
265
265
265
10
25
231
302
302
124
58
93
58
10
58
10
10
10
10
10
85
10
55
55
55
55
10
55
130
132
10
311
10
10
10
10
10
233
276
155
10
279
10
280
164
10
58
130
179
103
47
10
10
1
1
178
10
10
178
178
178
168
178
10
118
178
10
10
168
276
130
130
10
83
149
149
10
93
93
10
10
10
10
10
10
10
10
10
276
10
10
10
85
10
17
10
50
50
10
155
10
10
10
10
0
10
155
155
58
10
50
10
168
10
10
10
10
50
208
301
50
185
10
85
10
10
10
10
10
10
103
103
103
103
103
103
103
210
103
103
103
103
103
103
10
103
337
103
103
103
103
337
206
337
103
310
103
103
225
103
103
103
233
338
338
338
10
10
10
10
10
10
10
10
210
264
10
279
10
264
210
9
264
10
263
186
10
210
10
264
10
58
9
10
10
10
91
91
91
91
10
263
10
10
10
10
10
10
24
168
317
210
10
339
185
10
276
168
10
282
276
200
282
282
186
10
186
186
208
186
186
185
185
10
10
210
31
178
178
131
131
185
168
276
10
185
165
10
131
131
131
117
131
276
128
131
185
185
185
185
301
10
210
62
17
233
340
341
233
233
233
233
10
10
10
10
9
25
25
25
58
263
185
185
185
165
185
185
185
165
165
165
10
10
185
10
10
10
248
342
342
163
163
343
343
200
200
207
10
10
58
310
310
276
276
276
276
310
10
1
1
224
224
310
276
10
279
301
117
279
117
10
10
85
10
10
117
10
276
117
10
58
207
10
310
10
128
128
128
10
10
10
168
168
276
301
276
276
276
276
131
282
337
264
58
31
10
248
180
180
180
180
180
180
10
10
10
10
168
10
58
168
10
168
168
168
168
168
10
131
10
10
10
10
72
10
10
10
10
207
10
10
58
58
58
10
58
280
10
10
10
10
249
24
10
58
58
58
10
136
317
58
289
58
85
107
10
10
10
10
10
118
10
248
249
248
317
9
31
31
207
207
344
279
207
10
85
207
210
344
10
9
186
47
58
58
249
85
279
31
31
9
233
10
158
10
10
31
47
10
47
206
47
47
47
47
47
47
177
10
58
10
254
10
10
322
322
345
322
322
10
322
165
165
165
165
165
165
165
165
165
165
165
346
346
346
289
289
289
118
127
289
347
289
289
289
31
31
10
10
10
267
267
267
10
10
317
279
348
348
10
10
10
279
10
10
10
10
186
186
158
289
24
24
10
206
131
10
10
10
10
10
10
10
10
186
10
10
349
317
317
317
317
74
279
279
279
279
279
279
279
58
10
10
9
10
24
24
350
351
10
9
9
10
9
10
9
186
185
210
185
10
10
10
225
10
117
10
10
10
279
10
10
10
117
344
117
117
117
10
344
344
352
10
353
344
10
317
264
10
264
264
264
125
17
264
10
10
10
279
279
279
10
10
185
124
10
10
279
10
124
124
210
124
10
10
210
10
10
10
10
24
128
10
180
125
264
10
17
210
210
210
210
210
174
10
280
95
55
210
168
10
10
280
210
210
210
210
210
146
155
155
155
155
83
74
74
210
311
210
10
10
10
10
10
210
210
10
264
337
210
10
210
10
10
155
210
210
210
210
210
264
210
210
210
158
210
210
210
210
10
137
264
249
137
10
280
280
280
10
280
280
280
249
264
276
276
276
264
264
264
208
249
10
10
10
10
264
264
264
264
264
264
155
118
167
208
72
10
10
344
10
10
185
185
267
267
267
301
210
210
210
264
210
249
210
158
158
83
155
158
158
158
254
158
301
301
301
301
127
10
127
254
131
10
85
263
158
158
280
10
137
137
128
137
137
249
249
10
249
301
301
17
10
10
279
280
72
72
72
72
72
118
118
118
118
10
10
85
17
245
128
245
245
311
245
10
10
128
128
10
10
10
10
264
10
10
249
249
10
249
249
280
164
10
10
254
231
10
10
337
337
337
337
354
337
10
254
254
210
10
10
10
10
249
249
249
10
265
265
265
10
92
208
208
208
280
208
355
355
210
210
210
55
55
17
356
356
10
279
17
131
131
10
10
10
311
311
311
311
311
162
10
10
164
164
164
164
164
357
357
210
10
10
206
10
10
276
276
210
10
254
10
125
164
344
164
263
180
10
208
280
180
10
264
10
10
180
10
10
10
10
10
254
278
231
254
231
358
278
210
206
72
72
72
10
359
359
359
168
168
225
225
225
206
10
206
206
85
85
10
278
219
278
280
278
278
92
131
131
131
131
131
131
131
131
131
208
131
131
131
131
155
131
131
254
254
254
254
10
10
180
10
171
17
17
206
92
92
92
92
92
10
155
155
155
155
280
17
17
17
337
280
85
47
344
254
344
360
361
10
254
10
10
10
10
254
10
118
254
118
85
118
10
362
127
363
364
127
365
127
127
10
10
280
254
254
254
254
254
219
219
219
279
85
85
85
85
85
85
208
263
85
279
10
10
10
10
208
208
10
210
10
208
180
180
180
180
10
10
279
264
264
83
9
9
10
208
208
10
309
366
367
309
368
180
180
10
264
276
276
276
264
10
264
264
280
280
280
158
0
16
0
18
1
5
0
0
81
94
1
64
1
10
10
282
