0
0
0
1
2
0
0
3
0
0
4
0
5
6
0
0
0
0
0
4
0
0
0
0
0
0
0
4
7
8
9
10
11
12
13
0
14
15
16
0
17
0
18
0
19
0
20
21
22
23
24
23
0
25
26
0
0
27
0
28
1
29
30
31
32
33
0
34
35
0
36
37
0
38
0
39
0
22
40
41
42
43
0
9
30
0
44
22
22
45
0
3
46
47
48
49
50
51
49
52
53
40
2
54
0
0
55
0
56
57
58
59
60
61
62
2
0
63
2
2
0
0
64
65
65
66
0
67
68
69
70
0
0
71
72
73
0
70
74
75
75
76
77
76
78
79
0
80
21
0
37
81
79
50
82
21
83
84
0
84
82
15
0
0
0
85
85
0
0
86
0
0
87
88
87
89
0
90
91
92
93
94
16
95
91
91
96
91
0
91
97
68
98
99
100
91
91
101
102
91
40
103
104
91
0
0
101
49
101
105
106
0
0
107
108
109
110
111
0
112
113
114
115
116
0
16
117
118
93
115
119
120
115
82
0
121
122
0
8
0
15
123
0
15
15
124
125
124
124
126
127
0
128
129
86
0
130
129
131
132
0
93
132
133
134
66
135
136
0
137
138
10
139
0
140
95
141
142
0
143
144
141
82
0
145
145
146
147
0
148
0
149
150
0
0
151
152
0
153
0
149
154
155
0
149
156
0
154
0
17
157
158
39
26
159
45
160
0
0
68
161
16
0
0
68
68
162
163
164
64
162
0
165
166
49
167
166
166
16
16
73
0
0
168
32
148
92
8
92
92
169
32
0
38
148
0
148
48
0
170
119
170
171
150
172
5
135
0
0
131
35
35
173
0
174
175
18
176
177
178
179
180
0
0
0
181
157
182
178
183
184
26
26
108
185
71
38
0
0
65
186
0
0
65
182
187
188
182
0
182
189
189
190
112
191
192
176
86
193
194
195
196
0
197
198
199
200
94
57
201
94
202
94
37
32
52
8
203
8
8
186
176
52
204
205
206
205
207
7
0
37
208
209
210
211
170
212
213
93
214
149
20
57
57
37
37
37
37
32
40
40
215
216
217
218
219
216
220
221
222
223
151
224
225
226
8
0
227
36
20
32
228
229
230
0
231
232
233
234
235
20
236
237
186
0
238
239
153
238
116
240
241
0
242
0
243
244
245
163
246
243
243
247
0
248
78
249
250
0
163
0
251
0
169
0
247
0
247
0
252
252
14
253
254
255
256
257
258
259
67
105
105
133
0
0
260
0
261
261
100
100
262
0
262
0
252
252
263
264
170
265
265
266
265
0
0
267
268
0
0
37
269
134
0
91
206
270
271
272
0
0
0
77
0
0
273
274
275
276
277
276
270
278
0
278
278
279
0
280
281
281
0
168
168
282
282
0
283
83
83
284
285
284
286
167
167
206
0
287
0
288
0
154
88
88
289
102
0
290
291
0
111
292
0
263
0
0
0
293
263
294
0
295
292
296
296
0
297
0
298
299
0
0
300
300
301
302
259
303
304
305
82
158
306
307
308
309
126
303
300
0
287
310
310
310
126
0
310
311
312
313
25
314
314
97
315
97
316
0
317
0
318
319
259
320
321
186
322
323
324
325
326
233
251
0
327
282
323
328
329
330
109
0
0
331
74
158
158
332
0
0
0
323
93
93
122
93
0
333
334
335
335
336
0
337
12
0
126
338
0
338
339
340
0
341
341
342
83
343
344
251
345
346
28
347
345
0
187
348
187
349
0
0
350
350
348
351
13
155
352
353
0
354
0
355
356
355
357
358
359
269
360
93
0
308
183
183
361
0
362
0
363
157
157
347
151
347
289
13
13
13
304
0
271
214
360
364
365
366
186
186
0
367
269
269
368
110
155
102
0
369
369
370
0
371
192
0
372
373
146
17
153
43
17
374
375
376
0
377
378
379
372
380
372
381
339
339
0
358
382
0
0
0
286
0
262
383
384
384
385
0
386
387
388
17
0
358
172
389
275
390
391
392
46
393
46
46
46
394
0
395
161
396
395
50
397
398
399
399
400
126
126
0
401
402
403
11
123
146
404
146
188
188
332
405
406
403
0
0
407
408
331
409
410
411
95
0
0
412
0
152
413
28
414
355
242
415
217
416
30
417
0
389
418
419
420
421
172
422
379
423
424
172
0
425
0
426
0
426
0
0
406
427
428
429
321
430
431
0
0
172
172
0
329
329
432
0
433
0
434
435
436
437
438
427
439
440
0
441
49
441
442
443
444
445
446
161
266
447
266
266
118
383
201
443
443
390
443
0
448
153
449
443
450
451
443
443
443
443
443
443
443
452
443
441
0
453
172
172
0
454
102
0
0
0
436
436
0
0
146
250
0
334
406
455
379
0
450
0
454
279
456
457
118
458
118
459
460
460
461
462
463
0
381
0
464
465
466
467
0
468
469
469
469
469
469
469
469
469
470
469
469
471
472
473
474
469
475
468
468
468
475
0
476
361
361
361
291
136
477
478
140
0
479
0
480
481
482
483
484
0
485
485
486
487
0
488
361
489
489
0
291
490
491
492
493
494
495
496
410
497
50
429
498
0
0
50
499
500
471
501
0
0
334
0
502
503
504
505
501
0
506
433
507
508
509
510
414
0
401
501
502
511
512
510
30
147
513
514
515
516
517
513
123
518
519
147
147
520
130
521
123
0
522
11
0
523
230
524
525
526
74
19
479
160
527
528
529
0
530
531
532
533
534
535
272
536
0
524
524
390
537
538
0
438
539
422
540
429
541
280
542
0
390
11
407
476
0
543
544
545
326
280
546
547
548
414
549
545
550
0
125
551
0
534
545
0
0
390
552
553
554
555
556
441
342
0
557
558
534
504
27
504
559
560
130
561
0
0
561
562
563
564
0
562
562
562
565
566
566
567
566
0
0
568
569
570
570
571
570
572
573
574
575
576
577
578
579
575
545
531
580
0
0
0
581
581
582
0
581
583
584
585
393
586
479
453
585
587
587
393
588
429
587
400
589
142
396
590
396
396
591
537
592
593
591
594
595
596
597
598
599
600
601
602
603
0
0
0
0
0
410
67
6
604
605
370
606
370
67
466
0
376
607
0
376
74
422
608
525
609
375
610
611
466
607
0
95
612
95
613
29
498
614
615
616
498
18
225
0
560
18
18
617
618
589
619
0
424
620
459
0
621
621
622
391
391
337
623
624
337
123
615
625
626
627
628
627
629
630
631
632
633
634
322
0
98
0
635
95
0
0
636
0
0
332
637
638
639
434
637
547
0
640
641
62
642
0
62
95
628
643
402
644
645
644
62
152
0
646
326
646
386
0
647
648
649
647
0
53
650
0
651
651
652
652
652
626
653
654
359
505
140
467
650
655
656
0
0
380
591
591
0
657
658
659
0
660
661
622
0
350
662
467
663
662
664
665
666
667
542
0
668
609
669
0
670
671
672
670
0
214
673
673
179
653
620
674
653
675
676
677
676
0
547
250
605
678
0
375
375
0
373
6
679
680
518
681
682
89
683
142
142
128
179
668
29
684
685
686
687
0
687
688
689
690
616
691
692
693
0
692
694
111
695
696
697
698
699
700
691
701
702
703
210
704
705
210
0
130
706
130
707
708
709
708
704
710
711
333
333
0
712
438
477
713
714
715
716
717
718
180
719
720
180
704
0
0
0
384
721
722
723
0
387
721
617
153
724
0
684
725
608
0
726
0
727
724
724
728
729
729
730
730
731
617
732
408
446
451
733
0
0
734
735
735
0
0
736
0
0
285
285
737
0
128
738
739
0
740
741
0
742
743
739
744
745
0
746
731
0
747
410
748
749
750
751
752
752
632
632
753
754
755
756
640
0
0
757
744
758
752
759
760
761
762
0
763
763
764
744
765
435
0
765
766
0
767
555
767
768
575
768
0
769
705
770
771
772
98
0
773
774
410
382
775
776
731
0
691
317
777
616
778
0
779
616
625
780
781
317
718
718
718
445
445
782
783
784
782
785
786
787
788
789
790
675
791
792
793
120
410
0
744
794
608
795
654
96
796
797
0
798
799
800
801
802
803
804
456
435
103
805
746
464
806
807
64
808
607
779
731
809
810
811
812
813
0
810
814
130
815
0
779
779
816
319
817
120
520
130
818
819
502
0
820
821
608
822
823
0
0
659
824
825
826
827
385
458
828
829
830
607
388
831
0
831
26
110
280
832
833
280
834
280
834
280
835
280
280
280
280
280
280
280
280
280
280
710
836
280
280
280
98
280
280
280
837
838
280
455
280
280
280
839
691
711
691
0
840
122
122
841
635
842
96
96
326
843
130
844
539
844
845
846
846
688
736
847
688
848
826
130
697
849
832
850
714
851
852
754
853
854
543
28
0
546
851
711
447
850
855
855
179
425
576
845
425
856
856
576
685
754
857
858
859
860
0
0
0
0
843
640
405
103
861
0
671
862
863
0
864
836
865
865
130
437
866
867
868
869
640
870
871
872
873
874
874
387
552
346
875
346
0
876
699
877
316
387
878
878
0
879
880
505
881
882
877
0
363
0
883
884
883
885
754
754
754
0
452
98
886
887
888
889
890
889
889
714
357
28
714
891
891
891
398
892
17
893
894
895
53
823
896
830
703
703
421
590
897
656
898
899
861
0
0
900
901
0
902
0
717
0
901
446
0
225
543
903
904
903
846
846
850
736
28
0
736
905
906
0
907
0
908
217
0
736
909
910
911
912
818
247
913
914
915
916
0
913
917
918
919
918
250
370
437
632
920
658
921
922
923
924
925
926
927
928
777
929
930
0
0
565
931
932
933
933
610
934
920
413
920
920
920
920
920
920
935
920
920
936
920
935
0
937
938
936
0
939
0
434
434
940
434
941
942
943
944
945
941
731
838
946
717
946
946
947
7
838
838
423
948
949
950
469
951
0
658
658
875
875
567
952
953
954
955
880
956
940
599
450
957
814
958
959
807
421
843
960
961
962
642
0
963
890
964
965
966
967
940
968
969
970
966
0
971
971
539
449
972
973
974
951
159
699
179
975
610
610
976
977
0
978
159
857
857
447
917
979
979
295
717
357
357
980
981
981
982
546
546
0
546
546
546
225
546
546
546
546
546
546
982
0
546
546
546
983
546
984
546
546
546
505
546
546
546
546
985
165
546
986
0
0
987
986
0
450
781
450
988
989
505
940
990
904
0
991
992
885
993
994
995
996
997
998
999
781
717
717
0
1000
999
756
1001
0
1002
179
1003
1004
1005
1006
1007
1008
1009
1005
1010
469
469
469
469
1011
1012
469
103
469
469
469
469
469
1013
469
469
469
469
368
972
1014
1015
1016
179
1017
0
0
1018
1019
1020
179
809
0
1021
0
1022
1023
773
1024
1025
0
1026
1027
1028
505
505
807
1000
1029
1029
1029
0
1030
179
1030
1030
1031
1032
103
1033
0
555
1032
717
717
1034
1035
1036
455
907
906
0
1037
955
955
0
103
1000
954
1038
103
1039
1040
0
1041
1039
103
0
1042
1043
1044
470
1045
103
103
27
1046
762
717
921
1047
1035
555
555
555
555
555
179
555
555
555
555
555
859
859
0
717
953
781
781
1048
1049
1050
1051
1052
1049
0
1053
1049
1054
1055
1056
848
1057
1055
1058
1059
1059
987
928
893
1060
1042
827
827
1061
726
1062
848
1063
1064
1065
1063
0
1066
0
613
0
0
1066
1067
1068
1069
1070
1071
198
0
1072
0
0
1073
0
1069
1074
1075
1069
1076
808
90
1077
1078
563
1079
0
893
978
1080
431
1081
1082
1083
459
1084
27
1085
893
1086
954
1087
1088
27
179
954
0
753
1089
1090
667
882
472
472
472
1091
1092
89
1093
1094
1095
1093
1093
1096
1097
671
1098
1099
1092
1092
1100
649
1101
1102
1103
1024
1024
0
1104
1104
1104
1105
1106
1107
1108
1109
1110
179
217
1111
792
1037
1112
165
0
0
728
1113
179
907
907
906
907
1023
1114
1023
0
1115
1115
1116
368
368
902
368
1117
1118
1119
1118
1120
318
179
456
1121
1122
1123
144
1027
1124
774
0
1125
1073
582
1126
1127
707
1128
1129
1130
1131
1132
1133
1134
1135
751
912
912
1136
972
91
1137
1126
91
1037
695
91
91
91
91
1138
0
567
1139
1140
1141
1142
1143
1142
1144
1145
1146
1147
546
546
0
546
546
546
546
546
546
546
1148
882
1149
1150
1126
840
0
1151
354
354
354
1152
354
0
1153
1154
695
1155
1153
695
1153
1153
1156
958
521
1137
958
1140
1157
1158
1159
1150
0
1160
485
747
1161
808
1162
1163
0
0
0
1017
392
1164
1165
945
1127
1127
521
792
500
1166
1167
1168
1166
0
392
392
1169
921
1170
1171
1172
1172
1074
1083
1083
1173
1146
1174
0
1022
1175
1176
1177
835
599
0
0
1178
1099
1179
1180
1180
1180
0
0
456
1011
1181
972
1182
937
937
1183
0
1184
1185
1186
227
1116
1187
1011
1188
1189
1190
522
1191
1075
1192
880
1193
362
1010
978
787
1194
0
0
1195
0
0
1196
1197
0
1198
1179
908
1183
251
1199
1200
1201
1149
1202
1150
1202
1202
1202
1203
1204
987
1205
0
1204
0
1206
1196
1196
0
1207
139
1150
1179
905
0
1208
1209
722
1210
1211
975
917
1207
1207
1212
0
1213
1214
835
1215
1216
1217
1197
1218
1219
1211
1064
1071
1211
1064
1211
847
302
1220
302
344
1221
0
580
1222
1223
712
1224
1225
845
1226
1224
456
456
1066
89
1039
1227
1064
1228
1039
1039
1039
1229
773
1230
1231
1232
1229
478
478
1233
1177
1149
1234
0
1071
1071
1235
1199
1199
1236
1081
732
1237
1174
580
1238
1239
1238
1056
1240
1238
1018
1241
1242
0
1243
6
0
1244
599
0
741
0
737
1051
1051
1051
1245
1051
1051
902
99
98
1246
1247
361
1248
1248
0
1249
751
945
1250
894
99
1251
1056
1252
1253
588
413
0
1254
1255
225
225
225
225
1256
225
225
225
225
225
225
225
225
0
511
1257
1258
1259
1260
1261
1262
1256
1263
1256
599
1264
356
1265
1266
1267
1265
1268
1268
1269
268
268
268
1072
1072
0
1267
404
0
860
1270
1271
1272
1273
1274
1275
1271
1271
1161
1164
103
103
773
1276
1195
103
1277
906
0
103
103
89
103
103
1278
1279
1064
1192
0
1226
1280
1281
89
1282
0
1283
1284
880
0
1285
1286
0
136
1287
1283
195
833
987
1288
1289
1048
0
1290
226
1291
1073
0
413
936
936
1066
951
0
1195
1292
906
1293
1294
880
1036
773
1295
1296
1173
1297
0
1298
1299
906
0
880
0
1300
748
1301
1302
1303
1304
1305
1306
945
1299
1307
1308
352
1309
1310
1311
1310
864
1287
1312
1287
1313
51
906
902
0
930
1050
1314
1315
1223
0
1316
1317
1054
0
1318
0
1191
835
1051
1319
1320
1321
1322
0
773
300
1255
1323
1324
1255
902
1073
1325
136
1256
1326
1256
1256
1256
1256
935
1256
1256
1073
1327
945
333
1328
1329
1330
1331
1332
1333
1334
1335
1336
726
0
1337
0
1337
1338
1339
0
1340
1341
288
0
1342
1343
1344
1345
0
1346
1337
342
1347
1348
1348
0
906
1348
682
1348
1349
0
0
430
1350
1074
1074
1351
1234
1313
0
1313
413
920
977
1256
1256
935
1352
1256
1353
920
1256
1354
0
769
972
1355
1356
1113
1186
1357
1358
1355
1359
0
1360
0
0
1222
771
1361
771
251
1074
771
99
924
1083
1016
1113
1362
1358
1054
1249
1323
1363
198
1364
1365
0
198
808
185
1366
1367
906
1368
356
0
336
1113
1369
1370
1371
1372
1373
1374
1058
1375
1376
0
1377
251
906
1314
1320
1314
1378
1379
790
1380
994
0
1381
1003
1382
1382
1198
237
237
1383
1244
1003
1244
1384
1385
421
465
1386
1387
1388
397
1214
1364
1235
1074
1389
0
1390
1389
1073
1235
1391
1392
1393
0
902
1394
1360
1387
1387
0
1395
1396
0
1397
1278
0
1034
1398
0
1399
1400
1401
1402
1403
1364
0
251
1404
1396
1405
1406
938
938
0
1407
1067
0
1408
1409
1410
1411
1412
1413
1223
1414
1415
747
747
906
1375
1416
336
1089
1417
529
1370
1418
769
1003
0
1012
1051
1051
1173
1051
923
1051
1051
1419
1420
1051
1051
1051
1051
1051
1051
1228
1228
1421
1422
719
1423
1424
1425
1314
203
1426
1427
1427
500
227
1249
1183
495
1428
1429
1257
1430
1431
1432
1433
1434
1435
1436
1083
1437
1438
1074
449
1439
998
998
1440
1441
1442
990
1184
1443
1444
990
226
0
1445
1446
1447
1448
1013
464
1339
1303
1449
1276
1450
1303
572
1361
1361
1124
1312
1124
1451
418
806
1350
1452
1453
1454
0
1455
0
1456
1083
1457
1458
1458
1459
1458
0
1223
226
432
0
432
1423
1274
1460
1274
1020
1267
1461
1461
1462
0
0
1463
1289
1250
1464
1465
808
1323
1323
404
1149
801
1466
1467
801
858
1028
1468
1469
1188
1156
1470
0
0
1471
1471
1471
1041
1041
1052
1472
1178
1351
1370
1206
1473
1474
1475
1476
1074
1173
1173
1173
864
1477
561
1478
1068
1479
836
787
696
1351
0
806
806
1173
1480
1481
1481
1481
1323
251
934
1482
1483
1484
1223
1223
1485
1223
1486
1487
1488
1015
1073
203
1489
1490
464
1074
1491
0
1359
1492
1175
30
1485
595
672
1234
0
1002
939
1493
470
1494
229
639
1495
1496
1496
203
1497
1497
1498
1499
1500
1333
1501
0
672
1010
1502
1503
1504
1280
1505
1506
1043
0
1463
1507
1272
1508
1509
672
672
1510
0
1510
1415
1511
1312
1512
1428
226
226
0
1513
1514
1420
1013
0
1515
1516
1013
1517
1359
1518
0
753
1519
455
753
0
455
895
864
1485
1520
1521
1521
1462
1042
1042
5
1522
1463
1463
1463
349
1463
1256
1289
1523
1256
1428
953
1249
1249
0
1524
1525
1525
1526
0
0
1525
1527
1528
0
1528
283
283
1529
1529
962
1530
1531
1001
0
1532
1533
825
0
1534
0
1331
1535
956
1536
0
1537
1407
1538
0
1371
1539
0
100
1320
1428
1540
1359
1169
1169
0
195
1541
530
1542
1464
1543
343
1544
1545
1546
1547
0
1543
1548
1549
1550
1551
1552
1550
290
1087
1462
500
500
400
1553
864
1245
939
1554
1555
1556
1557
1558
1559
1560
1280
1561
1562
290
464
1472
1563
31
495
1410
1564
0
1565
1566
939
1450
939
683
0
0
1567
1568
500
1569
1523
1523
519
1530
1570
1571
1571
290
1572
1572
0
1573
1574
1575
1576
1577
1573
1320
1320
24
1136
1578
1579
1352
1408
1386
844
1580
1581
1582
844
1583
1484
1583
1584
0
1585
1586
1587
1588
1589
1590
1239
1591
1592
1593
1594
1331
1531
1331
290
1595
1595
0
1569
0
1270
1596
1597
1598
1390
864
1390
1599
1504
1531
1464
1556
1556
1395
1239
1239
1239
1239
1239
1239
1239
1239
1226
1159
1600
1601
495
1430
1178
1452
1346
1602
1603
997
1602
1122
290
1604
864
864
1308
976
1605
1070
98
1247
1606
1607
1608
1609
1452
1610
1611
859
802
802
802
1386
495
1588
1612
495
1511
461
1613
1614
1615
98
1616
1278
1617
1618
1135
1416
1521
1340
1376
1619
1620
1376
1621
464
195
1622
1623
1431
1624
1218
0
1278
1619
1580
1625
1580
1580
1626
1627
519
1034
1628
1629
1493
1630
1631
1632
1627
1577
825
1455
825
1633
1410
1040
1410
1634
1635
1636
1460
612
1636
710
1629
1637
1638
1639
1640
1629
1409
470
1641
685
1642
1643
1644
899
1643
1450
1278
24
1645
1646
1647
1648
1649
1650
1651
1652
899
1645
1450
923
564
1653
1654
1655
1656
1450
1657
1451
1620
1569
1620
1620
1658
1336
1622
1622
1659
1660
1661
1662
106
1663
997
1177
336
1579
1664
1665
0
1666
1667
1660
0
1604
98
1138
1668
1669
1670
1671
1672
1673
1618
1674
1672
1675
1538
1676
1403
1569
839
1352
1583
1677
839
1336
745
1485
1531
106
1234
1593
1593
1678
1679
1680
1681
997
1682
1683
1678
1369
0
1684
1582
1020
1685
1686
1435
1687
1688
1618
1689
1690
1691
1676
1692
1430
1693
1413
1227
1227
1694
1460
952
1618
0
1583
1528
1695
1584
1685
220
1431
1685
1696
1352
1697
1698
1287
1462
1699
1462
1538
1700
1700
1154
1154
1154
685
1394
1701
1583
745
1702
1703
1704
1705
1703
336
1599
1599
336
0
0
1706
1652
1707
1340
1233
1708
1709
1492
1407
1709
1710
474
960
960
1222
1485
1711
1609
1712
1439
813
1713
106
869
1714
1715
1280
1716
1094
1094
1597
1717
1597
1506
1718
1719
1720
1660
1660
1188
1721
1722
1276
1663
1663
1663
1723
1724
1724
1725
288
1726
1334
773
1727
1637
0
1569
106
289
289
822
822
1728
1478
1276
1327
1485
195
1345
1028
1696
1729
682
1730
1345
413
413
1669
0
1609
1731
1326
0
1732
1733
1734
1735
1725
1493
0
1736
1737
1345
1696
0
1612
1344
1338
0
982
0
1738
997
997
997
997
997
997
997
997
997
997
997
997
997
1617
1731
997
997
1739
1740
997
1712
1741
470
0
470
1717
1742
470
1111
1615
1278
0
1617
1617
1617
1743
1744
1745
1746
1747
1748
1749
1182
1744
1493
1744
1744
682
0
1087
1070
1750
1442
1751
1752
1604
1753
1754
1028
1490
1755
1756
1757
1758
1609
1759
1760
1761
1762
0
1762
1763
1485
1485
1485
1764
983
1122
1765
1154
1766
1767
1768
1769
1770
1254
1771
1772
0
1772
1623
1773
1773
1526
1493
1774
1775
1754
1776
1777
1776
473
1435
1435
0
1754
1345
553
1778
1617
1087
1087
164
164
1731
1779
1731
1579
1579
0
1780
1781
1781
1685
1782
225
225
225
1353
225
225
1783
225
225
0
225
225
1727
225
225
225
225
1727
1784
1609
225
1785
1786
225
225
0
1493
225
773
225
984
1555
1493
1493
1493
98
1493
1493
1493
1044
1493
1787
1788
1789
1696
1615
1790
1791
1341
1792
1788
1793
1609
1753
1327
1794
33
1342
1795
0
834
1796
5
5
1524
5
1524
670
982
1524
5
1524
5
1797
1524
1524
1524
1524
1798
1524
5
636
1799
1800
1801
1512
1802
1327
1803
1327
1804
1625
1805
1662
1662
1806
1753
0
1807
1527
1394
952
1317
1155
1808
1662
983
712
1386
994
1611
1341
1809
1178
1810
0
1811
1812
727
1612
682
1813
1341
1814
1815
533
1816
538
1817
682
1558
1818
1347
1795
1441
1612
1685
0
1795
1819
1580
1580
225
1820
1254
1821
1214
1214
762
956
0
1767
1822
794
220
1823
1824
1825
1103
1826
1827
1828
1829
1829
1830
1698
1558
1558
319
1110
682
1831
1832
952
1182
1199
1795
1053
1245
1245
1833
1443
1834
1835
0
1836
1835
1363
1363
1837
1729
1838
1362
1839
1215
682
952
1840
1555
1841
1588
1842
952
1345
1279
1843
0
1786
1750
1750
1750
1844
1845
1846
1847
538
572
1848
1847
1849
1068
1850
1639
1639
1740
1639
1851
571
1852
1853
1854
1009
0
960
1855
1856
1844
1857
1218
388
0
1270
1858
1859
1860
1861
1862
1805
1863
1864
1865
1863
0
1439
1218
1699
1805
1805
1866
1867
1805
1868
1805
1869
1376
1870
1696
1385
1871
1872
1873
1874
1875
1876
1822
1877
1875
1878
1879
0
1880
1881
482
1851
1729
0
1882
1883
1784
1884
0
1885
1886
1887
0
0
1807
0
1888
1889
1794
1727
1459
1748
1784
683
1890
1891
1860
1823
1684
1892
1893
1894
1587
411
762
1895
1896
1871
1897
1871
1867
1455
1898
1899
1900
1901
1898
1902
1902
624
1902
1902
1902
1902
1902
683
1903
1740
1740
1874
1904
1905
1474
1906
1905
1012
1221
1221
1221
503
1907
613
613
773
1144
1874
1419
1908
1909
1368
1910
1344
1911
106
0
1538
1416
31
1912
1416
1913
1914
1915
1916
1619
1917
1918
1919
1920
1921
1922
1779
1326
1068
1698
1923
1711
1924
1925
956
1926
1538
1474
1218
1927
1681
1928
1771
1929
1671
0
1771
1455
1930
1152
1698
1318
1455
1931
1931
1932
1933
1934
1344
1935
1936
1843
1843
1843
1843
1736
1937
1194
950
1938
1939
1940
1594
1813
1882
1941
963
963
1489
1942
1943
748
1318
1594
1874
1701
1944
1945
1117
1795
1946
1947
1948
1949
1950
1946
1951
1952
1953
1702
1702
0
1954
1652
1411
1455
1317
1955
0
1702
0
1220
1746
1619
1956
1957
1825
1958
1959
1619
1022
1068
1619
1960
1960
1961
1434
1434
1962
1963
1964
1965
1965
773
1918
1715
737
1385
1385
503
1966
1742
1483
1194
1967
1968
1969
1970
1918
1971
1890
1915
1915
1915
1420
1935
1874
1972
1973
1974
1975
1976
1727
1975
1977
236
1794
1455
1794
1152
1978
1748
1874
1121
1979
260
1802
1928
1372
1802
1794
1783
1716
0
315
1980
1981
1982
1771
1983
1984
1985
1963
1986
1815
1480
1987
1420
51
1822
1822
1822
1988
1989
1988
741
741
741
0
1455
1990
1917
1580
1580
1580
1402
288
1580
1580
1991
1580
432
1628
1992
1993
1580
1994
411
1455
1025
1121
1121
1995
0
98
98
288
1996
1987
1997
1998
1999
31
837
1771
0
2000
2001
2002
2002
2003
919
2003
1685
1888
1889
1928
1928
1981
1701
2004
2005
2006
1727
1727
1096
2007
2008
1097
1958
2009
1372
1885
1885
2010
1768
2011
1727
1545
2012
2013
1239
1239
1957
1239
1239
1623
2014
1290
482
2015
2016
2017
548
2018
0
2019
31
2020
2021
2022
1727
2014
2014
2023
2024
2025
1935
1930
2026
1526
421
1318
1794
1763
0
2016
2027
0
2028
98
2029
2027
604
1990
1990
1990
1786
1992
1693
0
2030
773
2031
1729
2032
1696
1886
1886
2016
2033
2034
31
1784
2035
2036
2037
315
1347
1347
2038
2039
2039
2040
1825
1825
430
1546
2041
2042
2043
2044
2045
0
947
2044
1414
34
2046
2047
2048
1432
1935
738
2002
604
442
2049
2050
1974
2051
2052
1633
2053
2054
1277
1909
1909
1963
1020
2055
2056
2057
2055
388
1963
1963
2058
1862
1594
988
0
2059
1658
1626
2060
2061
1973
1961
1842
2062
1872
2063
2064
2064
0
1532
624
2065
606
2066
2067
2067
1961
624
624
2065
175
2068
2065
2065
2069
1633
1771
1971
2023
0
624
1838
2070
98
2071
1441
1441
2072
144
1725
1681
2073
2074
2060
0
1377
2075
2076
2077
1970
2078
1892
430
2022
0
2079
2080
2081
977
2082
0
1615
2083
2084
2085
2086
2087
2088
2089
551
1368
2090
2089
482
1540
1540
2091
2092
1540
1746
2093
1926
2094
2095
0
1596
1596
1596
2040
2096
2097
1708
1708
0
1670
1670
1748
1832
1748
2098
992
442
2099
1879
1287
2100
2101
1783
2102
2103
1844
1025
2104
2105
2106
2104
2107
2106
2108
2106
2106
1615
1345
1480
0
2109
984
1860
1925
1923
2102
2110
2111
31
2112
2113
1743
2114
442
2115
442
0
442
442
442
1681
2116
2102
2117
2117
0
2118
713
2119
988
1216
2120
1246
1812
2121
988
2122
1743
1812
2123
1743
1958
1824
1890
1686
2124
2125
2126
636
2092
2127
1849
2128
1443
2129
367
2130
2131
2131
2119
2127
956
2132
1318
1372
2133
2134
1824
2135
2136
2137
2138
2139
2140
2092
1246
1246
1246
1013
2141
0
0
2142
2069
2143
463
2034
2144
2145
1715
802
1189
2146
2147
2146
734
2148
2149
1574
738
2113
988
2150
1443
2143
412
408
1402
1957
2151
1493
2152
2153
2154
2155
2156
2157
1957
1957
1814
918
2158
2159
1814
2160
551
2161
2079
2162
1616
2163
2164
1994
1681
2165
2166
2167
2165
1996
2168
1812
2169
2115
2170
1991
0
1858
1812
2171
2107
571
2172
1872
2173
2173
1715
1715
1491
1491
1491
2092
2174
2174
2175
2176
994
636
632
1514
1812
2177
2177
1715
2178
1400
1872
1012
2022
837
1493
1493
1817
1981
2179
1764
1764
1764
2180
1070
2088
2037
1852
636
1858
1894
1831
2181
1858
2182
2183
2184
2185
2186
2187
2188
2189
2183
2190
1852
1852
1967
2191
2192
2193
1881
2194
1858
1858
1862
1881
2195
2195
2196
1833
2025
2197
1353
1961
2198
5
833
2199
5
1493
5
2087
5
5
5
5
773
5
2200
5
1013
538
1837
5
2010
1013
2201
5
1721
5
5
1013
2202
1664
2089
1997
2203
837
0
2204
2025
959
985
2205
2195
1908
2206
738
2207
1999
1999
2208
2209
2119
1961
1477
1477
2210
1799
2211
2010
2010
2010
1784
2195
1799
2212
2213
2214
2213
1666
2215
2215
2074
2200
2150
2216
2200
2217
2217
1526
1026
2218
2219
2220
833
2221
2222
1526
1045
2223
1936
2224
1013
2225
2226
2227
2228
2229
2230
977
2227
2231
2011
2232
411
411
2181
2233
2181
959
2025
1773
2234
2235
2236
0
538
2237
2238
2238
47
1773
1684
1684
0
1934
2239
1659
1659
2240
1659
1443
713
713
1509
0
2241
1102
2242
2243
2204
2244
1013
0
0
1934
2245
2246
2077
2247
54
1758
2074
1773
899
2248
2249
2250
2251
1443
2252
2253
2254
2188
2255
2256
2257
1734
2258
151
2259
2259
2011
2011
2260
2261
2262
2263
1979
2264
2265
2265
2122
2266
2058
2267
2050
2050
2268
1969
2269
2270
2270
1017
1016
1016
2088
2088
2088
2271
0
2272
2118
2273
2071
2145
2274
2275
2276
2277
2278
2279
1721
229
0
2021
2280
394
1970
1026
2267
1044
2281
1044
1810
1810
1810
1480
1401
2282
2283
0
837
837
1883
0
2284
2285
1831
0
2286
1782
2287
2288
2289
0
1158
2284
2268
2268
2290
2073
1768
1797
994
994
1866
2291
2292
2293
0
1810
1819
2294
2295
1372
817
0
980
2296
2297
2218
2298
1892
1151
2202
2057
2057
2188
1217
1028
1770
2299
2300
1768
748
2152
2301
2302
2303
2233
2304
2235
2305
1397
1135
612
1824
0
612
2195
2306
2307
1717
2308
2290
2290
748
448
0
2188
1738
2309
2310
2311
2311
1561
920
920
920
920
920
920
920
920
920
920
920
0
2086
47
1135
2235
1432
2249
748
2312
2312
2313
2314
2315
1832
2195
551
2316
1923
2317
2318
1151
2233
0
2091
2233
2319
1837
1026
1883
1298
1298
2320
2207
412
0
0
1492
1832
2321
2321
2322
2321
2306
2323
2323
773
773
773
773
773
1801
0
773
773
773
773
773
1298
1144
2308
2324
947
947
2235
2325
985
1883
2122
1532
2193
2326
2327
2328
2058
2329
2330
2331
2332
1851
412
2333
2334
2334
2333
2335
2335
2335
2335
2335
1834
2336
1657
2337
2338
2337
2046
2046
2046
985
2089
2089
1883
2339
2340
1836
2341
394
1800
2340
2316
2125
2125
2125
1883
2025
2078
0
611
2342
1821
2343
2344
2345
2325
2075
2346
2347
2348
2349
2346
2350
2276
2347
2069
2287
611
1831
175
2351
2078
611
371
1823
1466
1466
1670
1739
2318
2352
2353
1151
2152
1790
2099
2354
2099
2355
2099
1833
0
2316
2034
2355
1758
2034
1909
2356
976
976
794
1782
2141
876
2357
2358
2053
2359
2360
1797
2351
2351
2202
2202
2354
2361
2362
2362
1790
2363
2364
2218
1909
2365
2366
2241
2090
2367
2368
2030
1741
1741
2369
2370
2370
2371
2370
1758
1181
1896
2013
2372
2373
2248
2248
2248
2374
2248
2251
1833
1833
1780
1539
2375
0
1721
1457
1457
1457
1520
1834
2069
1771
2376
2082
2376
2377
2378
2379
2083
2380
2307
2069
2069
959
2381
1697
175
1799
1514
1561
1561
2355
0
0
2107
173
173
2382
0
2199
2383
2384
2385
1958
1782
0
2386
1954
2387
2388
2389
1969
2390
2391
2392
2008
2207
2393
2324
1721
1721
2341
2198
2219
2394
2395
1561
2396
1026
1827
1804
2397
2318
0
2318
1894
2398
2027
2399
2399
1061
2400
2401
2402
2047
2403
1923
51
2404
2405
1520
1343
2406
1377
1958
2407
2407
2408
2399
2399
2409
2410
2239
2381
977
821
1837
2402
2388
1782
69
69
2355
2355
2355
2355
2411
2355
2355
679
2355
2355
2355
2355
2355
2355
2412
2355
2355
2355
2355
2355
2355
1817
2355
2413
2355
2414
977
2355
2240
2355
2355
2355
2087
2415
2415
2415
202
2320
2410
2416
1807
2410
655
655
1207
2417
0
1557
2418
2417
0
1801
2419
0
2420
2421
0
0
1022
2417
1061
2087
1862
2422
1514
2423
1112
1112
1112
1112
1520
2424
2425
1807
2426
2427
815
2322
2428
2321
432
2429
1581
2321
2421
2374
2374
1958
2374
2021
1432
1432
1868
2021
2264
1490
2430
2431
2432
2433
2430
2434
2381
1836
1836
2435
1800
2436
1954
1524
1524
1004
2437
2356
1208
1429
2138
371
1524
2438
1524
1791
1524
2439
1132
1524
2381
2381
1584
1584
1298
2011
2396
1979
2440
2441
2442
2443
2444
2445
2446
2447
2388
1734
1734
794
552
552
2448
552
2180
2420
2449
1004
2068
2138
2434
2450
1257
2138
2138
2138
1160
2434
2434
0
2451
1432
1532
2452
2452
1920
2453
2454
2454
1108
2375
2455
1851
1026
1809
2414
2456
2457
2458
2439
2439
2317
2388
793
2459
1959
2460
572
2461
2462
2091
2392
1123
2091
2078
0
2199
2463
2464
2465
2466
2422
2467
828
572
0
2351
2347
1868
2388
2468
1132
2469
1734
1377
2470
2471
2471
2472
1800
2473
2356
2474
2271
1800
1868
2396
1761
2027
2475
2296
556
2476
1966
2477
2478
2479
2480
1868
1208
2481
2481
1958
0
2400
1958
1854
2437
2482
2483
2482
2484
1026
1800
2352
2130
2485
2087
1158
1837
1837
2486
2486
2487
1837
1823
1823
2400
2400
2488
2400
2489
2232
2490
1837
1635
833
394
2491
2492
1123
2369
1797
1676
2396
2493
1676
2494
2129
2030
1676
0
794
2285
2438
2495
2438
1532
2422
2496
2497
1840
1840
1840
1903
2498
1856
1837
2487
1088
2466
1161
2085
2028
1432
352
2264
2341
2499
2500
2501
371
2396
1797
1797
352
2265
984
2502
2271
2503
1760
774
1088
1290
2504
1181
1293
1785
2505
2506
2507
1154
408
2432
1892
2508
2508
0
2411
2509
2510
2511
2512
2387
2182
2138
2138
2138
2138
2264
2138
2138
2138
2138
2138
2138
2513
2513
2513
2514
2515
2516
1411
2517
2518
2519
1411
2520
1022
2475
2521
2522
2211
984
2142
2523
2524
2525
2280
1493
2115
2526
2526
828
1892
1921
1650
2527
984
1879
2387
2264
2264
31
1411
2428
2528
2529
2115
1637
2352
2530
2531
2532
309
2533
2534
2534
2421
2392
1892
2497
2535
2536
2537
2538
1650
2539
1964
2540
2541
2541
2542
2091
1123
519
2107
1257
2438
2501
2543
2544
2545
1631
420
2546
2547
833
2548
2549
2352
1257
1257
1257
2466
2210
2501
2550
2551
2411
2552
2553
2462
2554
1987
2466
1444
1896
2555
2556
2557
1791
2548
2558
2559
2560
2501
2561
2411
1977
2542
1830
1830
2562
2563
2562
1971
2398
734
2564
2223
2387
2565
2566
2566
1977
2466
2504
612
0
1432
2554
2548
2341
2567
2567
2567
1264
2568
2395
1823
1977
1823
2341
80
629
2569
2348
2570
2418
0
1631
2435
2435
31
2571
2435
1557
2087
0
1147
2395
2395
2572
2322
2322
1697
2573
2574
2575
2037
2574
1381
2298
2576
2577
1537
2008
768
1650
2031
2578
2031
2579
2579
2572
2572
2572
1207
2580
2037
1870
2396
1870
2408
679
1736
1870
556
2581
2582
679
679
679
1215
679
2582
2583
1558
2584
2585
2586
2584
2280
833
2587
2085
2197
2197
2588
2489
1841
1631
2240
2543
2543
2589
833
2590
2591
2592
833
1761
1761
1177
2412
556
556
2425
2280
2593
2594
2595
2596
2597
2596
1993
31
1456
2395
2158
2212
1856
1856
2525
2113
2598
2504
2339
2599
2600
1768
2601
2085
2602
734
2603
2604
2429
2605
2605
2308
2093
2606
1558
2607
2608
2609
2610
2611
2612
2613
2249
2249
2249
1664
1767
2614
2058
2420
1817
2615
1656
394
2616
2617
2469
2618
2617
1834
0
2071
1768
1768
1768
1631
2116
2116
2116
2116
2619
2620
2621
2622
2620
2623
2624
2625
2386
2158
1631
31
2626
2020
2466
2020
2129
1760
2020
2113
2627
2628
2469
2552
2118
1507
2629
1697
1697
1697
2630
2631
1444
2632
2630
2633
2321
1884
2407
2634
2377
2635
2636
2413
2321
2637
2638
2639
2640
2412
1290
1890
2641
2627
2642
1631
236
2604
2643
2644
2645
2646
2647
2647
2578
2240
2648
2649
2321
2588
2266
2650
2650
2651
1850
2652
1834
1834
2107
2653
2653
1053
2554
2654
2655
2655
2569
2569
2569
2656
2657
2658
2659
2656
899
2660
2660
2159
2049
2661
1301
2662
2663
2663
2395
2354
2354
2664
2578
2525
1804
1804
899
2397
31
31
2570
2049
2049
2049
2420
1301
959
2665
2489
2666
2080
2665
2667
2668
2666
2080
2614
2669
2670
624
2634
1281
2671
1896
2672
2673
1896
2107
1444
2674
2675
2084
2107
2676
2676
2676
2389
2389
2550
2677
2550
2678
31
2679
2680
2681
2681
2387
2682
2129
2683
2489
1828
2684
2411
1524
1524
1524
1524
1524
1524
1524
1524
1524
1177
1524
1524
1524
2411
2685
1524
1524
2686
2687
2688
2686
2578
31
1694
31
2123
2626
2626
2115
2201
2689
2201
2690
2691
1681
2692
2692
2693
2694
2633
1012
2440
2440
815
2489
1736
1290
2695
2319
2321
2696
2697
1760
1215
1760
2547
2377
2698
2634
1631
2699
2700
2701
2058
2699
919
2702
0
2703
2704
2705
2706
2707
2708
1160
2466
2489
1444
2700
2709
2710
2700
2041
2711
2041
1215
2463
2712
1736
2713
2714
1736
2715
1736
2716
2717
2667
2718
2129
2129
2719
1797
2375
2375
1222
2649
2720
2721
1953
2666
2715
2715
2722
1177
1177
2665
1801
2723
959
2719
2649
2319
2321
2321
2321
2321
2321
2348
2724
2487
2665
2725
2467
2726
734
959
1806
2727
1656
1656
2489
1856
0
2
176
7
7
221
402
263
437
909
1027
1256
1359
2220
315
2276
