0
1
2
3
4
5
6
7
8
9
10
11
12
13
14
15
16
17
18
19
20
21
22
23
24
25
26
27
28
29
30
31
32
32
33
16
16
34
35
36
37
38
39
40
41
42
43
44
45
46
47
48
49
50
51
52
53
54
55
56
57
58
59
60
61
62
63
64
65
66
67
68
69
17
70
71
66
72
73
74
75
76
77
78
79
80
81
82
83
84
85
86
87
88
89
90
91
92
93
94
95
96
97
57
98
99
100
101
102
103
104
105
106
107
108
109
54
110
111
112
113
114
115
110
116
117
118
115
119
120
121
110
122
110
123
124
33
125
126
127
128
129
130
0
131
132
133
134
135
136
137
138
139
140
141
142
143
144
145
146
125
97
147
148
61
149
150
151
150
152
153
154
155
156
157
158
34
32
159
160
161
162
163
164
165
151
68
166
167
168
169
170
171
172
173
174
175
176
57
177
178
179
180
94
181
182
183
184
185
186
136
187
188
189
190
191
192
193
194
195
196
197
198
199
200
201
202
203
204
205
206
207
208
209
210
211
212
213
214
215
216
217
218
219
220
221
222
223
224
225
36
226
227
228
125
229
86
230
231
24
152
232
233
234
235
236
237
238
201
239
35
240
241
242
49
243
244
156
245
16
246
247
248
249
250
251
1
154
252
253
254
255
256
4
257
258
259
260
261
262
263
264
265
170
266
267
268
269
270
242
271
272
273
274
275
276
175
199
193
277
278
278
279
280
242
281
282
283
240
284
186
285
286
285
255
287
288
289
290
291
292
293
294
295
296
297
298
299
263
300
219
289
301
302
303
3
136
184
240
304
305
306
0
307
308
309
310
240
311
312
313
314
315
316
317
318
319
320
321
322
323
125
324
170
325
326
327
328
329
199
330
331
178
152
332
333
334
335
51
336
337
338
339
340
341
342
343
344
277
345
346
347
348
16
349
350
351
352
206
353
354
136
355
210
356
357
358
359
178
254
80
360
361
362
363
364
365
366
367
368
4
369
361
370
371
187
32
372
373
374
375
376
377
378
379
74
267
380
381
382
77
360
136
383
384
385
386
3
387
388
4
389
248
300
390
70
391
392
28
231
393
394
395
396
180
397
398
399
400
401
402
16
403
404
405
406
118
300
407
204
408
409
398
410
411
412
298
413
414
415
416
23
417
418
419
221
420
408
421
422
423
424
425
44
426
216
427
428
429
430
431
432
433
434
393
435
436
437
438
439
440
139
16
441
16
442
443
444
445
442
446
447
386
448
298
364
138
449
450
451
452
453
454
455
45
456
457
0
11
458
459
460
461
462
115
360
463
464
465
379
466
467
468
469
470
136
471
472
473
474
214
475
476
477
478
479
480
229
481
482
483
484
164
485
483
486
196
487
391
488
47
324
178
83
189
27
489
490
491
492
493
494
495
496
497
233
498
322
461
429
480
499
500
501
502
503
504
505
56
506
507
483
450
97
508
509
510
152
376
362
252
511
195
385
506
512
513
514
515
516
390
517
447
167
170
381
518
519
520
521
522
523
154
524
296
525
526
527
528
529
530
531
532
533
534
535
536
379
537
538
539
93
540
157
541
542
225
543
544
545
48
48
546
398
434
547
60
548
531
549
550
551
552
553
554
555
90
111
481
465
418
444
556
557
558
20
559
560
561
120
136
562
442
563
564
565
32
566
567
568
569
499
220
570
571
572
99
197
58
252
573
574
231
575
392
576
577
578
505
579
379
580
170
513
581
582
583
584
585
197
147
586
49
125
587
588
420
589
590
123
591
427
565
592
593
168
594
347
595
596
597
598
298
228
599
600
109
601
118
550
166
602
603
604
605
606
289
607
136
608
57
609
610
611
612
78
58
613
614
615
616
617
618
619
620
621
586
90
622
289
415
623
624
9
625
626
627
628
629
630
631
632
633
634
263
331
257
635
16
490
219
32
341
636
637
32
226
132
638
639
640
412
641
208
549
177
240
163
260
642
402
205
643
644
645
646
647
276
648
649
650
292
194
651
652
242
234
653
102
654
655
97
288
375
656
657
532
658
151
3
302
611
659
660
661
662
663
664
549
665
663
186
235
329
86
542
666
667
668
15
669
394
670
575
671
672
673
493
58
674
675
676
86
677
16
678
679
680
681
682
683
684
212
685
145
686
580
667
518
316
687
3
688
689
7
690
691
692
693
694
695
696
697
698
699
700
701
319
458
191
702
703
704
705
186
572
125
598
587
603
432
308
706
707
708
709
567
681
710
711
317
334
665
712
713
714
715
459
716
65
197
319
415
205
717
718
21
531
719
174
720
721
722
723
724
725
156
67
726
90
57
727
728
729
730
731
162
732
194
36
733
734
735
55
736
140
454
429
737
3
145
738
267
739
740
741
742
209
242
57
743
744
565
745
478
746
583
747
748
749
750
414
440
237
140
562
751
135
752
506
753
307
718
754
143
755
756
56
37
757
758
759
760
761
480
220
230
147
762
763
764
433
765
136
446
766
767
242
259
768
769
770
771
772
773
271
774
775
776
323
777
440
778
668
235
773
771
779
780
781
782
323
431
783
784
785
477
786
622
785
428
302
130
787
788
789
587
790
310
791
792
793
794
795
71
796
797
290
798
799
293
800
267
801
802
242
509
803
804
805
453
507
806
807
692
808
809
18
810
811
812
572
32
159
813
814
815
629
816
817
153
600
818
554
819
584
820
821
821
241
822
525
823
57
678
454
824
825
195
826
827
153
92
828
470
821
568
829
830
797
240
94
831
832
833
834
397
835
836
837
557
838
611
839
840
841
239
842
843
844
776
845
403
846
847
694
287
761
848
849
602
556
173
279
489
125
850
851
852
534
853
854
855
856
455
503
857
858
230
859
802
860
311
861
862
863
530
80
609
864
865
866
867
641
502
868
869
411
870
871
286
390
872
520
443
300
873
641
439
699
874
875
691
847
753
876
877
261
878
141
461
3
879
57
135
880
154
145
881
882
148
883
884
885
125
886
154
887
602
888
106
889
422
784
358
890
541
353
891
892
185
855
893
894
895
135
321
386
208
68
896
666
557
294
156
897
581
898
845
68
899
450
900
901
139
902
903
852
706
121
904
322
900
242
734
905
410
890
815
718
906
178
446
907
530
908
545
909
910
911
500
254
550
912
590
913
914
637
847
915
916
852
640
917
650
918
919
192
57
621
502
263
12
920
882
921
168
144
922
32
157
923
924
925
64
18
635
926
927
928
140
139
353
929
187
930
349
840
211
890
687
226
931
535
278
932
933
934
57
935
936
100
937
938
125
244
139
939
673
655
940
941
942
943
842
178
759
944
945
672
785
946
947
948
949
172
352
950
951
468
952
197
426
781
953
104
366
170
954
223
42
117
361
63
955
57
956
715
132
811
323
957
958
240
153
959
960
961
962
963
964
477
965
966
967
731
254
197
531
258
829
178
968
929
969
333
236
212
626
484
515
222
844
970
16
648
967
971
972
155
162
973
971
974
975
976
638
890
977
978
412
902
979
980
807
304
575
809
981
982
676
157
379
247
983
269
984
950
985
211
125
833
705
523
777
986
987
988
145
989
990
641
991
929
122
241
186
992
126
993
994
995
12
565
209
891
996
997
751
145
95
998
999
297
891
145
1000
18
929
1001
1002
1003
1004
1005
1006
221
1007
1008
57
983
1009
174
1010
655
1011
471
1012
531
1009
952
396
1013
90
1014
27
194
1015
117
906
227
1016
1003
330
1017
1018
1019
1020
1021
1022
12
349
440
852
57
1023
993
1024
895
1025
1026
100
490
1027
1028
101
1029
1030
90
1031
705
253
1032
1033
708
240
850
1034
1035
504
1036
641
319
155
1037
1038
57
1039
987
476
1040
32
1041
1042
787
1043
99
49
692
704
907
129
1044
799
843
1045
56
1046
251
253
847
1047
634
475
469
195
1048
799
1049
1050
91
522
1051
844
461
1035
472
1052
215
978
774
1010
769
545
258
1053
1054
1055
902
1020
1056
57
1057
1058
683
1059
57
120
767
415
944
1060
1061
1062
20
143
1063
226
757
255
240
1064
504
344
832
415
338
884
651
1065
616
379
429
690
247
49
926
747
585
1066
581
1044
1067
664
188
928
657
1068
156
911
579
1069
1070
628
1071
548
720
1072
242
1073
928
563
131
18
1074
487
376
160
667
405
81
1075
797
1070
144
997
51
1076
606
1077
728
1078
1079
176
1080
1081
1082
1083
1084
1085
902
1086
1087
957
1088
1081
1089
513
290
1090
542
1091
853
1092
91
60
465
988
1093
1048
1094
248
4
1095
1096
169
774
1097
927
130
116
639
1064
1098
1097
760
1099
1100
1101
1102
603
57
1010
591
143
1103
1080
1104
16
1105
550
309
1106
1107
1108
545
1109
106
370
523
875
1110
912
1111
1112
1021
1113
561
652
626
20
132
760
146
1114
1115
432
602
1116
133
1117
50
1118
564
455
595
1119
551
858
401
1120
654
548
242
586
1121
1122
792
430
1123
1124
1125
925
240
263
263
522
890
1126
28
532
379
1127
148
1128
1129
197
916
1020
1020
1130
577
423
1131
408
1132
503
1133
150
1134
1135
399
793
1136
641
599
1137
1138
1118
120
1139
1140
242
1141
1142
1143
1144
1145
226
1146
442
1147
468
769
1148
349
968
1149
1150
1151
665
1047
1152
386
170
18
408
649
1036
1153
1123
550
291
1014
817
369
344
583
1154
1155
581
1156
969
144
1157
1158
997
189
1159
16
136
219
174
1160
1161
319
1162
1080
1163
545
632
1164
1165
157
150
381
1166
985
330
1167
27
310
1165
940
333
195
816
1168
476
1169
1170
50
955
1171
538
1172
1173
1174
515
1175
88
1176
1177
254
313
1005
1178
718
1179
100
1180
113
157
1181
1153
16
161
1047
1009
170
1182
1183
402
596
345
1184
57
691
1104
1008
103
409
853
335
1185
447
1186
845
641
1187
1188
1014
1189
173
572
1190
1191
4
990
729
1192
1193
655
837
1194
964
1195
274
1196
1197
88
1198
1199
1173
1200
1201
227
1202
427
30
1203
1204
1205
1206
441
1207
1208
1209
563
1037
213
1210
1211
298
846
380
1145
1212
280
872
1213
1097
253
835
995
172
847
565
92
1143
1214
1215
1216
618
1217
125
179
418
819
355
1218
1219
1201
1220
844
136
1221
704
543
509
427
169
176
57
1222
1204
1177
1115
282
1223
880
1007
625
1189
1123
240
340
241
495
1224
1225
437
658
866
179
1226
1227
1228
641
1229
475
376
433
418
1230
57
1231
1232
1233
1183
267
350
170
1234
213
1235
213
1236
16
847
159
772
847
1237
292
136
1136
196
1034
1238
1239
602
1069
1238
679
1240
242
275
210
1241
1242
749
353
534
363
28
1045
1101
666
1243
1244
24
325
1245
1246
2
1247
420
40
1148
1248
704
334
1249
16
1250
963
32
690
600
200
655
1251
361
522
658
222
139
1252
514
1165
1109
1253
928
817
301
1254
780
1255
54
467
250
1080
992
250
1256
1257
1258
1259
1244
1260
172
1261
483
415
1262
1263
1264
400
1265
848
1266
373
803
506
1267
1098
381
781
657
1268
548
554
1269
1270
1271
1023
531
1007
1272
1206
1273
1168
250
1144
86
765
1274
225
267
1275
1276
814
583
1277
997
548
3
27
864
1264
1278
823
718
1279
119
1280
951
1281
764
1282
1015
1283
474
1284
1285
1103
602
32
91
298
1286
51
1152
684
106
1287
718
668
668
967
158
57
531
1288
12
31
224
157
1117
723
682
16
1289
1290
1010
645
86
266
1228
396
1291
1292
760
1086
283
225
1293
965
249
1294
246
1295
299
1296
52
1297
490
657
525
909
950
189
382
556
602
183
254
263
412
1298
1209
1299
517
18
248
816
1091
170
412
1300
267
704
390
587
622
1301
14
1302
1009
1303
1184
734
300
1117
353
86
513
1175
795
1304
246
814
1015
945
404
384
1305
448
1306
1307
1308
1144
1309
133
1310
1311
298
429
430
16
185
1312
220
376
1313
1090
602
1314
505
998
361
257
1315
1316
430
399
336
122
172
177
1274
73
1317
1318
1265
279
1256
170
961
1319
1070
880
439
1320
1293
911
1321
730
1322
686
356
683
1323
1324
1325
1326
218
544
560
932
689
657
192
348
506
1256
170
1224
1252
1327
242
1328
329
1022
312
1329
260
1330
974
488
680
189
394
785
400
53
353
316
940
1331
1332
1333
1334
901
1182
1335
806
553
1203
24
885
1257
284
170
1336
1101
1337
1310
85
254
302
1266
641
470
746
955
240
1186
104
483
569
1077
1338
1077
1339
1340
1341
1340
623
32
449
1342
261
993
923
622
1096
580
18
704
534
506
1343
157
1344
1345
853
1221
606
1346
539
1347
1344
1348
125
904
421
129
643
1349
1350
166
1311
1239
446
1351
49
1285
263
822
1352
49
646
1353
1144
885
604
1114
657
549
1279
1016
206
1354
1355
927
1332
531
1356
784
298
132
103
312
209
1100
1357
729
120
329
1358
1146
1036
61
1318
612
738
574
1192
223
1225
124
115
1359
1360
519
971
54
1092
1067
1361
213
1362
852
1363
1131
1364
1322
357
1244
1365
267
1366
18
1040
512
939
227
649
554
1367
848
656
1368
1369
271
74
1370
517
1371
719
1372
570
961
769
1373
6
643
1077
532
895
30
719
267
1374
979
327
379
1375
1376
1377
846
401
323
1296
1378
239
1379
565
587
629
617
1162
1380
189
267
229
379
581
964
462
1381
964
267
893
419
320
604
240
240
1382
744
801
981
1383
1223
1384
16
1305
1023
1385
982
289
2
870
1386
872
873
93
57
242
57
254
152
1369
1387
576
668
548
1249
397
784
922
1310
970
964
1264
1187
1388
170
1255
384
1389
332
1390
633
1391
625
758
1392
1339
1393
410
1394
1393
16
1214
399
619
890
121
324
982
521
397
400
574
1220
271
1395
707
223
428
304
1396
776
1397
741
147
267
1377
1377
812
555
739
1251
923
1085
616
604
1398
727
1399
282
1400
1061
1401
879
30
797
1273
16
253
1402
150
770
57
903
387
1403
843
743
400
219
870
641
29
866
245
102
145
852
1404
541
1009
641
57
592
412
443
143
1405
940
187
264
1406
1248
542
99
381
940
1407
1277
1055
1408
779
144
1136
523
243
122
152
641
599
115
1021
499
1409
394
893
1279
604
1061
578
1410
1266
890
1107
469
1411
661
1099
331
756
54
1326
570
1412
1413
254
1005
208
416
1414
1370
1415
1155
1371
646
1416
1315
1096
1162
970
847
1417
652
724
644
1418
1025
178
835
1419
1420
1421
1422
464
1342
1423
661
1424
16
400
187
1425
458
654
1420
331
803
235
554
519
368
1248
546
769
725
1217
967
16
125
16
271
551
672
57
1426
952
565
216
960
104
1129
1427
409
1187
230
381
1134
300
1426
1324
306
1272
639
1428
915
640
1429
1272
1403
775
899
1009
1131
528
1164
1430
1431
988
281
1432
657
790
1433
1434
327
760
641
1435
1314
394
1201
480
1067
242
1023
817
1316
1273
688
1436
1437
325
150
843
240
1136
1438
165
1439
721
32
1137
777
841
1440
1441
1442
170
1096
688
602
1309
1089
145
16
1391
455
781
1443
165
1444
933
921
1445
1256
990
455
1446
1447
199
1009
41
1186
808
286
170
1448
538
1449
1253
139
368
212
1424
1450
1127
879
713
1048
642
883
457
44
1451
161
468
312
1452
379
532
1224
379
616
477
596
1453
57
577
1206
603
458
784
1454
507
1455
1170
1143
890
808
344
56
316
447
1296
1456
1457
679
168
1458
1115
1128
1346
1052
185
110
57
309
1328
89
256
1459
940
759
1460
1461
920
64
1462
750
102
289
1463
1123
976
363
1456
972
1464
738
1066
1171
339
1233
1451
1125
882
1235
1360
1123
1345
1465
1466
468
1076
77
298
1467
127
948
1468
28
621
59
256
118
1469
231
1320
1065
891
554
188
508
3
281
74
1420
1358
1181
1470
1140
719
35
755
869
1471
971
1472
1472
1473
908
1474
857
1309
1475
1436
1034
277
305
1330
417
1116
1476
662
155
849
853
1477
1478
71
1293
708
350
1479
143
32
242
1480
222
117
550
1481
199
1190
216
847
139
242
510
20
39
995
61
1103
1357
442
930
0
207
208
1233
1482
253
246
583
313
540
450
58
1483
1124
1484
242
139
203
549
750
1485
107
1486
49
878
144
1401
741
1157
1435
606
32
82
298
319
822
410
117
1366
1070
1198
27
556
524
486
1487
104
1173
17
893
1371
1488
938
1310
625
1018
1092
1016
1366
46
1040
977
1489
169
662
1371
1490
227
242
1427
292
300
1491
482
254
1235
507
180
1421
816
1492
293
964
774
667
1376
538
1493
420
1152
1494
260
864
1495
834
569
59
864
1496
1153
420
834
1497
1498
827
106
1499
1500
124
1174
1095
1501
1502
662
394
570
524
233
511
809
1446
959
57
281
345
1070
1503
227
1504
1240
1152
599
740
356
1228
784
1505
554
1506
82
195
583
1507
894
1300
1508
447
1380
308
1509
794
800
1403
1510
1510
776
820
1511
1512
1244
747
1271
1242
103
1027
1513
1459
777
240
523
1513
504
532
1327
160
152
242
644
1304
303
1208
1514
101
455
506
101
84
1515
604
1252
486
186
963
459
794
260
1444
89
565
410
329
1059
1516
1517
125
1518
673
98
291
1061
1489
519
1519
1004
993
657
1520
1521
1159
1522
674
834
1430
459
1481
443
1110
761
1276
1117
1303
1354
20
835
1028
760
1371
245
1498
1523
602
898
122
1524
575
1525
376
717
349
333
641
311
886
1395
396
1526
1527
480
189
1528
828
1529
1235
463
1231
254
987
1397
662
1017
122
1070
575
298
504
1530
1152
852
1304
146
157
1319
1531
295
298
1312
1532
16
1533
1377
1067
1090
814
259
340
636
267
641
489
270
739
327
253
1386
389
1534
854
409
237
980
896
223
298
455
1535
674
185
1536
835
772
1537
314
222
1538
379
69
346
1119
334
1209
29
1316
414
174
1539
20
129
804
168
1374
1253
323
1540
273
1150
1345
229
584
1372
522
1084
1180
475
280
34
254
150
1541
1542
1392
1543
170
1510
75
867
1544
1545
208
470
1449
1051
324
1172
430
380
1498
343
1331
1531
263
1353
1177
1001
1318
785
882
365
1362
1309
1419
1546
372
1547
1334
262
1548
189
176
222
90
41
882
87
467
842
1374
941
1549
59
783
377
587
814
152
564
1550
1223
1551
805
316
1461
386
95
1087
1304
194
620
481
538
995
1552
254
582
777
228
1335
1469
1158
839
42
283
1496
688
1194
1479
1553
993
1554
485
1357
848
1333
1548
1555
539
28
915
825
1556
1368
1042
1108
1192
1557
1289
801
591
324
267
271
1558
1548
240
1559
453
367
299
522
169
848
1089
1560
1056
533
715
1151
848
1313
1561
625
575
875
1562
901
677
1450
625
1513
1404
1319
992
1563
794
342
1217
1043
775
1564
1565
1178
652
260
674
1566
1567
479
1169
329
597
1384
76
1115
1568
160
1193
1375
1569
1247
1347
938
1111
1298
1570
80
688
1337
817
100
896
157
1571
641
1207
1273
1400
1518
1572
97
368
289
396
696
1560
1573
660
388
1198
1109
54
934
1121
222
959
1050
547
675
43
1073
324
83
1196
1163
172
1273
1262
1574
1575
242
180
242
177
1325
248
1225
1576
133
537
85
267
1577
224
85
1019
20
1475
698
571
1244
334
1578
1579
854
519
289
587
197
887
1365
1434
429
208
590
133
984
507
76
490
142
139
626
1035
1287
1020
1525
680
760
277
1288
102
849
242
406
1229
822
64
157
89
784
847
1165
1580
1130
1121
465
1131
391
316
552
35
786
1581
1002
1013
297
1494
1488
171
57
566
1569
523
594
1454
1075
1169
785
1582
548
1583
298
322
344
1034
975
139
1534
557
1584
71
924
1325
1397
101
364
4
1040
349
776
1290
403
120
258
1022
145
1272
319
139
1408
977
242
443
35
150
355
32
1154
1021
1199
627
877
1585
896
1492
1082
657
442
1586
1143
876
388
1587
1533
641
232
229
1507
869
1178
842
468
1422
860
845
584
288
288
289
848
1428
964
1588
531
1589
1572
439
1400
1476
348
1590
616
145
1591
18
668
1334
940
989
436
954
1000
749
1511
692
856
1504
470
1592
103
183
946
90
1399
62
349
100
532
766
1348
1427
25
1111
1530
54
1406
873
279
410
1145
600
1514
1514
602
494
57
1047
260
91
146
1373
1128
90
16
888
504
233
198
1593
943
904
641
1057
829
1048
902
322
260
1078
809
160
153
1401
929
1419
1594
844
109
1226
208
1595
170
321
791
498
468
506
369
153
1219
1596
1322
125
1138
161
232
1597
449
999
27
560
409
194
186
39
1161
354
975
906
1456
798
673
78
402
668
1141
1577
617
322
292
152
1098
267
1271
531
57
1032
1446
701
128
1568
1241
1312
513
172
353
704
208
144
838
157
1320
51
242
1559
1484
688
902
936
157
432
1053
90
16
1598
1220
575
1475
979
139
1352
1250
1216
718
1599
490
26
1600
614
355
242
1601
68
329
783
131
334
543
128
482
1602
100
68
641
530
407
150
118
656
192
1576
1603
418
242
560
1122
560
446
1412
1023
57
349
767
1340
198
1535
110
532
170
989
429
1604
572
787
537
450
1203
925
478
1355
530
1361
157
490
170
560
1234
349
760
1605
345
802
1606
132
1607
242
685
1608
149
496
1066
142
1609
314
870
1610
1205
1028
1043
1406
46
585
956
700
112
1603
324
1482
1218
606
727
1545
766
379
600
247
316
1128
1040
1611
529
653
1463
1023
1232
329
430
804
1063
752
1310
1612
1331
884
1148
123
556
848
708
554
1271
4
1371
788
253
217
667
1136
786
258
733
897
263
353
1035
1335
1613
1614
386
523
1270
1454
1033
554
1196
222
550
1400
170
1176
662
352
1147
176
1012
353
1378
1299
902
1615
1418
1526
1468
592
945
182
137
521
1596
458
659
1207
652
1585
1194
880
931
970
139
516
1205
57
1616
263
495
1615
879
191
1071
1250
363
728
1574
1406
1617
1466
353
595
1618
1359
800
497
44
902
1619
481
337
102
1520
781
32
242
1133
594
679
54
716
1568
754
1620
919
1227
1621
1589
784
1168
1573
1090
1110
125
447
772
1022
200
1022
100
298
1210
16
329
1072
519
1617
208
118
705
1244
1491
267
312
820
1598
1622
1302
953
1079
1526
977
604
160
32
748
242
327
448
1623
200
1624
519
1158
1272
366
77
413
1356
138
799
1150
1625
1002
483
1575
576
579
934
376
1626
330
1521
1627
11
984
886
1628
435
1629
326
1556
1542
8
839
101
1630
1096
669
740
12
72
1136
1237
236
940
61
742
1524
1631
1285
1185
750
994
20
1632
751
74
934
588
1465
26
26
664
747
57
57
122
1038
163
27
908
253
1633
1634
100
343
292
67
1635
130
145
431
242
1460
792
1636
585
824
875
1351
530
384
1283
718
217
577
1470
316
1637
985
256
215
1227
1536
86
728
1321
18
1030
750
1638
1625
369
142
1263
1592
1124
740
300
532
229
1430
88
719
805
304
1439
172
824
1277
1396
482
1554
170
781
125
64
815
72
281
281
1194
1058
1619
1017
1230
995
153
1639
1421
13
1323
56
546
1617
349
354
376
1430
319
1243
57
32
541
933
226
1582
1640
56
1493
548
824
1487
1200
1491
90
41
693
114
1641
368
1251
847
1642
1165
319
145
265
1068
1407
884
330
67
292
432
196
1209
1023
1643
1447
62
1553
1182
1595
57
1343
1637
101
139
1275
248
1452
1343
101
1300
1644
1512
913
1338
90
944
1459
719
1160
1389
906
1605
1336
178
64
606
466
522
1244
269
122
57
548
383
534
1135
338
319
458
441
195
513
1219
17
1624
26
322
776
1645
641
761
1146
1639
818
503
32
964
472
469
615
446
144
1645
1028
790
1646
1238
579
7
1001
168
313
315
829
908
1036
536
792
1023
1435
1647
230
971
1102
1648
1649
450
1160
36
1650
712
1191
242
1203
711
1028
299
1184
1214
57
1484
391
139
389
1192
1398
1352
1545
231
874
438
749
1651
16
871
332
54
1652
1096
1096
252
1604
1303
3
1207
1653
774
226
389
26
851
26
298
409
1649
1650
117
29
630
1585
684
971
673
608
776
134
1195
254
1313
243
899
32
426
1222
849
1013
995
1654
1167
1378
1200
554
900
985
442
579
1348
86
1430
1188
384
1195
394
593
199
100
1655
480
161
519
197
1626
560
999
763
0
1547
127
586
19
1192
836
1240
845
1656
1657
1562
1657
1625
1642
626
474
345
50
747
1364
1503
190
165
1658
1169
286
1467
1341
720
32
282
1651
4
1029
410
1481
93
1178
1171
1571
57
1405
643
1558
277
1252
1124
1422
153
242
1428
1567
941
1269
145
935
232
665
918
1057
1659
1660
412
124
526
1661
1414
1241
569
1565
684
1427
1267
1083
432
157
379
359
185
160
1611
1102
1387
35
185
1294
1587
86
96
1007
57
586
962
1188
97
427
1431
1603
1662
520
1048
1663
1480
182
607
942
1664
702
1558
185
1618
185
492
486
1251
1533
414
933
86
1584
1665
1139
1585
1194
1499
1514
1454
673
852
1051
1653
183
1194
1578
170
280
1413
601
1348
1311
170
1659
530
1499
1010
122
412
497
1144
879
1211
995
269
48
614
996
1478
712
1257
1602
120
413
1603
902
373
1666
71
816
136
1050
261
0
1081
1078
1088
159
353
28
685
708
161
1543
1137
1456
1561
761
484
713
1667
271
1668
629
1621
1322
374
841
1614
784
1293
666
1669
1433
828
440
1590
1112
662
977
1670
1376
466
575
1411
446
263
118
109
393
1096
734
1411
16
443
338
418
699
140
1643
491
1335
828
626
1499
1648
1671
1110
1208
1310
1060
1296
145
230
947
1104
1236
1244
20
349
1570
1583
1609
817
444
1225
720
371
723
1054
954
432
1448
440
1482
385
1495
1464
387
318
1047
710
917
1650
1580
1262
196
211
211
1672
1049
1125
185
784
787
922
191
176
928
1598
240
223
324
1254
888
284
1409
784
241
1432
634
494
64
89
1573
393
105
242
678
513
242
1365
15
1362
587
1397
1536
1570
966
995
1497
161
319
1485
1641
238
1672
974
76
970
283
586
317
880
1204
720
267
607
189
654
531
1673
624
1413
175
319
1441
172
1619
1514
1523
136
934
1478
1332
949
181
267
853
814
848
608
688
1565
1329
709
556
261
1244
1674
1519
407
230
73
1363
40
