0
1
2
3
4
4
5
6
7
8
9
10
11
12
13
14
15
16
17
18
19
20
20
21
22
23
24
25
18
26
27
28
29
29
8
15
15
30
31
32
33
34
35
36
37
38
39
40
39
41
42
43
44
45
46
47
48
9
49
50
51
52
53
54
55
56
57
58
59
60
61
62
63
16
64
65
60
66
67
68
69
70
71
72
73
74
75
76
77
30
78
79
80
81
70
82
83
84
85
86
87
88
89
51
90
91
92
93
94
95
96
97
98
99
100
100
9
101
53
102
15
52
103
101
104
105
106
103
24
107
108
101
109
101
110
111
8
112
108
15
113
114
111
0
115
65
116
64
117
118
119
120
121
122
123
124
125
33
126
81
112
89
127
128
55
33
129
102
129
7
130
131
132
133
134
135
30
29
21
136
137
101
138
139
140
102
62
83
141
142
143
144
62
145
146
147
148
10
51
149
150
151
152
86
94
153
154
155
156
157
118
158
159
160
88
161
103
162
163
55
164
165
166
167
168
129
168
169
23
108
40
170
171
172
173
174
175
176
177
178
179
180
118
181
182
181
183
184
135
185
32
186
11
187
112
95
79
61
44
22
7
188
189
79
118
190
172
191
129
15
31
192
193
84
194
195
196
133
197
15
73
198
199
142
38
200
1
131
201
202
203
204
190
4
205
206
11
207
208
209
210
211
212
144
136
213
96
214
215
84
216
217
218
219
220
20
148
167
162
221
222
222
86
223
84
224
225
226
192
227
157
228
57
228
204
229
16
230
74
5
169
231
89
226
232
233
234
235
210
236
181
230
237
238
239
3
118
155
192
240
25
241
0
242
243
244
64
192
245
246
209
247
248
249
204
250
251
252
253
254
255
112
256
144
257
52
258
259
260
167
261
262
263
7
83
28
264
226
46
117
265
266
267
268
269
229
270
80
221
271
272
273
274
15
275
161
276
277
40
278
279
118
280
173
281
282
283
284
150
203
74
285
105
286
287
288
43
192
289
188
4
290
105
15
291
158
29
292
293
294
295
295
296
297
267
68
213
6
298
135
71
285
118
254
299
300
104
3
146
301
4
231
199
236
175
64
302
69
18
44
303
304
15
135
152
305
66
306
82
265
307
15
308
214
138
309
106
236
310
23
254
189
66
311
312
313
234
314
315
259
26
21
167
316
15
181
317
254
168
318
238
135
140
40
173
179
52
319
88
91
186
320
321
66
303
160
322
323
324
325
209
121
15
326
15
327
328
23
329
327
330
20
104
331
234
288
120
332
333
133
334
287
335
336
39
15
312
0
10
337
75
107
68
130
103
285
338
339
340
267
341
342
6
106
343
118
331
344
106
277
177
316
345
276
346
297
347
95
314
348
137
349
139
350
137
325
164
351
302
267
42
256
352
77
160
25
100
158
353
354
355
356
357
358
359
189
347
294
68
88
347
47
360
361
362
35
363
364
50
345
365
297
333
89
366
367
3
7
295
286
201
236
368
300
345
307
369
242
88
50
175
370
20
141
144
298
337
204
171
228
367
33
131
371
232
228
372
360
6
241
221
85
373
111
374
139
76
267
375
376
377
85
340
134
251
378
185
379
380
190
43
43
381
66
66
238
54
355
85
148
102
26
382
181
115
343
82
53
314
340
316
23
242
23
259
19
365
383
141
107
118
256
327
384
265
385
29
150
273
386
90
47
182
385
387
388
91
165
52
201
149
389
44
129
69
188
390
391
364
392
267
393
144
369
130
86
394
265
395
165
127
396
194
112
397
333
317
43
398
110
399
52
385
400
401
142
265
125
402
403
404
405
234
187
406
407
100
135
106
190
83
408
279
360
409
410
230
2
118
406
51
86
411
33
349
72
52
412
413
414
415
416
52
417
356
15
396
82
418
230
259
419
410
8
147
368
420
421
422
423
263
196
424
42
210
262
205
199
15
158
181
29
269
425
317
29
186
65
342
221
426
313
427
171
148
149
192
138
207
428
307
108
396
419
429
55
142
20
430
431
30
169
163
413
249
84
79
432
94
108
433
89
16
8
151
346
373
434
102
3
238
33
307
435
436
437
438
333
148
439
438
157
118
260
79
378
217
116
440
14
437
304
64
129
107
418
128
355
52
428
441
442
79
443
15
337
32
444
39
268
96
445
446
399
447
66
393
116
337
249
448
3
352
336
6
449
3
450
64
451
304
452
142
26
453
454
181
251
337
161
274
455
456
457
157
388
112
405
397
279
319
243
458
459
460
461
273
39
39
462
204
264
439
463
464
409
465
466
467
59
165
251
259
108
273
329
20
85
321
147
468
128
256
251
469
30
133
61
470
82
51
46
312
471
34
472
101
446
163
32
473
409
474
49
475
122
335
88
85
3
447
476
213
160
477
62
478
172
84
51
479
169
385
366
346
17
394
480
143
300
481
315
209
172
122
256
197
117
3
345
151
242
42
482
125
483
484
50
33
17
485
486
457
302
347
182
61
127
298
487
488
321
489
118
330
67
490
84
11
334
491
492
365
3
61
216
493
319
321
255
494
209
461
440
118
61
365
267
108
495
134
255
186
496
497
498
276
499
418
498
319
238
111
57
500
32
397
15
186
466
351
397
501
395
65
331
502
74
503
108
231
70
213
216
396
84
367
196
504
372
287
365
505
506
450
446
507
73
508
349
509
388
29
21
228
510
511
422
512
361
130
407
455
115
513
265
514
230
230
193
515
228
92
51
337
335
11
168
55
1
478
130
84
516
343
230
386
517
447
502
192
86
372
351
192
81
305
518
181
519
23
520
33
472
295
173
15
110
521
422
522
343
308
523
297
451
229
302
412
23
408
242
146
86
100
112
524
525
526
374
527
528
329
529
336
35
349
530
531
531
396
508
245
3
15
532
148
74
86
533
183
307
534
427
362
457
535
312
536
537
57
175
538
171
328
236
267
427
325
453
207
531
3
297
151
386
427
208
232
123
68
3
75
51
531
513
131
126
99
197
128
238
539
359
112
34
131
540
408
405
98
142
318
497
283
536
251
278
102
256
156
329
541
299
291
117
253
104
171
62
444
217
23
89
133
461
130
1
343
62
542
333
543
51
121
544
545
526
458
108
546
254
543
84
409
527
311
536
511
42
76
150
330
210
221
239
190
419
273
547
360
203
102
548
398
549
229
317
297
550
496
526
426
229
30
551
552
103
51
15
362
553
11
554
197
555
142
33
474
29
134
141
556
557
58
17
199
558
14
559
122
121
278
174
158
560
275
295
174
536
448
186
15
139
222
508
548
561
51
562
295
2
372
563
112
196
121
8
128
433
29
564
565
6
110
150
486
455
22
418
498
566
567
568
569
145
277
570
342
6
62
165
173
495
405
96
192
144
571
184
38
105
105
236
572
51
161
465
65
349
255
573
99
192
130
226
574
299
291
575
576
276
320
16
577
472
203
165
449
206
517
150
517
174
578
28
77
175
368
349
88
183
422
518
15
430
577
579
368
132
101
50
579
580
581
208
342
536
582
419
313
544
161
122
506
240
393
507
122
446
442
134
267
198
8
214
583
570
15
174
112
192
457
33
494
418
584
413
447
418
293
427
88
174
109
193
157
258
108
302
585
475
11
470
172
163
241
586
197
447
87
117
587
233
163
126
588
17
174
589
590
591
592
403
457
181
131
593
51
8
551
147
242
433
69
331
148
85
551
302
135
241
82
154
25
163
594
105
76
90
194
591
261
81
502
595
175
331
596
11
275
209
526
51
597
302
139
291
192
197
2
158
496
316
93
482
143
82
450
457
202
373
241
460
192
524
363
598
363
296
427
251
132
599
76
51
129
584
345
600
29
601
577
57
25
91
194
450
456
210
114
602
108
521
574
50
129
200
202
297
343
42
316
106
55
603
108
604
605
83
367
606
422
68
598
344
15
178
419
493
242
491
502
206
349
607
604
544
175
58
51
567
28
96
58
51
107
490
259
455
466
34
535
19
125
608
186
17
204
192
609
363
80
351
259
266
539
413
191
415
267
88
449
198
194
558
480
395
610
556
602
611
333
159
559
346
226
133
547
392
182
612
421
235
355
468
267
84
613
559
384
115
73
614
351
295
615
116
138
75
52
502
612
33
586
46
193
410
267
312
616
351
10
17
617
577
618
619
620
544
502
621
573
342
617
480
369
74
397
378
427
527
563
83
563
340
413
390
603
574
199
4
193
532
143
493
228
14
111
104
221
609
622
228
291
296
20
167
61
279
51
242
399
125
623
17
38
15
238
102
244
372
624
625
235
161
98
15
33
531
102
147
74
626
331
254
141
107
368
19
65
457
81
627
178
319
408
54
116
601
45
628
265
336
402
535
26
530
265
107
146
355
84
396
20
167
351
91
629
630
409
557
192
210
210
367
536
614
18
373
267
614
128
631
196
165
496
175
175
493
390
238
154
254
342
35
89
129
457
632
306
397
15
427
406
386
633
628
107
114
430
84
198
68
634
430
293
186
15
327
635
6
491
636
275
517
407
367
15
439
343
149
104
144
73
254
431
296
632
629
102
5
337
361
290
80
394
637
3
130
349
578
33
10
263
586
160
444
15
118
181
147
207
239
251
241
17
478
235
196
142
445
134
129
298
437
216
261
77
25
64
445
29
28
55
512
571
345
80
54
45
572
596
376
499
638
639
88
428
81
640
641
203
209
403
217
42
556
2
74
15
134
166
632
15
137
343
551
144
120
403
307
403
271
531
51
3
38
593
95
189
527
226
642
20
643
343
427
206
644
154
513
146
388
645
646
4
293
471
217
21
433
519
416
576
276
219
553
531
81
647
585
638
320
648
90
163
52
27
18
649
650
303
326
356
571
235
384
599
176
510
104
234
523
6
293
13
223
538
254
228
202
518
475
651
297
52
84
499
652
541
653
52
107
112
151
316
513
280
449
4
648
654
422
118
535
456
379
367
52
143
10
51
655
649
641
178
225
179
513
131
147
513
629
192
268
193
357
656
657
323
434
307
151
477
285
120
427
430
316
295
321
316
658
51
172
659
385
403
213
161
144
660
176
661
176
662
15
297
21
3
297
77
169
118
15
164
363
136
556
408
182
136
32
663
84
220
173
82
501
300
278
374
287
18
574
167
217
664
615
22
257
173
273
2
665
317
36
636
456
456
264
82
15
361
575
29
449
407
168
433
468
105
367
434
183
121
666
242
445
622
20
559
361
237
356
129
65
9
342
38
17
258
38
503
474
390
267
615
403
145
231
137
259
615
526
269
82
46
412
356
293
196
345
347
622
298
495
346
197
355
115
667
302
668
597
85
131
669
23
670
571
38
430
79
489
329
185
213
229
269
510
394
7
586
585
3
25
533
269
66
92
42
671
24
35
342
470
488
208
594
114
277
86
557
623
408
29
83
234
107
46
149
445
98
672
42
440
440
577
135
51
85
673
11
28
135
134
601
23
268
15
604
166
242
429
79
136
120
135
117
15
457
502
226
185
167
320
142
276
73
372
235
674
47
216
158
346
228
419
570
160
135
242
408
154
203
210
313
675
235
62
370
73
199
512
427
144
313
525
213
456
175
397
418
134
13
182
551
297
230
409
236
601
278
79
369
428
395
42
73
510
594
22
214
299
603
331
90
54
231
430
676
116
174
390
234
88
91
15
328
285
182
295
66
397
408
25
364
117
105
205
297
677
91
306
117
109
651
149
329
67
238
678
46
86
503
144
299
429
612
513
325
191
167
547
679
34
548
66
281
96
51
461
556
680
118
380
383
508
336
346
103
274
345
503
144
656
666
47
84
503
260
329
246
9
207
517
580
267
444
160
304
498
82
48
278
249
29
231
406
100
366
116
120
553
505
181
18
22
359
474
227
144
265
167
76
174
78
203
238
356
427
343
17
572
192
643
96
297
90
360
17
360
557
681
508
681
419
29
332
411
208
302
141
418
532
393
73
456
374
345
682
134
202
683
527
535
410
10
377
684
202
412
112
546
168
114
396
337
409
83
390
556
330
160
194
557
210
515
51
44
55
685
430
359
360
627
346
148
671
194
40
8
446
14
406
522
279
497
234
65
95
246
172
20
385
471
107
260
83
15
296
55
678
349
476
389
217
184
657
111
103
127
373
466
579
9
563
611
15
176
686
526
687
154
688
411
282
615
689
213
690
73
600
307
8
90
431
115
466
412
151
13
691
216
68
120
370
530
321
55
385
299
491
692
5
396
360
373
291
27
411
213
693
161
258
536
170
368
606
523
265
255
674
327
15
172
470
397
422
416
241
403
125
213
95
267
130
576
130
329
576
213
541
15
252
360
192
192
416
169
15
122
25
179
9
15
603
597
20
446
230
2
536
694
538
267
85
51
84
51
203
7
691
77
188
440
355
82
305
497
474
174
518
576
269
206
6
144
65
299
150
83
169
424
477
147
485
695
557
52
311
276
52
15
652
306
417
536
108
256
446
241
305
82
389
654
216
278
459
184
319
240
696
522
151
62
127
213
606
606
509
343
160
468
141
620
415
360
5
46
669
225
697
34
367
75
27
502
670
15
21
89
129
492
51
545
146
698
521
479
82
181
536
427
26
307
197
94
447
526
126
251
551
427
51
400
313
328
125
699
29
158
211
669
456
378
91
298
29
92
7
604
15
267
33
15
33
195
109
7
427
406
103
331
47
700
304
541
671
360
34
391
366
356
536
624
106
701
436
296
262
484
9
680
385
702
54
203
403
171
26
207
120
65
3
530
55
548
297
532
241
518
297
235
107
469
419
363
192
150
518
99
20
703
704
339
411
369
436
8
15
82
158
486
337
146
146
262
196
118
115
204
188
456
381
491
30
107
577
15
112
15
216
26
418
51
52
302
470
179
574
96
649
666
189
206
531
298
457
236
52
461
183
669
221
585
550
426
24
669
698
319
542
551
154
6
142
559
705
413
224
706
346
15
334
472
258
291
427
707
25
304
648
347
611
84
597
361
677
670
352
698
68
257
129
521
192
15
5
140
279
128
29
386
494
173
393
708
231
144
532
352
408
676
480
447
15
477
336
495
548
140
169
548
555
9
503
293
336
585
709
356
551
37
643
446
57
144
516
376
204
20
121
188
175
8
449
614
75
464
603
428
238
312
40
84
137
6
246
429
267
373
656
267
415
276
403
15
51
390
23
279
337
497
21
53
475
54
634
536
446
80
50
249
20
674
263
361
32
142
23
178
631
10
15
156
101
51
244
503
70
325
710
29
486
711
395
554
58
161
481
94
712
334
629
208
287
263
368
239
476
610
596
267
385
84
409
197
661
373
629
683
117
26
6
193
71
234
713
15
568
567
18
15
53
190
106
548
44
191
191
163
115
159
366
3
224
68
20
13
166
714
430
321
31
483
535
256
579
486
486
539
239
273
349
676
182
698
363
221
25
517
167
54
715
437
132
148
527
29
181
65
167
460
161
207
125
29
84
351
183
105
102
136
167
645
179
297
121
84
221
19
501
475
55
623
385
327
560
0
170
171
385
716
717
73
394
209
340
333
52
508
630
718
84
121
169
148
481
355
99
457
194
232
33
367
62
10
707
410
29
76
234
251
515
311
105
690
612
647
25
242
371
325
25
96
638
16
541
530
77
563
174
147
502
563
194
690
41
600
582
54
683
437
530
347
90
84
666
169
236
455
348
203
661
365
152
703
512
719
231
576
493
116
368
376
683
317
149
69
429
533
720
81
90
53
533
251
632
317
81
256
191
478
98
70
513
111
639
193
199
98
437
304
385
371
189
236
507
585
226
51
224
271
612
202
90
721
663
149
406
477
281
120
497
203
115
131
76
55
394
722
299
525
174
298
403
243
312
501
70
698
723
723
522
514
724
260
615
480
668
501
95
496
679
710
494
192
33
679
363
373
47
136
7
84
419
42
239
571
725
93
336
345
93
30
9
360
666
325
157
575
75
501
622
169
70
470
311
260
58
597
167
112
346
128
90
5
34
54
361
6
592
302
346
698
726
444
104
428
81
559
466
291
328
102
302
269
601
297
8
19
518
316
457
530
197
191
167
408
1
109
727
129
728
295
273
275
28
427
245
34
278
135
393
95
347
160
190
516
90
661
338
172
203
584
151
437
81
109
612
393
234
363
350
149
526
42
81
134
429
729
226
234
285
506
15
506
606
611
397
510
11
268
425
213
427
100
215
160
258
730
694
231
731
528
189
172
122
444
184
234
336
732
428
328
513
456
3
556
247
183
26
267
63
272
535
264
235
26
677
315
147
43
19
114
504
142
693
20
255
437
218
367
683
95
265
55
367
619
74
316
223
30
203
129
241
1
695
733
144
723
69
534
409
312
171
343
204
606
256
499
91
373
191
270
231
729
210
685
641
589
678
498
197
43
686
676
99
331
292
698
366
209
236
160
10
183
82
37
197
80
342
110
693
564
62
53
496
296
397
510
7
265
294
179
196
372
249
395
104
87
621
175
163
356
314
356
475
430
203
86
494
187
553
548
263
472
596
226
312
352
416
207
734
302
13
350
330
66
100
236
99
377
18
550
168
386
13
577
625
217
317
604
216
399
256
213
216
296
236
192
735
287
289
235
367
143
412
480
535
58
111
465
15
412
66
293
147
129
531
216
116
443
449
147
679
126
429
258
427
501
229
107
25
319
632
736
217
107
429
428
232
254
297
80
260
404
9
70
178
574
136
21
170
320
665
684
563
74
675
669
74
352
76
361
2
444
134
737
427
356
670
697
346
449
89
188
712
135
452
535
712
435
301
647
622
9
561
20
183
226
605
238
441
39
613
256
77
553
478
145
670
615
525
193
84
152
84
149
556
199
657
738
116
375
78
213
154
135
78
595
19
182
26
387
615
264
472
390
528
466
712
397
165
540
689
472
88
171
398
116
583
365
70
158
124
121
368
598
672
175
728
444
615
221
673
94
23
84
309
38
515
58
134
70
497
297
445
110
493
20
340
154
302
249
382
31
499
6
590
241
233
69
77
62
51
150
320
33
265
21
52
80
498
68
355
94
234
254
80
363
581
121
731
23
267
65
556
556
151
93
288
4
600
275
522
166
308
107
206
596
126
669
251
121
15
582
84
328
31
129
280
29
637
331
585
420
427
199
444
719
577
346
327
58
634
386
301
347
506
112
188
95
722
535
217
110
6
704
508
343
265
16
16
256
412
585
576
367
85
739
449
325
697
715
274
314
415
447
69
17
440
366
29
418
322
571
588
300
724
450
529
721
343
740
95
235
566
82
669
56
275
2
373
503
412
666
23
74
350
9
669
267
612
311
293
407
725
725
449
356
51
343
429
83
81
692
631
82
15
405
363
189
166
604
6
546
427
567
517
603
544
294
429
616
507
136
130
367
174
99
577
422
100
477
171
25
144
253
466
347
6
345
290
130
321
85
411
112
633
137
188
551
332
587
25
383
189
163
157
35
239
279
581
76
263
503
128
72
307
440
198
154
416
254
169
7
622
213
668
85
51
373
585
513
113
574
82
285
369
145
278
456
171
33
520
134
191
46
84
735
718
352
544
295
134
320
349
82
15
741
654
129
182
161
121
51
361
653
42
273
158
24
92
413
280
84
427
62
260
496
115
264
379
113
348
100
92
62
427
221
310
129
151
151
103
738
378
316
84
383
167
383
330
702
597
51
275
490
681
166
732
101
373
144
418
336
66
388
57
375
333
285
557
346
446
221
15
134
15
144
383
660
275
457
193
271
396
69
65
75
84
399
4
33
358
610
124
158
247
536
184
650
316
25
669
41
395
161
454
102
378
256
716
449
410
46
312
503
267
407
198
249
631
600
82
241
432
334
597
659
260
91
504
608
3
174
698
231
539
636
110
242
412
460
115
668
4
530
500
202
180
116
15
499
206
473
461
210
278
598
553
604
192
104
33
302
21
241
115
553
183
102
697
144
640
437
277
635
10
148
278
327
62
544
82
363
393
567
400
22
153
119
228
85
337
307
356
107
199
416
513
15
518
121
50
650
51
302
210
357
82
75
161
235
361
287
312
525
669
179
26
278
402
68
127
70
359
40
544
141
314
265
94
698
495
29
84
89
265
32
9
467
574
482
214
552
285
418
739
497
571
374
397
102
112
20
3
596
168
329
501
234
510
15
260
267
204
179
171
106
457
615
455
213
246
514
741
188
75
405
351
393
582
360
136
29
143
84
258
331
347
168
437
466
263
669
192
71
314
279
120
108
367
596
590
356
193
188
392
561
295
351
261
726
15
10
583
34
64
160
6
52
386
1
7
472
93
530
532
267
477
11
66
15
77
190
410
55
478
727
499
557
642
481
585
19
419
197
68
561
333
117
24
24
333
480
51
51
109
76
138
25
239
742
13
499
2
270
169
61
236
111
126
186
84
711
351
395
395
11
531
630
221
299
114
42
180
390
714
249
743
216
190
178
285
513
79
312
679
17
143
481
294
596
290
124
526
740
630
477
236
373
95
559
81
321
551
240
279
651
11
7
696
348
13
144
495
112
59
511
66
224
224
416
28
141
81
658
475
130
744
703
12
51
50
381
179
275
279
295
559
251
664
51
29
251
548
186
68
294
50
683
355
11
25
320
455
82
37
64
52
403
188
468
297
213
445
251
447
212
226
92
539
261
556
15
319
164
235
597
403
709
56
734
120
25
51
682
743
93
121
229
199
429
682
93
525
21
260
549
17
82
455
710
321
207
150
76
193
265
150
58
410
341
367
274
214
109
51
355
254
374
632
266
251
337
326
55
369
321
16
437
24
294
522
745
427
302
312
744
455
35
29
576
344
106
414
330
577
745
316
15
530
136
392
6
589
142
209
248
517
239
296
76
351
597
707
430
61
579
556
746
57
333
207
32
303
463
646
84
18
462
316
235
531
652
51
718
302
121
231
217
5
51
312
44
207
324
300
563
15
537
83
9
122
532
532
201
66
297
3
356
472
493
186
231
24
525
24
234
189
57
303
105
26
423
199
445
579
128
406
522
64
276
203
66
195
542
29
173
655
23
241
475
128
77
327
320
115
543
15
327
392
412
79
559
644
299
276
304
401
167
2
139
347
137
361
165
351
383
587
487
0
698
15
396
18
217
181
663
343
579
747
216
747
596
213
368
277
271
45
480
688
202
88
140
329
80
57
713
508
468
29
225
563
4
482
311
291
85
217
596
737
51
699
396
296
221
666
630
704
130
84
585
254
564
667
447
562
188
439
551
567
23
13
313
278
372
525
207
82
90
736
445
666
347
618
320
134
267
284
328
136
82
556
77
31
156
276
347
79
88
131
51
396
291
644
89
52
705
378
360
171
603
1
351
153
2
565
630
274
296
156
68
156
354
325
468
506
315
548
79
267
4
114
199
416
70
725
21
128
526
606
472
154
416
472
144
223
563
135
412
279
144
23
221
70
242
109
313
359
430
75
104
475
214
43
413
241
181
463
474
100
107
314
378
544
293
238
65
512
118
605
208
0
617
616
342
21
278
18
399
460
137
733
236
263
293
302
349
464
674
216
551
422
418
411
294
336
278
497
167
217
126
334
516
209
314
626
437
582
337
368
341
129
701
330
553
106
100
303
532
522
701
15
328
266
316
453
122
403
353
553
516
368
70
746
517
102
571
174
466
674
447
531
567
38
662
615
19
275
669
94
158
361
23
657
468
291
23
607
571
319
516
209
716
300
720
239
146
250
343
39
229
303
110
615
164
437
174
748
604
409
156
497
57
474
161
10
559
741
192
184
256
356
405
227
700
497
193
706
42
356
58
70
374
303
97
84
337
369
84
689
14
686
397
151
513
669
16
475
256
137
251
355
403
191
748
580
70
518
226
396
204
513
649
468
213
2
160
108
85
477
410
563
148
251
708
145
141
725
167
118
561
181
406
569
94
213
527
510
412
406
352
736
9
461
242
208
615
316
6
310
531
67
687
36
